Classic Timing Analyzer report for ledrun
Sat Mar 18 15:45:42 2017
Quartus II Version 9.0 Build 132 02/25/2009 SJ Full Version


---------------------
; Table of Contents ;
---------------------
  1. Legal Notice
  2. Timing Analyzer Summary
  3. Timing Analyzer Settings
  4. Clock Settings Summary
  5. Parallel Compilation
  6. Clock Setup: 'clk'
  7. tco
  8. Timing Analyzer Messages



----------------
; Legal Notice ;
----------------
Copyright (C) 1991-2009 Altera Corporation
Your use of Altera Corporation's design tools, logic functions 
and other software and tools, and its AMPP partner logic 
functions, and any output files from any of the foregoing 
(including device programming or simulation files), and any 
associated documentation or information are expressly subject 
to the terms and conditions of the Altera Program License 
Subscription Agreement, Altera MegaCore Function License 
Agreement, or other applicable license agreement, including, 
without limitation, that your use is for the sole purpose of 
programming logic devices manufactured by Altera and sold by 
Altera or its authorized distributors.  Please refer to the 
applicable agreement for further details.



+----------------------------------------------------------------------------------------------------------------------------------------------------------+
; Timing Analyzer Summary                                                                                                                                  ;
+------------------------------+-------+---------------+----------------------------------+-------------+-----------+------------+----------+--------------+
; Type                         ; Slack ; Required Time ; Actual Time                      ; From        ; To        ; From Clock ; To Clock ; Failed Paths ;
+------------------------------+-------+---------------+----------------------------------+-------------+-----------+------------+----------+--------------+
; Worst-case tco               ; N/A   ; None          ; 8.078 ns                         ; led[0]~reg0 ; led[0]    ; clk        ; --       ; 0            ;
; Clock Setup: 'clk'           ; N/A   ; None          ; 251.51 MHz ( period = 3.976 ns ) ; count[13]   ; count[15] ; clk        ; clk      ; 0            ;
; Total number of failed paths ;       ;               ;                                  ;             ;           ;            ;          ; 0            ;
+------------------------------+-------+---------------+----------------------------------+-------------+-----------+------------+----------+--------------+


+--------------------------------------------------------------------------------------------------------------------+
; Timing Analyzer Settings                                                                                           ;
+---------------------------------------------------------------------+--------------------+------+----+-------------+
; Option                                                              ; Setting            ; From ; To ; Entity Name ;
+---------------------------------------------------------------------+--------------------+------+----+-------------+
; Device Name                                                         ; EP2C35F672C6       ;      ;    ;             ;
; Timing Models                                                       ; Final              ;      ;    ;             ;
; Default hold multicycle                                             ; Same as Multicycle ;      ;    ;             ;
; Cut paths between unrelated clock domains                           ; On                 ;      ;    ;             ;
; Cut off read during write signal paths                              ; On                 ;      ;    ;             ;
; Cut off feedback from I/O pins                                      ; On                 ;      ;    ;             ;
; Report Combined Fast/Slow Timing                                    ; Off                ;      ;    ;             ;
; Ignore Clock Settings                                               ; Off                ;      ;    ;             ;
; Analyze latches as synchronous elements                             ; On                 ;      ;    ;             ;
; Enable Recovery/Removal analysis                                    ; Off                ;      ;    ;             ;
; Enable Clock Latency                                                ; Off                ;      ;    ;             ;
; Use TimeQuest Timing Analyzer                                       ; Off                ;      ;    ;             ;
; Minimum Core Junction Temperature                                   ; 0                  ;      ;    ;             ;
; Maximum Core Junction Temperature                                   ; 85                 ;      ;    ;             ;
; Number of source nodes to report per destination node               ; 10                 ;      ;    ;             ;
; Number of destination nodes to report                               ; 10                 ;      ;    ;             ;
; Number of paths to report                                           ; 200                ;      ;    ;             ;
; Report Minimum Timing Checks                                        ; Off                ;      ;    ;             ;
; Use Fast Timing Models                                              ; Off                ;      ;    ;             ;
; Report IO Paths Separately                                          ; Off                ;      ;    ;             ;
; Perform Multicorner Analysis                                        ; On                 ;      ;    ;             ;
; Reports the worst-case path for each clock domain and analysis      ; Off                ;      ;    ;             ;
; Removes common clock path pessimism (CCPP) during slack computation ; Off                ;      ;    ;             ;
; Output I/O Timing Endpoint                                          ; Near End           ;      ;    ;             ;
+---------------------------------------------------------------------+--------------------+------+----+-------------+


+------------------------------------------------------------------------------------------------------------------------------------------------------------------------------------+
; Clock Settings Summary                                                                                                                                                             ;
+-----------------+--------------------+----------+------------------+---------------+--------------+----------+-----------------------+---------------------+--------+--------------+
; Clock Node Name ; Clock Setting Name ; Type     ; Fmax Requirement ; Early Latency ; Late Latency ; Based on ; Multiply Base Fmax by ; Divide Base Fmax by ; Offset ; Phase offset ;
+-----------------+--------------------+----------+------------------+---------------+--------------+----------+-----------------------+---------------------+--------+--------------+
; clk             ;                    ; User Pin ; None             ; 0.000 ns      ; 0.000 ns     ; --       ; N/A                   ; N/A                 ; N/A    ;              ;
+-----------------+--------------------+----------+------------------+---------------+--------------+----------+-----------------------+---------------------+--------+--------------+


+------------------------------------------+
; Parallel Compilation                     ;
+----------------------------+-------------+
; Processors                 ; Number      ;
+----------------------------+-------------+
; Number detected on machine ; 2           ;
; Maximum allowed            ; 2           ;
;                            ;             ;
; Average used               ; 1.00        ;
; Maximum used               ; 1           ;
;                            ;             ;
; Usage by Processor         ; % Time Used ;
;     1 processor            ; 100.0%      ;
;     2 processors           ;   0.0%      ;
+----------------------------+-------------+


+-------------------------------------------------------------------------------------------------------------------------------------------------------------------------------------------------------------------------------------+
; Clock Setup: 'clk'                                                                                                                                                                                                                  ;
+-----------------------------------------+-----------------------------------------------------+-----------+-------------+------------+----------+-----------------------------+---------------------------+-------------------------+
; Slack                                   ; Actual fmax (period)                                ; From      ; To          ; From Clock ; To Clock ; Required Setup Relationship ; Required Longest P2P Time ; Actual Longest P2P Time ;
+-----------------------------------------+-----------------------------------------------------+-----------+-------------+------------+----------+-----------------------------+---------------------------+-------------------------+
; N/A                                     ; 251.51 MHz ( period = 3.976 ns )                    ; count[13] ; count[24]   ; clk        ; clk      ; None                        ; None                      ; 3.762 ns                ;
; N/A                                     ; 251.51 MHz ( period = 3.976 ns )                    ; count[13] ; count[25]   ; clk        ; clk      ; None                        ; None                      ; 3.762 ns                ;
; N/A                                     ; 251.51 MHz ( period = 3.976 ns )                    ; count[13] ; count[23]   ; clk        ; clk      ; None                        ; None                      ; 3.762 ns                ;
; N/A                                     ; 251.51 MHz ( period = 3.976 ns )                    ; count[13] ; count[19]   ; clk        ; clk      ; None                        ; None                      ; 3.762 ns                ;
; N/A                                     ; 251.51 MHz ( period = 3.976 ns )                    ; count[13] ; count[17]   ; clk        ; clk      ; None                        ; None                      ; 3.762 ns                ;
; N/A                                     ; 251.51 MHz ( period = 3.976 ns )                    ; count[13] ; count[18]   ; clk        ; clk      ; None                        ; None                      ; 3.762 ns                ;
; N/A                                     ; 251.51 MHz ( period = 3.976 ns )                    ; count[13] ; count[20]   ; clk        ; clk      ; None                        ; None                      ; 3.762 ns                ;
; N/A                                     ; 251.51 MHz ( period = 3.976 ns )                    ; count[13] ; count[16]   ; clk        ; clk      ; None                        ; None                      ; 3.762 ns                ;
; N/A                                     ; 251.51 MHz ( period = 3.976 ns )                    ; count[13] ; count[22]   ; clk        ; clk      ; None                        ; None                      ; 3.762 ns                ;
; N/A                                     ; 251.51 MHz ( period = 3.976 ns )                    ; count[13] ; count[21]   ; clk        ; clk      ; None                        ; None                      ; 3.762 ns                ;
; N/A                                     ; 251.51 MHz ( period = 3.976 ns )                    ; count[13] ; count[13]   ; clk        ; clk      ; None                        ; None                      ; 3.762 ns                ;
; N/A                                     ; 251.51 MHz ( period = 3.976 ns )                    ; count[13] ; count[14]   ; clk        ; clk      ; None                        ; None                      ; 3.762 ns                ;
; N/A                                     ; 251.51 MHz ( period = 3.976 ns )                    ; count[13] ; count[15]   ; clk        ; clk      ; None                        ; None                      ; 3.762 ns                ;
; N/A                                     ; 257.73 MHz ( period = 3.880 ns )                    ; count[14] ; count[24]   ; clk        ; clk      ; None                        ; None                      ; 3.666 ns                ;
; N/A                                     ; 257.73 MHz ( period = 3.880 ns )                    ; count[14] ; count[25]   ; clk        ; clk      ; None                        ; None                      ; 3.666 ns                ;
; N/A                                     ; 257.73 MHz ( period = 3.880 ns )                    ; count[14] ; count[23]   ; clk        ; clk      ; None                        ; None                      ; 3.666 ns                ;
; N/A                                     ; 257.73 MHz ( period = 3.880 ns )                    ; count[14] ; count[19]   ; clk        ; clk      ; None                        ; None                      ; 3.666 ns                ;
; N/A                                     ; 257.73 MHz ( period = 3.880 ns )                    ; count[14] ; count[17]   ; clk        ; clk      ; None                        ; None                      ; 3.666 ns                ;
; N/A                                     ; 257.73 MHz ( period = 3.880 ns )                    ; count[14] ; count[18]   ; clk        ; clk      ; None                        ; None                      ; 3.666 ns                ;
; N/A                                     ; 257.73 MHz ( period = 3.880 ns )                    ; count[14] ; count[20]   ; clk        ; clk      ; None                        ; None                      ; 3.666 ns                ;
; N/A                                     ; 257.73 MHz ( period = 3.880 ns )                    ; count[14] ; count[16]   ; clk        ; clk      ; None                        ; None                      ; 3.666 ns                ;
; N/A                                     ; 257.73 MHz ( period = 3.880 ns )                    ; count[14] ; count[22]   ; clk        ; clk      ; None                        ; None                      ; 3.666 ns                ;
; N/A                                     ; 257.73 MHz ( period = 3.880 ns )                    ; count[14] ; count[21]   ; clk        ; clk      ; None                        ; None                      ; 3.666 ns                ;
; N/A                                     ; 257.73 MHz ( period = 3.880 ns )                    ; count[14] ; count[13]   ; clk        ; clk      ; None                        ; None                      ; 3.666 ns                ;
; N/A                                     ; 257.73 MHz ( period = 3.880 ns )                    ; count[14] ; count[14]   ; clk        ; clk      ; None                        ; None                      ; 3.666 ns                ;
; N/A                                     ; 257.73 MHz ( period = 3.880 ns )                    ; count[14] ; count[15]   ; clk        ; clk      ; None                        ; None                      ; 3.666 ns                ;
; N/A                                     ; 258.13 MHz ( period = 3.874 ns )                    ; count[0]  ; count[24]   ; clk        ; clk      ; None                        ; None                      ; 3.665 ns                ;
; N/A                                     ; 258.13 MHz ( period = 3.874 ns )                    ; count[0]  ; count[25]   ; clk        ; clk      ; None                        ; None                      ; 3.665 ns                ;
; N/A                                     ; 258.13 MHz ( period = 3.874 ns )                    ; count[0]  ; count[23]   ; clk        ; clk      ; None                        ; None                      ; 3.665 ns                ;
; N/A                                     ; 258.13 MHz ( period = 3.874 ns )                    ; count[0]  ; count[19]   ; clk        ; clk      ; None                        ; None                      ; 3.665 ns                ;
; N/A                                     ; 258.13 MHz ( period = 3.874 ns )                    ; count[0]  ; count[17]   ; clk        ; clk      ; None                        ; None                      ; 3.665 ns                ;
; N/A                                     ; 258.13 MHz ( period = 3.874 ns )                    ; count[0]  ; count[18]   ; clk        ; clk      ; None                        ; None                      ; 3.665 ns                ;
; N/A                                     ; 258.13 MHz ( period = 3.874 ns )                    ; count[0]  ; count[20]   ; clk        ; clk      ; None                        ; None                      ; 3.665 ns                ;
; N/A                                     ; 258.13 MHz ( period = 3.874 ns )                    ; count[0]  ; count[16]   ; clk        ; clk      ; None                        ; None                      ; 3.665 ns                ;
; N/A                                     ; 258.13 MHz ( period = 3.874 ns )                    ; count[0]  ; count[22]   ; clk        ; clk      ; None                        ; None                      ; 3.665 ns                ;
; N/A                                     ; 258.13 MHz ( period = 3.874 ns )                    ; count[0]  ; count[21]   ; clk        ; clk      ; None                        ; None                      ; 3.665 ns                ;
; N/A                                     ; 258.13 MHz ( period = 3.874 ns )                    ; count[0]  ; count[13]   ; clk        ; clk      ; None                        ; None                      ; 3.665 ns                ;
; N/A                                     ; 258.13 MHz ( period = 3.874 ns )                    ; count[0]  ; count[14]   ; clk        ; clk      ; None                        ; None                      ; 3.665 ns                ;
; N/A                                     ; 258.13 MHz ( period = 3.874 ns )                    ; count[0]  ; count[15]   ; clk        ; clk      ; None                        ; None                      ; 3.665 ns                ;
; N/A                                     ; 260.01 MHz ( period = 3.846 ns )                    ; count[1]  ; count[24]   ; clk        ; clk      ; None                        ; None                      ; 3.637 ns                ;
; N/A                                     ; 260.01 MHz ( period = 3.846 ns )                    ; count[1]  ; count[25]   ; clk        ; clk      ; None                        ; None                      ; 3.637 ns                ;
; N/A                                     ; 260.01 MHz ( period = 3.846 ns )                    ; count[1]  ; count[23]   ; clk        ; clk      ; None                        ; None                      ; 3.637 ns                ;
; N/A                                     ; 260.01 MHz ( period = 3.846 ns )                    ; count[1]  ; count[19]   ; clk        ; clk      ; None                        ; None                      ; 3.637 ns                ;
; N/A                                     ; 260.01 MHz ( period = 3.846 ns )                    ; count[1]  ; count[17]   ; clk        ; clk      ; None                        ; None                      ; 3.637 ns                ;
; N/A                                     ; 260.01 MHz ( period = 3.846 ns )                    ; count[1]  ; count[18]   ; clk        ; clk      ; None                        ; None                      ; 3.637 ns                ;
; N/A                                     ; 260.01 MHz ( period = 3.846 ns )                    ; count[1]  ; count[20]   ; clk        ; clk      ; None                        ; None                      ; 3.637 ns                ;
; N/A                                     ; 260.01 MHz ( period = 3.846 ns )                    ; count[1]  ; count[16]   ; clk        ; clk      ; None                        ; None                      ; 3.637 ns                ;
; N/A                                     ; 260.01 MHz ( period = 3.846 ns )                    ; count[1]  ; count[22]   ; clk        ; clk      ; None                        ; None                      ; 3.637 ns                ;
; N/A                                     ; 260.01 MHz ( period = 3.846 ns )                    ; count[1]  ; count[21]   ; clk        ; clk      ; None                        ; None                      ; 3.637 ns                ;
; N/A                                     ; 260.01 MHz ( period = 3.846 ns )                    ; count[1]  ; count[13]   ; clk        ; clk      ; None                        ; None                      ; 3.637 ns                ;
; N/A                                     ; 260.01 MHz ( period = 3.846 ns )                    ; count[1]  ; count[14]   ; clk        ; clk      ; None                        ; None                      ; 3.637 ns                ;
; N/A                                     ; 260.01 MHz ( period = 3.846 ns )                    ; count[1]  ; count[15]   ; clk        ; clk      ; None                        ; None                      ; 3.637 ns                ;
; N/A                                     ; 263.92 MHz ( period = 3.789 ns )                    ; count[13] ; count[7]    ; clk        ; clk      ; None                        ; None                      ; 3.570 ns                ;
; N/A                                     ; 263.92 MHz ( period = 3.789 ns )                    ; count[13] ; count[12]   ; clk        ; clk      ; None                        ; None                      ; 3.570 ns                ;
; N/A                                     ; 263.92 MHz ( period = 3.789 ns )                    ; count[13] ; count[10]   ; clk        ; clk      ; None                        ; None                      ; 3.570 ns                ;
; N/A                                     ; 263.92 MHz ( period = 3.789 ns )                    ; count[13] ; count[8]    ; clk        ; clk      ; None                        ; None                      ; 3.570 ns                ;
; N/A                                     ; 263.92 MHz ( period = 3.789 ns )                    ; count[13] ; count[11]   ; clk        ; clk      ; None                        ; None                      ; 3.570 ns                ;
; N/A                                     ; 263.92 MHz ( period = 3.789 ns )                    ; count[13] ; count[9]    ; clk        ; clk      ; None                        ; None                      ; 3.570 ns                ;
; N/A                                     ; 263.92 MHz ( period = 3.789 ns )                    ; count[13] ; count[5]    ; clk        ; clk      ; None                        ; None                      ; 3.570 ns                ;
; N/A                                     ; 263.92 MHz ( period = 3.789 ns )                    ; count[13] ; count[6]    ; clk        ; clk      ; None                        ; None                      ; 3.570 ns                ;
; N/A                                     ; 263.92 MHz ( period = 3.789 ns )                    ; count[13] ; count[4]    ; clk        ; clk      ; None                        ; None                      ; 3.570 ns                ;
; N/A                                     ; 263.92 MHz ( period = 3.789 ns )                    ; count[13] ; count[0]    ; clk        ; clk      ; None                        ; None                      ; 3.570 ns                ;
; N/A                                     ; 263.92 MHz ( period = 3.789 ns )                    ; count[13] ; count[1]    ; clk        ; clk      ; None                        ; None                      ; 3.570 ns                ;
; N/A                                     ; 263.92 MHz ( period = 3.789 ns )                    ; count[13] ; count[2]    ; clk        ; clk      ; None                        ; None                      ; 3.570 ns                ;
; N/A                                     ; 263.92 MHz ( period = 3.789 ns )                    ; count[13] ; count[3]    ; clk        ; clk      ; None                        ; None                      ; 3.570 ns                ;
; N/A                                     ; 264.20 MHz ( period = 3.785 ns )                    ; count[3]  ; count[24]   ; clk        ; clk      ; None                        ; None                      ; 3.576 ns                ;
; N/A                                     ; 264.20 MHz ( period = 3.785 ns )                    ; count[3]  ; count[25]   ; clk        ; clk      ; None                        ; None                      ; 3.576 ns                ;
; N/A                                     ; 264.20 MHz ( period = 3.785 ns )                    ; count[3]  ; count[23]   ; clk        ; clk      ; None                        ; None                      ; 3.576 ns                ;
; N/A                                     ; 264.20 MHz ( period = 3.785 ns )                    ; count[3]  ; count[19]   ; clk        ; clk      ; None                        ; None                      ; 3.576 ns                ;
; N/A                                     ; 264.20 MHz ( period = 3.785 ns )                    ; count[3]  ; count[17]   ; clk        ; clk      ; None                        ; None                      ; 3.576 ns                ;
; N/A                                     ; 264.20 MHz ( period = 3.785 ns )                    ; count[3]  ; count[18]   ; clk        ; clk      ; None                        ; None                      ; 3.576 ns                ;
; N/A                                     ; 264.20 MHz ( period = 3.785 ns )                    ; count[3]  ; count[20]   ; clk        ; clk      ; None                        ; None                      ; 3.576 ns                ;
; N/A                                     ; 264.20 MHz ( period = 3.785 ns )                    ; count[3]  ; count[16]   ; clk        ; clk      ; None                        ; None                      ; 3.576 ns                ;
; N/A                                     ; 264.20 MHz ( period = 3.785 ns )                    ; count[3]  ; count[22]   ; clk        ; clk      ; None                        ; None                      ; 3.576 ns                ;
; N/A                                     ; 264.20 MHz ( period = 3.785 ns )                    ; count[3]  ; count[21]   ; clk        ; clk      ; None                        ; None                      ; 3.576 ns                ;
; N/A                                     ; 264.20 MHz ( period = 3.785 ns )                    ; count[3]  ; count[13]   ; clk        ; clk      ; None                        ; None                      ; 3.576 ns                ;
; N/A                                     ; 264.20 MHz ( period = 3.785 ns )                    ; count[3]  ; count[14]   ; clk        ; clk      ; None                        ; None                      ; 3.576 ns                ;
; N/A                                     ; 264.20 MHz ( period = 3.785 ns )                    ; count[3]  ; count[15]   ; clk        ; clk      ; None                        ; None                      ; 3.576 ns                ;
; N/A                                     ; 266.17 MHz ( period = 3.757 ns )                    ; count[13] ; state.s3    ; clk        ; clk      ; None                        ; None                      ; 3.538 ns                ;
; N/A                                     ; 266.17 MHz ( period = 3.757 ns )                    ; count[13] ; state.s2    ; clk        ; clk      ; None                        ; None                      ; 3.538 ns                ;
; N/A                                     ; 266.17 MHz ( period = 3.757 ns )                    ; count[13] ; state.s1    ; clk        ; clk      ; None                        ; None                      ; 3.538 ns                ;
; N/A                                     ; 266.17 MHz ( period = 3.757 ns )                    ; count[13] ; state.s0    ; clk        ; clk      ; None                        ; None                      ; 3.538 ns                ;
; N/A                                     ; 266.24 MHz ( period = 3.756 ns )                    ; count[13] ; led[0]~reg0 ; clk        ; clk      ; None                        ; None                      ; 3.537 ns                ;
; N/A                                     ; 266.24 MHz ( period = 3.756 ns )                    ; count[13] ; led[1]~reg0 ; clk        ; clk      ; None                        ; None                      ; 3.537 ns                ;
; N/A                                     ; 266.24 MHz ( period = 3.756 ns )                    ; count[13] ; led[2]~reg0 ; clk        ; clk      ; None                        ; None                      ; 3.537 ns                ;
; N/A                                     ; 266.24 MHz ( period = 3.756 ns )                    ; count[13] ; led[3]~reg0 ; clk        ; clk      ; None                        ; None                      ; 3.537 ns                ;
; N/A                                     ; 267.59 MHz ( period = 3.737 ns )                    ; count[15] ; count[24]   ; clk        ; clk      ; None                        ; None                      ; 3.523 ns                ;
; N/A                                     ; 267.59 MHz ( period = 3.737 ns )                    ; count[15] ; count[25]   ; clk        ; clk      ; None                        ; None                      ; 3.523 ns                ;
; N/A                                     ; 267.59 MHz ( period = 3.737 ns )                    ; count[15] ; count[23]   ; clk        ; clk      ; None                        ; None                      ; 3.523 ns                ;
; N/A                                     ; 267.59 MHz ( period = 3.737 ns )                    ; count[15] ; count[19]   ; clk        ; clk      ; None                        ; None                      ; 3.523 ns                ;
; N/A                                     ; 267.59 MHz ( period = 3.737 ns )                    ; count[15] ; count[17]   ; clk        ; clk      ; None                        ; None                      ; 3.523 ns                ;
; N/A                                     ; 267.59 MHz ( period = 3.737 ns )                    ; count[15] ; count[18]   ; clk        ; clk      ; None                        ; None                      ; 3.523 ns                ;
; N/A                                     ; 267.59 MHz ( period = 3.737 ns )                    ; count[15] ; count[20]   ; clk        ; clk      ; None                        ; None                      ; 3.523 ns                ;
; N/A                                     ; 267.59 MHz ( period = 3.737 ns )                    ; count[15] ; count[16]   ; clk        ; clk      ; None                        ; None                      ; 3.523 ns                ;
; N/A                                     ; 267.59 MHz ( period = 3.737 ns )                    ; count[15] ; count[22]   ; clk        ; clk      ; None                        ; None                      ; 3.523 ns                ;
; N/A                                     ; 267.59 MHz ( period = 3.737 ns )                    ; count[15] ; count[21]   ; clk        ; clk      ; None                        ; None                      ; 3.523 ns                ;
; N/A                                     ; 267.59 MHz ( period = 3.737 ns )                    ; count[15] ; count[13]   ; clk        ; clk      ; None                        ; None                      ; 3.523 ns                ;
; N/A                                     ; 267.59 MHz ( period = 3.737 ns )                    ; count[15] ; count[14]   ; clk        ; clk      ; None                        ; None                      ; 3.523 ns                ;
; N/A                                     ; 267.59 MHz ( period = 3.737 ns )                    ; count[15] ; count[15]   ; clk        ; clk      ; None                        ; None                      ; 3.523 ns                ;
; N/A                                     ; 269.98 MHz ( period = 3.704 ns )                    ; count[2]  ; count[24]   ; clk        ; clk      ; None                        ; None                      ; 3.495 ns                ;
; N/A                                     ; 269.98 MHz ( period = 3.704 ns )                    ; count[2]  ; count[25]   ; clk        ; clk      ; None                        ; None                      ; 3.495 ns                ;
; N/A                                     ; 269.98 MHz ( period = 3.704 ns )                    ; count[2]  ; count[23]   ; clk        ; clk      ; None                        ; None                      ; 3.495 ns                ;
; N/A                                     ; 269.98 MHz ( period = 3.704 ns )                    ; count[2]  ; count[19]   ; clk        ; clk      ; None                        ; None                      ; 3.495 ns                ;
; N/A                                     ; 269.98 MHz ( period = 3.704 ns )                    ; count[2]  ; count[17]   ; clk        ; clk      ; None                        ; None                      ; 3.495 ns                ;
; N/A                                     ; 269.98 MHz ( period = 3.704 ns )                    ; count[2]  ; count[18]   ; clk        ; clk      ; None                        ; None                      ; 3.495 ns                ;
; N/A                                     ; 269.98 MHz ( period = 3.704 ns )                    ; count[2]  ; count[20]   ; clk        ; clk      ; None                        ; None                      ; 3.495 ns                ;
; N/A                                     ; 269.98 MHz ( period = 3.704 ns )                    ; count[2]  ; count[16]   ; clk        ; clk      ; None                        ; None                      ; 3.495 ns                ;
; N/A                                     ; 269.98 MHz ( period = 3.704 ns )                    ; count[2]  ; count[22]   ; clk        ; clk      ; None                        ; None                      ; 3.495 ns                ;
; N/A                                     ; 269.98 MHz ( period = 3.704 ns )                    ; count[2]  ; count[21]   ; clk        ; clk      ; None                        ; None                      ; 3.495 ns                ;
; N/A                                     ; 269.98 MHz ( period = 3.704 ns )                    ; count[2]  ; count[13]   ; clk        ; clk      ; None                        ; None                      ; 3.495 ns                ;
; N/A                                     ; 269.98 MHz ( period = 3.704 ns )                    ; count[2]  ; count[14]   ; clk        ; clk      ; None                        ; None                      ; 3.495 ns                ;
; N/A                                     ; 269.98 MHz ( period = 3.704 ns )                    ; count[2]  ; count[15]   ; clk        ; clk      ; None                        ; None                      ; 3.495 ns                ;
; N/A                                     ; 270.27 MHz ( period = 3.700 ns )                    ; count[21] ; count[24]   ; clk        ; clk      ; None                        ; None                      ; 3.486 ns                ;
; N/A                                     ; 270.27 MHz ( period = 3.700 ns )                    ; count[21] ; count[25]   ; clk        ; clk      ; None                        ; None                      ; 3.486 ns                ;
; N/A                                     ; 270.27 MHz ( period = 3.700 ns )                    ; count[21] ; count[23]   ; clk        ; clk      ; None                        ; None                      ; 3.486 ns                ;
; N/A                                     ; 270.27 MHz ( period = 3.700 ns )                    ; count[21] ; count[19]   ; clk        ; clk      ; None                        ; None                      ; 3.486 ns                ;
; N/A                                     ; 270.27 MHz ( period = 3.700 ns )                    ; count[21] ; count[17]   ; clk        ; clk      ; None                        ; None                      ; 3.486 ns                ;
; N/A                                     ; 270.27 MHz ( period = 3.700 ns )                    ; count[21] ; count[18]   ; clk        ; clk      ; None                        ; None                      ; 3.486 ns                ;
; N/A                                     ; 270.27 MHz ( period = 3.700 ns )                    ; count[21] ; count[20]   ; clk        ; clk      ; None                        ; None                      ; 3.486 ns                ;
; N/A                                     ; 270.27 MHz ( period = 3.700 ns )                    ; count[21] ; count[16]   ; clk        ; clk      ; None                        ; None                      ; 3.486 ns                ;
; N/A                                     ; 270.27 MHz ( period = 3.700 ns )                    ; count[21] ; count[22]   ; clk        ; clk      ; None                        ; None                      ; 3.486 ns                ;
; N/A                                     ; 270.27 MHz ( period = 3.700 ns )                    ; count[21] ; count[21]   ; clk        ; clk      ; None                        ; None                      ; 3.486 ns                ;
; N/A                                     ; 270.27 MHz ( period = 3.700 ns )                    ; count[21] ; count[13]   ; clk        ; clk      ; None                        ; None                      ; 3.486 ns                ;
; N/A                                     ; 270.27 MHz ( period = 3.700 ns )                    ; count[21] ; count[14]   ; clk        ; clk      ; None                        ; None                      ; 3.486 ns                ;
; N/A                                     ; 270.27 MHz ( period = 3.700 ns )                    ; count[21] ; count[15]   ; clk        ; clk      ; None                        ; None                      ; 3.486 ns                ;
; N/A                                     ; 270.78 MHz ( period = 3.693 ns )                    ; count[14] ; count[7]    ; clk        ; clk      ; None                        ; None                      ; 3.474 ns                ;
; N/A                                     ; 270.78 MHz ( period = 3.693 ns )                    ; count[14] ; count[12]   ; clk        ; clk      ; None                        ; None                      ; 3.474 ns                ;
; N/A                                     ; 270.78 MHz ( period = 3.693 ns )                    ; count[14] ; count[10]   ; clk        ; clk      ; None                        ; None                      ; 3.474 ns                ;
; N/A                                     ; 270.78 MHz ( period = 3.693 ns )                    ; count[14] ; count[8]    ; clk        ; clk      ; None                        ; None                      ; 3.474 ns                ;
; N/A                                     ; 270.78 MHz ( period = 3.693 ns )                    ; count[14] ; count[11]   ; clk        ; clk      ; None                        ; None                      ; 3.474 ns                ;
; N/A                                     ; 270.78 MHz ( period = 3.693 ns )                    ; count[14] ; count[9]    ; clk        ; clk      ; None                        ; None                      ; 3.474 ns                ;
; N/A                                     ; 270.78 MHz ( period = 3.693 ns )                    ; count[14] ; count[5]    ; clk        ; clk      ; None                        ; None                      ; 3.474 ns                ;
; N/A                                     ; 270.78 MHz ( period = 3.693 ns )                    ; count[14] ; count[6]    ; clk        ; clk      ; None                        ; None                      ; 3.474 ns                ;
; N/A                                     ; 270.78 MHz ( period = 3.693 ns )                    ; count[14] ; count[4]    ; clk        ; clk      ; None                        ; None                      ; 3.474 ns                ;
; N/A                                     ; 270.78 MHz ( period = 3.693 ns )                    ; count[14] ; count[0]    ; clk        ; clk      ; None                        ; None                      ; 3.474 ns                ;
; N/A                                     ; 270.78 MHz ( period = 3.693 ns )                    ; count[14] ; count[1]    ; clk        ; clk      ; None                        ; None                      ; 3.474 ns                ;
; N/A                                     ; 270.78 MHz ( period = 3.693 ns )                    ; count[14] ; count[2]    ; clk        ; clk      ; None                        ; None                      ; 3.474 ns                ;
; N/A                                     ; 270.78 MHz ( period = 3.693 ns )                    ; count[14] ; count[3]    ; clk        ; clk      ; None                        ; None                      ; 3.474 ns                ;
; N/A                                     ; 270.86 MHz ( period = 3.692 ns )                    ; count[12] ; count[24]   ; clk        ; clk      ; None                        ; None                      ; 3.483 ns                ;
; N/A                                     ; 270.86 MHz ( period = 3.692 ns )                    ; count[12] ; count[25]   ; clk        ; clk      ; None                        ; None                      ; 3.483 ns                ;
; N/A                                     ; 270.86 MHz ( period = 3.692 ns )                    ; count[12] ; count[23]   ; clk        ; clk      ; None                        ; None                      ; 3.483 ns                ;
; N/A                                     ; 270.86 MHz ( period = 3.692 ns )                    ; count[12] ; count[19]   ; clk        ; clk      ; None                        ; None                      ; 3.483 ns                ;
; N/A                                     ; 270.86 MHz ( period = 3.692 ns )                    ; count[12] ; count[17]   ; clk        ; clk      ; None                        ; None                      ; 3.483 ns                ;
; N/A                                     ; 270.86 MHz ( period = 3.692 ns )                    ; count[12] ; count[18]   ; clk        ; clk      ; None                        ; None                      ; 3.483 ns                ;
; N/A                                     ; 270.86 MHz ( period = 3.692 ns )                    ; count[12] ; count[20]   ; clk        ; clk      ; None                        ; None                      ; 3.483 ns                ;
; N/A                                     ; 270.86 MHz ( period = 3.692 ns )                    ; count[12] ; count[16]   ; clk        ; clk      ; None                        ; None                      ; 3.483 ns                ;
; N/A                                     ; 270.86 MHz ( period = 3.692 ns )                    ; count[12] ; count[22]   ; clk        ; clk      ; None                        ; None                      ; 3.483 ns                ;
; N/A                                     ; 270.86 MHz ( period = 3.692 ns )                    ; count[12] ; count[21]   ; clk        ; clk      ; None                        ; None                      ; 3.483 ns                ;
; N/A                                     ; 270.86 MHz ( period = 3.692 ns )                    ; count[12] ; count[13]   ; clk        ; clk      ; None                        ; None                      ; 3.483 ns                ;
; N/A                                     ; 270.86 MHz ( period = 3.692 ns )                    ; count[12] ; count[14]   ; clk        ; clk      ; None                        ; None                      ; 3.483 ns                ;
; N/A                                     ; 270.86 MHz ( period = 3.692 ns )                    ; count[12] ; count[15]   ; clk        ; clk      ; None                        ; None                      ; 3.483 ns                ;
; N/A                                     ; 271.22 MHz ( period = 3.687 ns )                    ; count[0]  ; count[7]    ; clk        ; clk      ; None                        ; None                      ; 3.473 ns                ;
; N/A                                     ; 271.22 MHz ( period = 3.687 ns )                    ; count[0]  ; count[12]   ; clk        ; clk      ; None                        ; None                      ; 3.473 ns                ;
; N/A                                     ; 271.22 MHz ( period = 3.687 ns )                    ; count[0]  ; count[10]   ; clk        ; clk      ; None                        ; None                      ; 3.473 ns                ;
; N/A                                     ; 271.22 MHz ( period = 3.687 ns )                    ; count[0]  ; count[8]    ; clk        ; clk      ; None                        ; None                      ; 3.473 ns                ;
; N/A                                     ; 271.22 MHz ( period = 3.687 ns )                    ; count[0]  ; count[11]   ; clk        ; clk      ; None                        ; None                      ; 3.473 ns                ;
; N/A                                     ; 271.22 MHz ( period = 3.687 ns )                    ; count[0]  ; count[9]    ; clk        ; clk      ; None                        ; None                      ; 3.473 ns                ;
; N/A                                     ; 271.22 MHz ( period = 3.687 ns )                    ; count[0]  ; count[5]    ; clk        ; clk      ; None                        ; None                      ; 3.473 ns                ;
; N/A                                     ; 271.22 MHz ( period = 3.687 ns )                    ; count[0]  ; count[6]    ; clk        ; clk      ; None                        ; None                      ; 3.473 ns                ;
; N/A                                     ; 271.22 MHz ( period = 3.687 ns )                    ; count[0]  ; count[4]    ; clk        ; clk      ; None                        ; None                      ; 3.473 ns                ;
; N/A                                     ; 271.22 MHz ( period = 3.687 ns )                    ; count[0]  ; count[0]    ; clk        ; clk      ; None                        ; None                      ; 3.473 ns                ;
; N/A                                     ; 271.22 MHz ( period = 3.687 ns )                    ; count[0]  ; count[1]    ; clk        ; clk      ; None                        ; None                      ; 3.473 ns                ;
; N/A                                     ; 271.22 MHz ( period = 3.687 ns )                    ; count[0]  ; count[2]    ; clk        ; clk      ; None                        ; None                      ; 3.473 ns                ;
; N/A                                     ; 271.22 MHz ( period = 3.687 ns )                    ; count[0]  ; count[3]    ; clk        ; clk      ; None                        ; None                      ; 3.473 ns                ;
; N/A                                     ; 271.44 MHz ( period = 3.684 ns )                    ; count[11] ; count[24]   ; clk        ; clk      ; None                        ; None                      ; 3.475 ns                ;
; N/A                                     ; 271.44 MHz ( period = 3.684 ns )                    ; count[11] ; count[25]   ; clk        ; clk      ; None                        ; None                      ; 3.475 ns                ;
; N/A                                     ; 271.44 MHz ( period = 3.684 ns )                    ; count[11] ; count[23]   ; clk        ; clk      ; None                        ; None                      ; 3.475 ns                ;
; N/A                                     ; 271.44 MHz ( period = 3.684 ns )                    ; count[11] ; count[19]   ; clk        ; clk      ; None                        ; None                      ; 3.475 ns                ;
; N/A                                     ; 271.44 MHz ( period = 3.684 ns )                    ; count[11] ; count[17]   ; clk        ; clk      ; None                        ; None                      ; 3.475 ns                ;
; N/A                                     ; 271.44 MHz ( period = 3.684 ns )                    ; count[11] ; count[18]   ; clk        ; clk      ; None                        ; None                      ; 3.475 ns                ;
; N/A                                     ; 271.44 MHz ( period = 3.684 ns )                    ; count[11] ; count[20]   ; clk        ; clk      ; None                        ; None                      ; 3.475 ns                ;
; N/A                                     ; 271.44 MHz ( period = 3.684 ns )                    ; count[11] ; count[16]   ; clk        ; clk      ; None                        ; None                      ; 3.475 ns                ;
; N/A                                     ; 271.44 MHz ( period = 3.684 ns )                    ; count[11] ; count[22]   ; clk        ; clk      ; None                        ; None                      ; 3.475 ns                ;
; N/A                                     ; 271.44 MHz ( period = 3.684 ns )                    ; count[11] ; count[21]   ; clk        ; clk      ; None                        ; None                      ; 3.475 ns                ;
; N/A                                     ; 271.44 MHz ( period = 3.684 ns )                    ; count[11] ; count[13]   ; clk        ; clk      ; None                        ; None                      ; 3.475 ns                ;
; N/A                                     ; 271.44 MHz ( period = 3.684 ns )                    ; count[11] ; count[14]   ; clk        ; clk      ; None                        ; None                      ; 3.475 ns                ;
; N/A                                     ; 271.44 MHz ( period = 3.684 ns )                    ; count[11] ; count[15]   ; clk        ; clk      ; None                        ; None                      ; 3.475 ns                ;
; N/A                                     ; 273.15 MHz ( period = 3.661 ns )                    ; count[14] ; state.s3    ; clk        ; clk      ; None                        ; None                      ; 3.442 ns                ;
; N/A                                     ; 273.15 MHz ( period = 3.661 ns )                    ; count[14] ; state.s2    ; clk        ; clk      ; None                        ; None                      ; 3.442 ns                ;
; N/A                                     ; 273.15 MHz ( period = 3.661 ns )                    ; count[14] ; state.s1    ; clk        ; clk      ; None                        ; None                      ; 3.442 ns                ;
; N/A                                     ; 273.15 MHz ( period = 3.661 ns )                    ; count[14] ; state.s0    ; clk        ; clk      ; None                        ; None                      ; 3.442 ns                ;
; N/A                                     ; 273.22 MHz ( period = 3.660 ns )                    ; count[14] ; led[0]~reg0 ; clk        ; clk      ; None                        ; None                      ; 3.441 ns                ;
; N/A                                     ; 273.22 MHz ( period = 3.660 ns )                    ; count[14] ; led[1]~reg0 ; clk        ; clk      ; None                        ; None                      ; 3.441 ns                ;
; N/A                                     ; 273.22 MHz ( period = 3.660 ns )                    ; count[14] ; led[2]~reg0 ; clk        ; clk      ; None                        ; None                      ; 3.441 ns                ;
; N/A                                     ; 273.22 MHz ( period = 3.660 ns )                    ; count[14] ; led[3]~reg0 ; clk        ; clk      ; None                        ; None                      ; 3.441 ns                ;
; N/A                                     ; 273.30 MHz ( period = 3.659 ns )                    ; count[1]  ; count[7]    ; clk        ; clk      ; None                        ; None                      ; 3.445 ns                ;
; N/A                                     ; 273.30 MHz ( period = 3.659 ns )                    ; count[1]  ; count[12]   ; clk        ; clk      ; None                        ; None                      ; 3.445 ns                ;
; N/A                                     ; 273.30 MHz ( period = 3.659 ns )                    ; count[1]  ; count[10]   ; clk        ; clk      ; None                        ; None                      ; 3.445 ns                ;
; N/A                                     ; 273.30 MHz ( period = 3.659 ns )                    ; count[1]  ; count[8]    ; clk        ; clk      ; None                        ; None                      ; 3.445 ns                ;
; N/A                                     ; 273.30 MHz ( period = 3.659 ns )                    ; count[1]  ; count[11]   ; clk        ; clk      ; None                        ; None                      ; 3.445 ns                ;
; N/A                                     ; 273.30 MHz ( period = 3.659 ns )                    ; count[1]  ; count[9]    ; clk        ; clk      ; None                        ; None                      ; 3.445 ns                ;
; N/A                                     ; 273.30 MHz ( period = 3.659 ns )                    ; count[1]  ; count[5]    ; clk        ; clk      ; None                        ; None                      ; 3.445 ns                ;
; N/A                                     ; 273.30 MHz ( period = 3.659 ns )                    ; count[1]  ; count[6]    ; clk        ; clk      ; None                        ; None                      ; 3.445 ns                ;
; N/A                                     ; 273.30 MHz ( period = 3.659 ns )                    ; count[1]  ; count[4]    ; clk        ; clk      ; None                        ; None                      ; 3.445 ns                ;
; N/A                                     ; 273.30 MHz ( period = 3.659 ns )                    ; count[1]  ; count[0]    ; clk        ; clk      ; None                        ; None                      ; 3.445 ns                ;
; N/A                                     ; 273.30 MHz ( period = 3.659 ns )                    ; count[1]  ; count[1]    ; clk        ; clk      ; None                        ; None                      ; 3.445 ns                ;
; N/A                                     ; 273.30 MHz ( period = 3.659 ns )                    ; count[1]  ; count[2]    ; clk        ; clk      ; None                        ; None                      ; 3.445 ns                ;
; N/A                                     ; 273.30 MHz ( period = 3.659 ns )                    ; count[1]  ; count[3]    ; clk        ; clk      ; None                        ; None                      ; 3.445 ns                ;
; N/A                                     ; 273.60 MHz ( period = 3.655 ns )                    ; count[0]  ; state.s2    ; clk        ; clk      ; None                        ; None                      ; 3.441 ns                ;
; N/A                                     ; 273.60 MHz ( period = 3.655 ns )                    ; count[0]  ; state.s1    ; clk        ; clk      ; None                        ; None                      ; 3.441 ns                ;
; Timing analysis restricted to 200 rows. ; To change the limit use Settings (Assignments menu) ;           ;             ;            ;          ;                             ;                           ;                         ;
+-----------------------------------------+-----------------------------------------------------+-----------+-------------+------------+----------+-----------------------------+---------------------------+-------------------------+


+-----------------------------------------------------------------------+
; tco                                                                   ;
+-------+--------------+------------+-------------+--------+------------+
; Slack ; Required tco ; Actual tco ; From        ; To     ; From Clock ;
+-------+--------------+------------+-------------+--------+------------+
; N/A   ; None         ; 8.078 ns   ; led[0]~reg0 ; led[0] ; clk        ;
; N/A   ; None         ; 8.041 ns   ; led[3]~reg0 ; led[3] ; clk        ;
; N/A   ; None         ; 8.034 ns   ; led[1]~reg0 ; led[1] ; clk        ;
; N/A   ; None         ; 7.979 ns   ; led[2]~reg0 ; led[2] ; clk        ;
+-------+--------------+------------+-------------+--------+------------+


+--------------------------+
; Timing Analyzer Messages ;
+--------------------------+
Info: *******************************************************************
Info: Running Quartus II Classic Timing Analyzer
    Info: Version 9.0 Build 132 02/25/2009 SJ Full Version
    Info: Processing started: Sat Mar 18 15:45:42 2017
Info: Command: quartus_tan --read_settings_files=off --write_settings_files=off ledrun -c ledrun --timing_analysis_only
Info: Parallel compilation is enabled and will use 2 of the 2 processors detected
Warning: Found pins functioning as undefined clocks and/or memory enables
    Info: Assuming node "clk" is an undefined clock
Info: Clock "clk" has Internal fmax of 251.51 MHz between source register "count[13]" and destination register "count[24]" (period= 3.976 ns)
    Info: + Longest register to register delay is 3.762 ns
        Info: 1: + IC(0.000 ns) + CELL(0.000 ns) = 0.000 ns; Loc. = LCFF_X64_Y23_N1; Fanout = 3; REG Node = 'count[13]'
        Info: 2: + IC(0.728 ns) + CELL(0.438 ns) = 1.166 ns; Loc. = LCCOMB_X63_Y24_N18; Fanout = 1; COMB Node = 'LessThan0~5'
        Info: 3: + IC(0.254 ns) + CELL(0.420 ns) = 1.840 ns; Loc. = LCCOMB_X63_Y24_N12; Fanout = 1; COMB Node = 'LessThan0~6'
        Info: 4: + IC(0.247 ns) + CELL(0.150 ns) = 2.237 ns; Loc. = LCCOMB_X63_Y24_N30; Fanout = 1; COMB Node = 'LessThan0~7'
        Info: 5: + IC(0.251 ns) + CELL(0.150 ns) = 2.638 ns; Loc. = LCCOMB_X63_Y24_N16; Fanout = 34; COMB Node = 'LessThan0~8'
        Info: 6: + IC(0.614 ns) + CELL(0.510 ns) = 3.762 ns; Loc. = LCFF_X64_Y23_N23; Fanout = 3; REG Node = 'count[24]'
        Info: Total cell delay = 1.668 ns ( 44.34 % )
        Info: Total interconnect delay = 2.094 ns ( 55.66 % )
    Info: - Smallest clock skew is 0.000 ns
        Info: + Shortest clock path from clock "clk" to destination register is 2.679 ns
            Info: 1: + IC(0.000 ns) + CELL(0.999 ns) = 0.999 ns; Loc. = PIN_N2; Fanout = 1; CLK Node = 'clk'
            Info: 2: + IC(0.118 ns) + CELL(0.000 ns) = 1.117 ns; Loc. = CLKCTRL_G2; Fanout = 34; COMB Node = 'clk~clkctrl'
            Info: 3: + IC(1.025 ns) + CELL(0.537 ns) = 2.679 ns; Loc. = LCFF_X64_Y23_N23; Fanout = 3; REG Node = 'count[24]'
            Info: Total cell delay = 1.536 ns ( 57.33 % )
            Info: Total interconnect delay = 1.143 ns ( 42.67 % )
        Info: - Longest clock path from clock "clk" to source register is 2.679 ns
            Info: 1: + IC(0.000 ns) + CELL(0.999 ns) = 0.999 ns; Loc. = PIN_N2; Fanout = 1; CLK Node = 'clk'
            Info: 2: + IC(0.118 ns) + CELL(0.000 ns) = 1.117 ns; Loc. = CLKCTRL_G2; Fanout = 34; COMB Node = 'clk~clkctrl'
            Info: 3: + IC(1.025 ns) + CELL(0.537 ns) = 2.679 ns; Loc. = LCFF_X64_Y23_N1; Fanout = 3; REG Node = 'count[13]'
            Info: Total cell delay = 1.536 ns ( 57.33 % )
            Info: Total interconnect delay = 1.143 ns ( 42.67 % )
    Info: + Micro clock to output delay of source is 0.250 ns
    Info: + Micro setup delay of destination is -0.036 ns
Info: tco from clock "clk" to destination pin "led[0]" through register "led[0]~reg0" is 8.078 ns
    Info: + Longest clock path from clock "clk" to source register is 2.674 ns
        Info: 1: + IC(0.000 ns) + CELL(0.999 ns) = 0.999 ns; Loc. = PIN_N2; Fanout = 1; CLK Node = 'clk'
        Info: 2: + IC(0.118 ns) + CELL(0.000 ns) = 1.117 ns; Loc. = CLKCTRL_G2; Fanout = 34; COMB Node = 'clk~clkctrl'
        Info: 3: + IC(1.020 ns) + CELL(0.537 ns) = 2.674 ns; Loc. = LCFF_X63_Y24_N25; Fanout = 1; REG Node = 'led[0]~reg0'
        Info: Total cell delay = 1.536 ns ( 57.44 % )
        Info: Total interconnect delay = 1.138 ns ( 42.56 % )
    Info: + Micro clock to output delay of source is 0.250 ns
    Info: + Longest register to pin delay is 5.154 ns
        Info: 1: + IC(0.000 ns) + CELL(0.000 ns) = 0.000 ns; Loc. = LCFF_X63_Y24_N25; Fanout = 1; REG Node = 'led[0]~reg0'
        Info: 2: + IC(2.336 ns) + CELL(2.818 ns) = 5.154 ns; Loc. = PIN_AE23; Fanout = 0; PIN Node = 'led[0]'
        Info: Total cell delay = 2.818 ns ( 54.68 % )
        Info: Total interconnect delay = 2.336 ns ( 45.32 % )
Info: Quartus II Classic Timing Analyzer was successful. 0 errors, 1 warning
    Info: Peak virtual memory: 209 megabytes
    Info: Processing ended: Sat Mar 18 15:45:43 2017
    Info: Elapsed time: 00:00:01
    Info: Total CPU time (on all processors): 00:00:01


