Analysis & Synthesis report for key_pad
Fri Apr 14 16:44:26 2017
Quartus II Version 9.0 Build 132 02/25/2009 SJ Full Version


---------------------
; Table of Contents ;
---------------------
  1. Legal Notice
  2. Analysis & Synthesis Summary
  3. Analysis & Synthesis Settings
  4. Analysis & Synthesis Source Files Read
  5. Analysis & Synthesis Resource Usage Summary
  6. Analysis & Synthesis Resource Utilization by Entity
  7. Analysis & Synthesis RAM Summary
  8. State Machine - |top|key_pad:k1|state
  9. Registers Removed During Synthesis
 10. General Register Statistics
 11. Inverted Register Statistics
 12. Registers Packed Into Inferred Megafunctions
 13. Multiplexer Restructuring Statistics (Restructuring Performed)
 14. Source assignments for key_pad:k1|altsyncram:WideOr3_rtl_0|altsyncram_0rv:auto_generated
 15. Parameter Settings for User Entity Instance: key_pad:k1
 16. Parameter Settings for Inferred Entity Instance: key_pad:k1|altsyncram:WideOr3_rtl_0
 17. altsyncram Parameter Settings by Entity Instance
 18. Analysis & Synthesis Messages
 19. Analysis & Synthesis Suppressed Messages



----------------
; Legal Notice ;
----------------
Copyright (C) 1991-2009 Altera Corporation
Your use of Altera Corporation's design tools, logic functions 
and other software and tools, and its AMPP partner logic 
functions, and any output files from any of the foregoing 
(including device programming or simulation files), and any 
associated documentation or information are expressly subject 
to the terms and conditions of the Altera Program License 
Subscription Agreement, Altera MegaCore Function License 
Agreement, or other applicable license agreement, including, 
without limitation, that your use is for the sole purpose of 
programming logic devices manufactured by Altera and sold by 
Altera or its authorized distributors.  Please refer to the 
applicable agreement for further details.



+-------------------------------------------------------------------------------+
; Analysis & Synthesis Summary                                                  ;
+------------------------------------+------------------------------------------+
; Analysis & Synthesis Status        ; Successful - Fri Apr 14 16:44:26 2017    ;
; Quartus II Version                 ; 9.0 Build 132 02/25/2009 SJ Full Version ;
; Revision Name                      ; key_pad                                  ;
; Top-level Entity Name              ; top                                      ;
; Family                             ; Cyclone II                               ;
; Total logic elements               ; 235                                      ;
;     Total combinational functions  ; 205                                      ;
;     Dedicated logic registers      ; 86                                       ;
; Total registers                    ; 86                                       ;
; Total pins                         ; 66                                       ;
; Total virtual pins                 ; 0                                        ;
; Total memory bits                  ; 1,024                                    ;
; Embedded Multiplier 9-bit elements ; 0                                        ;
; Total PLLs                         ; 0                                        ;
+------------------------------------+------------------------------------------+


+----------------------------------------------------------------------------------------------------------+
; Analysis & Synthesis Settings                                                                            ;
+----------------------------------------------------------------+--------------------+--------------------+
; Option                                                         ; Setting            ; Default Value      ;
+----------------------------------------------------------------+--------------------+--------------------+
; Device                                                         ; EP2C35F672C6       ;                    ;
; Top-level entity name                                          ; top                ; key_pad            ;
; Family name                                                    ; Cyclone II         ; Stratix II         ;
; Type of Retiming Performed During Resynthesis                  ; Full               ;                    ;
; Resynthesis Optimization Effort                                ; Normal             ;                    ;
; Physical Synthesis Level for Resynthesis                       ; Normal             ;                    ;
; Use Generated Physical Constraints File                        ; On                 ;                    ;
; Use smart compilation                                          ; Off                ; Off                ;
; Restructure Multiplexers                                       ; Auto               ; Auto               ;
; Create Debugging Nodes for IP Cores                            ; Off                ; Off                ;
; Preserve fewer node names                                      ; On                 ; On                 ;
; Disable OpenCore Plus hardware evaluation                      ; Off                ; Off                ;
; Verilog Version                                                ; Verilog_2001       ; Verilog_2001       ;
; VHDL Version                                                   ; VHDL93             ; VHDL93             ;
; State Machine Processing                                       ; Auto               ; Auto               ;
; Safe State Machine                                             ; Off                ; Off                ;
; Extract Verilog State Machines                                 ; On                 ; On                 ;
; Extract VHDL State Machines                                    ; On                 ; On                 ;
; Ignore Verilog initial constructs                              ; Off                ; Off                ;
; Iteration limit for constant Verilog loops                     ; 5000               ; 5000               ;
; Iteration limit for non-constant Verilog loops                 ; 250                ; 250                ;
; Add Pass-Through Logic to Inferred RAMs                        ; On                 ; On                 ;
; Parallel Synthesis                                             ; Off                ; Off                ;
; DSP Block Balancing                                            ; Auto               ; Auto               ;
; NOT Gate Push-Back                                             ; On                 ; On                 ;
; Power-Up Don't Care                                            ; On                 ; On                 ;
; Remove Redundant Logic Cells                                   ; Off                ; Off                ;
; Remove Duplicate Registers                                     ; On                 ; On                 ;
; Ignore CARRY Buffers                                           ; Off                ; Off                ;
; Ignore CASCADE Buffers                                         ; Off                ; Off                ;
; Ignore GLOBAL Buffers                                          ; Off                ; Off                ;
; Ignore ROW GLOBAL Buffers                                      ; Off                ; Off                ;
; Ignore LCELL Buffers                                           ; Off                ; Off                ;
; Ignore SOFT Buffers                                            ; On                 ; On                 ;
; Limit AHDL Integers to 32 Bits                                 ; Off                ; Off                ;
; Optimization Technique                                         ; Balanced           ; Balanced           ;
; Carry Chain Length                                             ; 70                 ; 70                 ;
; Auto Carry Chains                                              ; On                 ; On                 ;
; Auto Open-Drain Pins                                           ; On                 ; On                 ;
; Perform WYSIWYG Primitive Resynthesis                          ; Off                ; Off                ;
; Auto ROM Replacement                                           ; On                 ; On                 ;
; Auto RAM Replacement                                           ; On                 ; On                 ;
; Auto Shift Register Replacement                                ; Auto               ; Auto               ;
; Auto Clock Enable Replacement                                  ; On                 ; On                 ;
; Strict RAM Replacement                                         ; Off                ; Off                ;
; Allow Synchronous Control Signals                              ; On                 ; On                 ;
; Force Use of Synchronous Clear Signals                         ; Off                ; Off                ;
; Auto RAM to Logic Cell Conversion                              ; Off                ; Off                ;
; Auto Resource Sharing                                          ; Off                ; Off                ;
; Allow Any RAM Size For Recognition                             ; Off                ; Off                ;
; Allow Any ROM Size For Recognition                             ; Off                ; Off                ;
; Allow Any Shift Register Size For Recognition                  ; Off                ; Off                ;
; Use LogicLock Constraints during Resource Balancing            ; On                 ; On                 ;
; Ignore translate_off and synthesis_off directives              ; Off                ; Off                ;
; Timing-Driven Synthesis                                        ; Off                ; Off                ;
; Show Parameter Settings Tables in Synthesis Report             ; On                 ; On                 ;
; Ignore Maximum Fan-Out Assignments                             ; Off                ; Off                ;
; Synchronization Register Chain Length                          ; 2                  ; 2                  ;
; PowerPlay Power Optimization                                   ; Normal compilation ; Normal compilation ;
; HDL message level                                              ; Level2             ; Level2             ;
; Suppress Register Optimization Related Messages                ; Off                ; Off                ;
; Number of Removed Registers Reported in Synthesis Report       ; 100                ; 100                ;
; Number of Inverted Registers Reported in Synthesis Report      ; 100                ; 100                ;
; Clock MUX Protection                                           ; On                 ; On                 ;
; Auto Gated Clock Conversion                                    ; Off                ; Off                ;
; Block Design Naming                                            ; Auto               ; Auto               ;
; SDC constraint protection                                      ; Off                ; Off                ;
; Synthesis Effort                                               ; Auto               ; Auto               ;
; Allows Asynchronous Clear Usage For Shift Register Replacement ; On                 ; On                 ;
; Analysis & Synthesis Message Level                             ; Medium             ; Medium             ;
+----------------------------------------------------------------+--------------------+--------------------+


+--------------------------------------------------------------------------------------------------------------------------------------------------------+
; Analysis & Synthesis Source Files Read                                                                                                                 ;
+----------------------------------+-----------------+------------------------------+--------------------------------------------------------------------+
; File Name with User-Entered Path ; Used in Netlist ; File Type                    ; File Name with Absolute Path                                       ;
+----------------------------------+-----------------+------------------------------+--------------------------------------------------------------------+
; key_pad.v                        ; yes             ; User Verilog HDL File        ; D:/ZXOPEN2017/DE2/class/key_pad/key_pad.v                          ;
; pre_seg7.v                       ; yes             ; User Verilog HDL File        ; D:/ZXOPEN2017/DE2/class/key_pad/pre_seg7.v                         ;
; seg7.v                           ; yes             ; User Verilog HDL File        ; D:/ZXOPEN2017/DE2/class/key_pad/seg7.v                             ;
; top.v                            ; yes             ; User Verilog HDL File        ; D:/ZXOPEN2017/DE2/class/key_pad/top.v                              ;
; altsyncram.tdf                   ; yes             ; Megafunction                 ; d:/altera/90/quartus/libraries/megafunctions/altsyncram.tdf        ;
; stratix_ram_block.inc            ; yes             ; Megafunction                 ; d:/altera/90/quartus/libraries/megafunctions/stratix_ram_block.inc ;
; lpm_mux.inc                      ; yes             ; Megafunction                 ; d:/altera/90/quartus/libraries/megafunctions/lpm_mux.inc           ;
; lpm_decode.inc                   ; yes             ; Megafunction                 ; d:/altera/90/quartus/libraries/megafunctions/lpm_decode.inc        ;
; aglobal90.inc                    ; yes             ; Megafunction                 ; d:/altera/90/quartus/libraries/megafunctions/aglobal90.inc         ;
; a_rdenreg.inc                    ; yes             ; Megafunction                 ; d:/altera/90/quartus/libraries/megafunctions/a_rdenreg.inc         ;
; altrom.inc                       ; yes             ; Megafunction                 ; d:/altera/90/quartus/libraries/megafunctions/altrom.inc            ;
; altram.inc                       ; yes             ; Megafunction                 ; d:/altera/90/quartus/libraries/megafunctions/altram.inc            ;
; altdpram.inc                     ; yes             ; Megafunction                 ; d:/altera/90/quartus/libraries/megafunctions/altdpram.inc          ;
; altqpram.inc                     ; yes             ; Megafunction                 ; d:/altera/90/quartus/libraries/megafunctions/altqpram.inc          ;
; db/altsyncram_0rv.tdf            ; yes             ; Auto-Generated Megafunction  ; D:/ZXOPEN2017/DE2/class/key_pad/db/altsyncram_0rv.tdf              ;
+----------------------------------+-----------------+------------------------------+--------------------------------------------------------------------+


+-----------------------------------------------------+
; Analysis & Synthesis Resource Usage Summary         ;
+---------------------------------------------+-------+
; Resource                                    ; Usage ;
+---------------------------------------------+-------+
; Estimated Total logic elements              ; 235   ;
;                                             ;       ;
; Total combinational functions               ; 205   ;
; Logic element usage by number of LUT inputs ;       ;
;     -- 4 input functions                    ; 88    ;
;     -- 3 input functions                    ; 8     ;
;     -- <=2 input functions                  ; 109   ;
;                                             ;       ;
; Logic elements by mode                      ;       ;
;     -- normal mode                          ; 167   ;
;     -- arithmetic mode                      ; 38    ;
;                                             ;       ;
; Total registers                             ; 86    ;
;     -- Dedicated logic registers            ; 86    ;
;     -- I/O registers                        ; 0     ;
;                                             ;       ;
; I/O pins                                    ; 66    ;
; Total memory bits                           ; 1024  ;
; Maximum fan-out node                        ; rst_n ;
; Maximum fan-out                             ; 142   ;
; Total fan-out                               ; 1031  ;
; Average fan-out                             ; 2.86  ;
+---------------------------------------------+-------+


+----------------------------------------------------------------------------------------------------------------------------------------------------------------------------------------------------------------------------------------------+
; Analysis & Synthesis Resource Utilization by Entity                                                                                                                                                                                          ;
+------------------------------------------+-------------------+--------------+-------------+--------------+---------+-----------+------+--------------+------------------------------------------------------------------------+--------------+
; Compilation Hierarchy Node               ; LC Combinationals ; LC Registers ; Memory Bits ; DSP Elements ; DSP 9x9 ; DSP 18x18 ; Pins ; Virtual Pins ; Full Hierarchy Name                                                    ; Library Name ;
+------------------------------------------+-------------------+--------------+-------------+--------------+---------+-----------+------+--------------+------------------------------------------------------------------------+--------------+
; |top                                     ; 205 (0)           ; 86 (0)       ; 1024        ; 0            ; 0       ; 0         ; 66   ; 0            ; |top                                                                   ; work         ;
;    |key_pad:k1|                          ; 89 (89)           ; 56 (56)      ; 1024        ; 0            ; 0       ; 0         ; 0    ; 0            ; |top|key_pad:k1                                                        ; work         ;
;       |altsyncram:WideOr3_rtl_0|         ; 0 (0)             ; 0 (0)        ; 1024        ; 0            ; 0       ; 0         ; 0    ; 0            ; |top|key_pad:k1|altsyncram:WideOr3_rtl_0                               ; work         ;
;          |altsyncram_0rv:auto_generated| ; 0 (0)             ; 0 (0)        ; 1024        ; 0            ; 0       ; 0         ; 0    ; 0            ; |top|key_pad:k1|altsyncram:WideOr3_rtl_0|altsyncram_0rv:auto_generated ; work         ;
;    |pre_seg7:p1|                         ; 4 (4)             ; 30 (30)      ; 0           ; 0            ; 0       ; 0         ; 0    ; 0            ; |top|pre_seg7:p1                                                       ; work         ;
;    |seg7:s0|                             ; 14 (14)           ; 0 (0)        ; 0           ; 0            ; 0       ; 0         ; 0    ; 0            ; |top|seg7:s0                                                           ; work         ;
;    |seg7:s1|                             ; 14 (14)           ; 0 (0)        ; 0           ; 0            ; 0       ; 0         ; 0    ; 0            ; |top|seg7:s1                                                           ; work         ;
;    |seg7:s2|                             ; 14 (14)           ; 0 (0)        ; 0           ; 0            ; 0       ; 0         ; 0    ; 0            ; |top|seg7:s2                                                           ; work         ;
;    |seg7:s3|                             ; 14 (14)           ; 0 (0)        ; 0           ; 0            ; 0       ; 0         ; 0    ; 0            ; |top|seg7:s3                                                           ; work         ;
;    |seg7:s4|                             ; 14 (14)           ; 0 (0)        ; 0           ; 0            ; 0       ; 0         ; 0    ; 0            ; |top|seg7:s4                                                           ; work         ;
;    |seg7:s5|                             ; 14 (14)           ; 0 (0)        ; 0           ; 0            ; 0       ; 0         ; 0    ; 0            ; |top|seg7:s5                                                           ; work         ;
;    |seg7:s6|                             ; 14 (14)           ; 0 (0)        ; 0           ; 0            ; 0       ; 0         ; 0    ; 0            ; |top|seg7:s6                                                           ; work         ;
;    |seg7:s7|                             ; 14 (14)           ; 0 (0)        ; 0           ; 0            ; 0       ; 0         ; 0    ; 0            ; |top|seg7:s7                                                           ; work         ;
+------------------------------------------+-------------------+--------------+-------------+--------------+---------+-----------+------+--------------+------------------------------------------------------------------------+--------------+
Note: For table entries with two numbers listed, the numbers in parentheses indicate the number of resources of the given type used by the specific entity alone. The numbers listed outside of parentheses indicate the total resources of the given type used by the specific entity and all of its sub-entities in the hierarchy.


+--------------------------------------------------------------------------------------------------------------------------------------------------------------------------------------+
; Analysis & Synthesis RAM Summary                                                                                                                                                     ;
+------------------------------------------------------------------------------+------+------+--------------+--------------+--------------+--------------+------+----------------------+
; Name                                                                         ; Type ; Mode ; Port A Depth ; Port A Width ; Port B Depth ; Port B Width ; Size ; MIF                  ;
+------------------------------------------------------------------------------+------+------+--------------+--------------+--------------+--------------+------+----------------------+
; key_pad:k1|altsyncram:WideOr3_rtl_0|altsyncram_0rv:auto_generated|ALTSYNCRAM ; AUTO ; ROM  ; 256          ; 4            ; --           ; --           ; 1024 ; key_pad.top0.rtl.mif ;
+------------------------------------------------------------------------------+------+------+--------------+--------------+--------------+--------------+------+----------------------+


Encoding Type:  One-Hot
+-------------------------------------------------------------------+
; State Machine - |top|key_pad:k1|state                             ;
+----------------+----------------+----------------+----------------+
; Name           ; state.00000000 ; state.00000010 ; state.00000001 ;
+----------------+----------------+----------------+----------------+
; state.00000000 ; 0              ; 0              ; 0              ;
; state.00000001 ; 1              ; 0              ; 1              ;
; state.00000010 ; 1              ; 1              ; 0              ;
+----------------+----------------+----------------+----------------+


+-----------------------------------------------------------------------------+
; Registers Removed During Synthesis                                          ;
+----------------------------------------+------------------------------------+
; Register name                          ; Reason for Removal                 ;
+----------------------------------------+------------------------------------+
; pre_seg7:p1|data8[0..3]                ; Lost fanout                        ;
; pre_seg7:p1|data8[3]~9                 ; Merged with pre_seg7:p1|data8[2]~6 ;
; pre_seg7:p1|data8[2]~6                 ; Merged with pre_seg7:p1|data8[1]~3 ;
; pre_seg7:p1|data8[1]~3                 ; Merged with pre_seg7:p1|data8[0]~0 ;
; pre_seg7:p1|data8[1]~5                 ; Merged with pre_seg7:p1|data8[0]~2 ;
; pre_seg7:p1|data8[2]~8                 ; Merged with pre_seg7:p1|data8[0]~2 ;
; pre_seg7:p1|data8[3]~11                ; Merged with pre_seg7:p1|data8[0]~2 ;
; key_pad:k1|state~35                    ; Lost fanout                        ;
; key_pad:k1|state~36                    ; Lost fanout                        ;
; key_pad:k1|state~37                    ; Lost fanout                        ;
; key_pad:k1|state~38                    ; Lost fanout                        ;
; key_pad:k1|state~39                    ; Lost fanout                        ;
; key_pad:k1|state~40                    ; Lost fanout                        ;
; Total Number of Removed Registers = 16 ;                                    ;
+----------------------------------------+------------------------------------+


+------------------------------------------------------+
; General Register Statistics                          ;
+----------------------------------------------+-------+
; Statistic                                    ; Value ;
+----------------------------------------------+-------+
; Total registers                              ; 86    ;
; Number of registers using Synchronous Clear  ; 40    ;
; Number of registers using Synchronous Load   ; 0     ;
; Number of registers using Asynchronous Clear ; 85    ;
; Number of registers using Asynchronous Load  ; 0     ;
; Number of registers using Clock Enable       ; 51    ;
; Number of registers using Preset             ; 0     ;
+----------------------------------------------+-------+


+--------------------------------------------------+
; Inverted Register Statistics                     ;
+----------------------------------------+---------+
; Inverted Register                      ; Fan out ;
+----------------------------------------+---------+
; pre_seg7:p1|data8[0]~0                 ; 4       ;
; key_pad:k1|row_col[4]                  ; 1       ;
; key_pad:k1|row_col[5]                  ; 1       ;
; key_pad:k1|row_col[6]                  ; 1       ;
; key_pad:k1|row_col[7]                  ; 1       ;
; Total number of inverted registers = 5 ;         ;
+----------------------------------------+---------+


+-------------------------------------------------------+
; Registers Packed Into Inferred Megafunctions          ;
+-------------------------+----------------------+------+
; Register Name           ; Megafunction         ; Type ;
+-------------------------+----------------------+------+
; pre_seg7:p1|data8[0]~1  ; key_pad:k1|WideOr3~0 ; ROM  ;
; pre_seg7:p1|data8[1]~4  ; key_pad:k1|WideOr3~0 ; ROM  ;
; pre_seg7:p1|data8[2]~7  ; key_pad:k1|WideOr3~0 ; ROM  ;
; pre_seg7:p1|data8[3]~10 ; key_pad:k1|WideOr3~0 ; ROM  ;
+-------------------------+----------------------+------+


+------------------------------------------------------------------------------------------------------------------------------------------+
; Multiplexer Restructuring Statistics (Restructuring Performed)                                                                           ;
+--------------------+-----------+---------------+----------------------+------------------------+------------+----------------------------+
; Multiplexer Inputs ; Bus Width ; Baseline Area ; Area if Restructured ; Saving if Restructured ; Registered ; Example Multiplexer Output ;
+--------------------+-----------+---------------+----------------------+------------------------+------------+----------------------------+
; 7:1                ; 8 bits    ; 32 LEs        ; 8 LEs                ; 24 LEs                 ; Yes        ; |top|key_pad:k1|cnt_key[3] ;
; 11:1               ; 3 bits    ; 21 LEs        ; 6 LEs                ; 15 LEs                 ; Yes        ; |top|key_pad:k1|col[1]     ;
; 11:1               ; 2 bits    ; 14 LEs        ; 12 LEs               ; 2 LEs                  ; No         ; |top|key_pad:k1|Selector0  ;
+--------------------+-----------+---------------+----------------------+------------------------+------------+----------------------------+


+------------------------------------------------------------------------------------------+
; Source assignments for key_pad:k1|altsyncram:WideOr3_rtl_0|altsyncram_0rv:auto_generated ;
+---------------------------------+--------------------+------+----------------------------+
; Assignment                      ; Value              ; From ; To                         ;
+---------------------------------+--------------------+------+----------------------------+
; OPTIMIZE_POWER_DURING_SYNTHESIS ; NORMAL_COMPILATION ; -    ; -                          ;
+---------------------------------+--------------------+------+----------------------------+


+---------------------------------------------------------+
; Parameter Settings for User Entity Instance: key_pad:k1 ;
+----------------+-------+--------------------------------+
; Parameter Name ; Value ; Type                           ;
+----------------+-------+--------------------------------+
; T1ms           ; 50000 ; Signed Integer                 ;
; NUM_KEY        ; 20    ; Signed Integer                 ;
+----------------+-------+--------------------------------+
Note: In order to hide this table in the UI and the text report file, please set the "Show Parameter Settings Tables in Synthesis Report" option in "Analysis and Synthesis Settings -> More Settings" to "Off".


+--------------------------------------------------------------------------------------+
; Parameter Settings for Inferred Entity Instance: key_pad:k1|altsyncram:WideOr3_rtl_0 ;
+------------------------------------+----------------------+--------------------------+
; Parameter Name                     ; Value                ; Type                     ;
+------------------------------------+----------------------+--------------------------+
; BYTE_SIZE_BLOCK                    ; 8                    ; Untyped                  ;
; AUTO_CARRY_CHAINS                  ; ON                   ; AUTO_CARRY               ;
; IGNORE_CARRY_BUFFERS               ; OFF                  ; IGNORE_CARRY             ;
; AUTO_CASCADE_CHAINS                ; ON                   ; AUTO_CASCADE             ;
; IGNORE_CASCADE_BUFFERS             ; OFF                  ; IGNORE_CASCADE           ;
; WIDTH_BYTEENA                      ; 1                    ; Untyped                  ;
; OPERATION_MODE                     ; ROM                  ; Untyped                  ;
; WIDTH_A                            ; 4                    ; Untyped                  ;
; WIDTHAD_A                          ; 8                    ; Untyped                  ;
; NUMWORDS_A                         ; 256                  ; Untyped                  ;
; OUTDATA_REG_A                      ; UNREGISTERED         ; Untyped                  ;
; ADDRESS_ACLR_A                     ; NONE                 ; Untyped                  ;
; OUTDATA_ACLR_A                     ; NONE                 ; Untyped                  ;
; WRCONTROL_ACLR_A                   ; NONE                 ; Untyped                  ;
; INDATA_ACLR_A                      ; NONE                 ; Untyped                  ;
; BYTEENA_ACLR_A                     ; NONE                 ; Untyped                  ;
; WIDTH_B                            ; 1                    ; Untyped                  ;
; WIDTHAD_B                          ; 1                    ; Untyped                  ;
; NUMWORDS_B                         ; 1                    ; Untyped                  ;
; INDATA_REG_B                       ; CLOCK1               ; Untyped                  ;
; WRCONTROL_WRADDRESS_REG_B          ; CLOCK1               ; Untyped                  ;
; RDCONTROL_REG_B                    ; CLOCK1               ; Untyped                  ;
; ADDRESS_REG_B                      ; CLOCK1               ; Untyped                  ;
; OUTDATA_REG_B                      ; UNREGISTERED         ; Untyped                  ;
; BYTEENA_REG_B                      ; CLOCK1               ; Untyped                  ;
; INDATA_ACLR_B                      ; NONE                 ; Untyped                  ;
; WRCONTROL_ACLR_B                   ; NONE                 ; Untyped                  ;
; ADDRESS_ACLR_B                     ; NONE                 ; Untyped                  ;
; OUTDATA_ACLR_B                     ; NONE                 ; Untyped                  ;
; RDCONTROL_ACLR_B                   ; NONE                 ; Untyped                  ;
; BYTEENA_ACLR_B                     ; NONE                 ; Untyped                  ;
; WIDTH_BYTEENA_A                    ; 1                    ; Untyped                  ;
; WIDTH_BYTEENA_B                    ; 1                    ; Untyped                  ;
; RAM_BLOCK_TYPE                     ; AUTO                 ; Untyped                  ;
; BYTE_SIZE                          ; 8                    ; Untyped                  ;
; READ_DURING_WRITE_MODE_MIXED_PORTS ; DONT_CARE            ; Untyped                  ;
; READ_DURING_WRITE_MODE_PORT_A      ; NEW_DATA_NO_NBE_READ ; Untyped                  ;
; READ_DURING_WRITE_MODE_PORT_B      ; NEW_DATA_NO_NBE_READ ; Untyped                  ;
; INIT_FILE                          ; key_pad.top0.rtl.mif ; Untyped                  ;
; INIT_FILE_LAYOUT                   ; PORT_A               ; Untyped                  ;
; MAXIMUM_DEPTH                      ; 0                    ; Untyped                  ;
; CLOCK_ENABLE_INPUT_A               ; NORMAL               ; Untyped                  ;
; CLOCK_ENABLE_INPUT_B               ; NORMAL               ; Untyped                  ;
; CLOCK_ENABLE_OUTPUT_A              ; NORMAL               ; Untyped                  ;
; CLOCK_ENABLE_OUTPUT_B              ; NORMAL               ; Untyped                  ;
; CLOCK_ENABLE_CORE_A                ; USE_INPUT_CLKEN      ; Untyped                  ;
; CLOCK_ENABLE_CORE_B                ; USE_INPUT_CLKEN      ; Untyped                  ;
; ENABLE_ECC                         ; FALSE                ; Untyped                  ;
; DEVICE_FAMILY                      ; Cyclone II           ; Untyped                  ;
; CBXI_PARAMETER                     ; altsyncram_0rv       ; Untyped                  ;
+------------------------------------+----------------------+--------------------------+
Note: In order to hide this table in the UI and the text report file, please set the "Show Parameter Settings Tables in Synthesis Report" option in "Analysis and Synthesis Settings -> More Settings" to "Off".


+---------------------------------------------------------------------------------+
; altsyncram Parameter Settings by Entity Instance                                ;
+-------------------------------------------+-------------------------------------+
; Name                                      ; Value                               ;
+-------------------------------------------+-------------------------------------+
; Number of entity instances                ; 1                                   ;
; Entity Instance                           ; key_pad:k1|altsyncram:WideOr3_rtl_0 ;
;     -- OPERATION_MODE                     ; ROM                                 ;
;     -- WIDTH_A                            ; 4                                   ;
;     -- NUMWORDS_A                         ; 256                                 ;
;     -- OUTDATA_REG_A                      ; UNREGISTERED                        ;
;     -- WIDTH_B                            ; 1                                   ;
;     -- NUMWORDS_B                         ; 1                                   ;
;     -- ADDRESS_REG_B                      ; CLOCK1                              ;
;     -- OUTDATA_REG_B                      ; UNREGISTERED                        ;
;     -- RAM_BLOCK_TYPE                     ; AUTO                                ;
;     -- READ_DURING_WRITE_MODE_MIXED_PORTS ; DONT_CARE                           ;
+-------------------------------------------+-------------------------------------+


+-------------------------------+
; Analysis & Synthesis Messages ;
+-------------------------------+
Info: *******************************************************************
Info: Running Quartus II Analysis & Synthesis
    Info: Version 9.0 Build 132 02/25/2009 SJ Full Version
    Info: Processing started: Fri Apr 14 16:44:22 2017
Info: Command: quartus_map --read_settings_files=on --write_settings_files=off key_pad -c key_pad
Info: Found 1 design units, including 1 entities, in source file key_pad.v
    Info: Found entity 1: key_pad
Info: Found 1 design units, including 1 entities, in source file key_pad_tb.v
    Info: Found entity 1: key_pad_tb
Info: Found 1 design units, including 1 entities, in source file pre_seg7.v
    Info: Found entity 1: pre_seg7
Info: Found 1 design units, including 1 entities, in source file seg7.v
    Info: Found entity 1: seg7
Info: Found 1 design units, including 1 entities, in source file top.v
    Info: Found entity 1: top
Info: Elaborating entity "top" for the top level hierarchy
Info: Elaborating entity "key_pad" for hierarchy "key_pad:k1"
Info: Elaborating entity "pre_seg7" for hierarchy "pre_seg7:p1"
Info: Elaborating entity "seg7" for hierarchy "seg7:s7"
Info: Inferred 1 megafunctions from design logic
    Info: Inferred altsyncram megafunction from the following design logic: "key_pad:k1|WideOr3~0"
        Info: Parameter OPERATION_MODE set to ROM
        Info: Parameter WIDTH_A set to 4
        Info: Parameter WIDTHAD_A set to 8
        Info: Parameter NUMWORDS_A set to 256
        Info: Parameter OUTDATA_REG_A set to UNREGISTERED
        Info: Parameter RAM_BLOCK_TYPE set to AUTO
        Info: Parameter INIT_FILE set to key_pad.top0.rtl.mif
Info: Elaborated megafunction instantiation "key_pad:k1|altsyncram:WideOr3_rtl_0"
Info: Instantiated megafunction "key_pad:k1|altsyncram:WideOr3_rtl_0" with the following parameter:
    Info: Parameter "OPERATION_MODE" = "ROM"
    Info: Parameter "WIDTH_A" = "4"
    Info: Parameter "WIDTHAD_A" = "8"
    Info: Parameter "NUMWORDS_A" = "256"
    Info: Parameter "OUTDATA_REG_A" = "UNREGISTERED"
    Info: Parameter "RAM_BLOCK_TYPE" = "AUTO"
    Info: Parameter "INIT_FILE" = "key_pad.top0.rtl.mif"
Info: Found 1 design units, including 1 entities, in source file db/altsyncram_0rv.tdf
    Info: Found entity 1: altsyncram_0rv
Info: Registers with preset signals will power-up high
Info: DEV_CLRn pin will set, and not reset, register with preset signal due to NOT Gate Push-Back
Info: 10 registers lost all their fanouts during netlist optimizations. The first 10 are displayed below.
    Info: Register "pre_seg7:p1|data8[3]" lost all its fanouts during netlist optimizations.
    Info: Register "pre_seg7:p1|data8[2]" lost all its fanouts during netlist optimizations.
    Info: Register "pre_seg7:p1|data8[1]" lost all its fanouts during netlist optimizations.
    Info: Register "pre_seg7:p1|data8[0]" lost all its fanouts during netlist optimizations.
    Info: Register "key_pad:k1|state~35" lost all its fanouts during netlist optimizations.
    Info: Register "key_pad:k1|state~36" lost all its fanouts during netlist optimizations.
    Info: Register "key_pad:k1|state~37" lost all its fanouts during netlist optimizations.
    Info: Register "key_pad:k1|state~38" lost all its fanouts during netlist optimizations.
    Info: Register "key_pad:k1|state~39" lost all its fanouts during netlist optimizations.
    Info: Register "key_pad:k1|state~40" lost all its fanouts during netlist optimizations.
Info: Generated suppressed messages file D:/ZXOPEN2017/DE2/class/key_pad/key_pad.map.smsg
Info: Implemented 309 device resources after synthesis - the final resource count might be different
    Info: Implemented 6 input pins
    Info: Implemented 60 output pins
    Info: Implemented 239 logic cells
    Info: Implemented 4 RAM segments
Info: Quartus II Analysis & Synthesis was successful. 0 errors, 0 warnings
    Info: Peak virtual memory: 248 megabytes
    Info: Processing ended: Fri Apr 14 16:44:26 2017
    Info: Elapsed time: 00:00:04
    Info: Total CPU time (on all processors): 00:00:03


+------------------------------------------+
; Analysis & Synthesis Suppressed Messages ;
+------------------------------------------+
The suppressed messages can be found in D:/ZXOPEN2017/DE2/class/key_pad/key_pad.map.smsg.


