Flow report for led_nios
Thu Mar 09 16:24:45 2017
Quartus II Version 9.0 Build 132 02/25/2009 SJ Full Version


---------------------
; Table of Contents ;
---------------------
  1. Legal Notice
  2. Flow Summary
  3. Flow Settings
  4. Flow Non-Default Global Settings
  5. Flow Elapsed Time
  6. Flow OS Summary
  7. Flow Log



----------------
; Legal Notice ;
----------------
Copyright (C) 1991-2009 Altera Corporation
Your use of Altera Corporation's design tools, logic functions 
and other software and tools, and its AMPP partner logic 
functions, and any output files from any of the foregoing 
(including device programming or simulation files), and any 
associated documentation or information are expressly subject 
to the terms and conditions of the Altera Program License 
Subscription Agreement, Altera MegaCore Function License 
Agreement, or other applicable license agreement, including, 
without limitation, that your use is for the sole purpose of 
programming logic devices manufactured by Altera and sold by 
Altera or its authorized distributors.  Please refer to the 
applicable agreement for further details.



+-------------------------------------------------------------------------------+
; Flow Summary                                                                  ;
+------------------------------------+------------------------------------------+
; Flow Status                        ; Successful - Thu Mar 09 16:24:45 2017    ;
; Quartus II Version                 ; 9.0 Build 132 02/25/2009 SJ Full Version ;
; Revision Name                      ; led_nios                                 ;
; Top-level Entity Name              ; led_nios                                 ;
; Family                             ; Cyclone II                               ;
; Device                             ; EP2C35F672C6                             ;
; Timing Models                      ; Final                                    ;
; Met timing requirements            ; Yes                                      ;
; Total logic elements               ; 1,113 / 33,216 ( 3 % )                   ;
;     Total combinational functions  ; 1,046 / 33,216 ( 3 % )                   ;
;     Dedicated logic registers      ; 554 / 33,216 ( 2 % )                     ;
; Total registers                    ; 554                                      ;
; Total pins                         ; 6 / 475 ( 1 % )                          ;
; Total virtual pins                 ; 0                                        ;
; Total memory bits                  ; 41,984 / 483,840 ( 9 % )                 ;
; Embedded Multiplier 9-bit elements ; 0 / 70 ( 0 % )                           ;
; Total PLLs                         ; 0 / 4 ( 0 % )                            ;
+------------------------------------+------------------------------------------+


+-----------------------------------------+
; Flow Settings                           ;
+-------------------+---------------------+
; Option            ; Setting             ;
+-------------------+---------------------+
; Start date & time ; 03/09/2017 16:22:32 ;
; Main task         ; Compilation         ;
; Revision Name     ; led_nios            ;
+-------------------+---------------------+


+-----------------------------------------------------------------------------------------------------------------------------------+
; Flow Non-Default Global Settings                                                                                                  ;
+------------------------------------+-----------------------------------------------+---------------+-------------+----------------+
; Assignment Name                    ; Value                                         ; Default Value ; Entity Name ; Section Id     ;
+------------------------------------+-----------------------------------------------+---------------+-------------+----------------+
; COMPILER_SIGNATURE_ID              ; 143647489152513.148904775243948               ; --            ; --          ; --             ;
; EDA_OUTPUT_DATA_FORMAT             ; Vhdl                                          ; --            ; --          ; eda_simulation ;
; EDA_SIMULATION_TOOL                ; ModelSim-Altera (VHDL)                        ; <None>        ; --          ; --             ;
; MAX_CORE_JUNCTION_TEMP             ; 85                                            ; --            ; --          ; --             ;
; MIN_CORE_JUNCTION_TEMP             ; 0                                             ; --            ; --          ; --             ;
; MISC_FILE                          ; D:/ZXOPEN2017/DE2/class/led_nios/led_nios.dpf ; --            ; --          ; --             ;
; PARTITION_COLOR                    ; 16764057                                      ; --            ; --          ; Top            ;
; PARTITION_NETLIST_TYPE             ; SOURCE                                        ; --            ; --          ; Top            ;
; SOPC_BUILDER_SIGNATURE_ID          ; 00000000000000E00000015AB1F38FC0              ; --            ; --          ; --             ;
; USE_GENERATED_PHYSICAL_CONSTRAINTS ; Off                                           ; --            ; --          ; eda_blast_fpga ;
+------------------------------------+-----------------------------------------------+---------------+-------------+----------------+


+-----------------------------------------------------------------------------------------------------------------------------+
; Flow Elapsed Time                                                                                                           ;
+-------------------------+--------------+-------------------------+---------------------+------------------------------------+
; Module Name             ; Elapsed Time ; Average Processors Used ; Peak Virtual Memory ; Total CPU Time (on all processors) ;
+-------------------------+--------------+-------------------------+---------------------+------------------------------------+
; Analysis & Synthesis    ; 00:00:38     ; 1.0                     ; 290 MB              ; 00:00:22                           ;
; Fitter                  ; 00:00:43     ; 1.1                     ; 340 MB              ; 00:00:26                           ;
; Assembler               ; 00:00:16     ; 1.0                     ; 291 MB              ; 00:00:09                           ;
; Classic Timing Analyzer ; 00:00:04     ; 1.0                     ; 207 MB              ; 00:00:01                           ;
; EDA Netlist Writer      ; 00:00:05     ; 1.0                     ; 197 MB              ; 00:00:02                           ;
; Total                   ; 00:01:46     ; --                      ; --                  ; 00:01:00                           ;
+-------------------------+--------------+-------------------------+---------------------+------------------------------------+


+------------------------------------------------------------------------------------------+
; Flow OS Summary                                                                          ;
+-------------------------+------------------+---------------+------------+----------------+
; Module Name             ; Machine Hostname ; OS Name       ; OS Version ; Processor type ;
+-------------------------+------------------+---------------+------------+----------------+
; Analysis & Synthesis    ; PC201604         ; Windows Vista ; 6.2        ; x86_64         ;
; Fitter                  ; PC201604         ; Windows Vista ; 6.2        ; x86_64         ;
; Assembler               ; PC201604         ; Windows Vista ; 6.2        ; x86_64         ;
; Classic Timing Analyzer ; PC201604         ; Windows Vista ; 6.2        ; x86_64         ;
; EDA Netlist Writer      ; PC201604         ; Windows Vista ; 6.2        ; x86_64         ;
+-------------------------+------------------+---------------+------------+----------------+


------------
; Flow Log ;
------------
quartus_map --read_settings_files=on --write_settings_files=off led_nios -c led_nios
quartus_fit --read_settings_files=off --write_settings_files=off led_nios -c led_nios
quartus_asm --read_settings_files=off --write_settings_files=off led_nios -c led_nios
quartus_tan --read_settings_files=off --write_settings_files=off led_nios -c led_nios --timing_analysis_only
quartus_eda --read_settings_files=off --write_settings_files=off led_nios -c led_nios



