Flow report for vga_lcy
Wed Dec 21 16:57:51 2016
Quartus II 64-Bit Version 13.0.0 Build 156 04/24/2013 SJ Web Edition


---------------------
; Table of Contents ;
---------------------
  1. Legal Notice
  2. Flow Summary
  3. Flow Settings
  4. Flow Non-Default Global Settings
  5. Flow Elapsed Time
  6. Flow OS Summary
  7. Flow Log
  8. Flow Messages
  9. Flow Suppressed Messages



----------------
; Legal Notice ;
----------------
Copyright (C) 1991-2013 Altera Corporation
Your use of Altera Corporation's design tools, logic functions 
and other software and tools, and its AMPP partner logic 
functions, and any output files from any of the foregoing 
(including device programming or simulation files), and any 
associated documentation or information are expressly subject 
to the terms and conditions of the Altera Program License 
Subscription Agreement, Altera MegaCore Function License 
Agreement, or other applicable license agreement, including, 
without limitation, that your use is for the sole purpose of 
programming logic devices manufactured by Altera and sold by 
Altera or its authorized distributors.  Please refer to the 
applicable agreement for further details.



+---------------------------------------------------------------------------------+
; Flow Summary                                                                    ;
+------------------------------------+--------------------------------------------+
; Flow Status                        ; Successful - Wed Dec 21 16:57:51 2016      ;
; Quartus II 64-Bit Version          ; 13.0.0 Build 156 04/24/2013 SJ Web Edition ;
; Revision Name                      ; vga_lcy                                    ;
; Top-level Entity Name              ; vga                                        ;
; Family                             ; Cyclone IV E                               ;
; Device                             ; EP4CE10F17C8                               ;
; Timing Models                      ; Final                                      ;
; Total logic elements               ; 1,735 / 10,320 ( 17 % )                    ;
;     Total combinational functions  ; 1,735 / 10,320 ( 17 % )                    ;
;     Dedicated logic registers      ; 112 / 10,320 ( 1 % )                       ;
; Total registers                    ; 112                                        ;
; Total pins                         ; 12 / 180 ( 7 % )                           ;
; Total virtual pins                 ; 0                                          ;
; Total memory bits                  ; 240,000 / 423,936 ( 57 % )                 ;
; Embedded Multiplier 9-bit elements ; 0 / 46 ( 0 % )                             ;
; Total PLLs                         ; 1 / 2 ( 50 % )                             ;
+------------------------------------+--------------------------------------------+


+-----------------------------------------+
; Flow Settings                           ;
+-------------------+---------------------+
; Option            ; Setting             ;
+-------------------+---------------------+
; Start date & time ; 12/21/2016 16:57:06 ;
; Main task         ; Compilation         ;
; Revision Name     ; vga_lcy             ;
+-------------------+---------------------+


+-----------------------------------------------------------------------------------------------------------------------------+
; Flow Non-Default Global Settings                                                                                            ;
+--------------------------------------+---------------------------------------+---------------+-------------+----------------+
; Assignment Name                      ; Value                                 ; Default Value ; Entity Name ; Section Id     ;
+--------------------------------------+---------------------------------------+---------------+-------------+----------------+
; COMPILER_SIGNATURE_ID                ; 143647489152513.148231062614128       ; --            ; --          ; --             ;
; EDA_DESIGN_INSTANCE_NAME             ; NA                                    ; --            ; --          ; vga_tb         ;
; EDA_NATIVELINK_SIMULATION_TEST_BENCH ; vga_tb                                ; --            ; --          ; eda_simulation ;
; EDA_OUTPUT_DATA_FORMAT               ; Verilog Hdl                           ; --            ; --          ; eda_simulation ;
; EDA_SIMULATION_TOOL                  ; ModelSim-Altera (Verilog)             ; <None>        ; --          ; --             ;
; EDA_TEST_BENCH_ENABLE_STATUS         ; TEST_BENCH_MODE                       ; --            ; --          ; eda_simulation ;
; EDA_TEST_BENCH_FILE                  ; vga_tb.v                              ; --            ; --          ; vga_tb         ;
; EDA_TEST_BENCH_MODULE_NAME           ; vga_tb                                ; --            ; --          ; vga_tb         ;
; EDA_TEST_BENCH_NAME                  ; vga_tb                                ; --            ; --          ; eda_simulation ;
; EDA_TIME_SCALE                       ; 1 ps                                  ; --            ; --          ; eda_simulation ;
; IP_TOOL_NAME                         ; ROM: 1-PORT                           ; --            ; --          ; --             ;
; IP_TOOL_NAME                         ; ALTPLL                                ; --            ; --          ; --             ;
; IP_TOOL_NAME                         ; ROM: 1-PORT                           ; --            ; --          ; --             ;
; IP_TOOL_VERSION                      ; 13.0                                  ; --            ; --          ; --             ;
; IP_TOOL_VERSION                      ; 13.0                                  ; --            ; --          ; --             ;
; IP_TOOL_VERSION                      ; 13.0                                  ; --            ; --          ; --             ;
; MAX_CORE_JUNCTION_TEMP               ; 85                                    ; --            ; --          ; --             ;
; MIN_CORE_JUNCTION_TEMP               ; 0                                     ; --            ; --          ; --             ;
; MISC_FILE                            ; rom_inst.v                            ; --            ; --          ; --             ;
; MISC_FILE                            ; rom_bb.v                              ; --            ; --          ; --             ;
; MISC_FILE                            ; pll_inst.v                            ; --            ; --          ; --             ;
; MISC_FILE                            ; pll.ppf                               ; --            ; --          ; --             ;
; MISC_FILE                            ; tt_rom_bb.v                           ; --            ; --          ; --             ;
; NOMINAL_CORE_SUPPLY_VOLTAGE          ; 1.2V                                  ; --            ; --          ; --             ;
; PARTITION_COLOR                      ; 16764057                              ; --            ; vga         ; Top            ;
; PARTITION_FITTER_PRESERVATION_LEVEL  ; PLACEMENT_AND_ROUTING                 ; --            ; vga         ; Top            ;
; PARTITION_NETLIST_TYPE               ; SOURCE                                ; --            ; vga         ; Top            ;
; POWER_BOARD_THERMAL_MODEL            ; None (CONSERVATIVE)                   ; --            ; --          ; --             ;
; POWER_PRESET_COOLING_SOLUTION        ; 23 MM HEAT SINK WITH 200 LFPM AIRFLOW ; --            ; --          ; --             ;
; PROJECT_OUTPUT_DIRECTORY             ; output_files                          ; --            ; --          ; --             ;
; TOP_LEVEL_ENTITY                     ; vga                                   ; vga_lcy       ; --          ; --             ;
+--------------------------------------+---------------------------------------+---------------+-------------+----------------+


+-------------------------------------------------------------------------------------------------------------------------------+
; Flow Elapsed Time                                                                                                             ;
+---------------------------+--------------+-------------------------+---------------------+------------------------------------+
; Module Name               ; Elapsed Time ; Average Processors Used ; Peak Virtual Memory ; Total CPU Time (on all processors) ;
+---------------------------+--------------+-------------------------+---------------------+------------------------------------+
; Analysis & Synthesis      ; 00:00:06     ; 1.0                     ; 511 MB              ; 00:00:06                           ;
; Fitter                    ; 00:00:22     ; 1.4                     ; 1012 MB             ; 00:00:27                           ;
; Assembler                 ; 00:00:02     ; 1.0                     ; 436 MB              ; 00:00:02                           ;
; TimeQuest Timing Analyzer ; 00:00:07     ; 1.7                     ; 595 MB              ; 00:00:07                           ;
; EDA Netlist Writer        ; 00:00:03     ; 1.0                     ; 428 MB              ; 00:00:03                           ;
; Total                     ; 00:00:40     ; --                      ; --                  ; 00:00:45                           ;
+---------------------------+--------------+-------------------------+---------------------+------------------------------------+


+----------------------------------------------------------------------------------------+
; Flow OS Summary                                                                        ;
+---------------------------+------------------+-----------+------------+----------------+
; Module Name               ; Machine Hostname ; OS Name   ; OS Version ; Processor type ;
+---------------------------+------------------+-----------+------------+----------------+
; Analysis & Synthesis      ; PC201604         ; Windows 7 ; 6.2        ; x86_64         ;
; Fitter                    ; PC201604         ; Windows 7 ; 6.2        ; x86_64         ;
; Assembler                 ; PC201604         ; Windows 7 ; 6.2        ; x86_64         ;
; TimeQuest Timing Analyzer ; PC201604         ; Windows 7 ; 6.2        ; x86_64         ;
; EDA Netlist Writer        ; PC201604         ; Windows 7 ; 6.2        ; x86_64         ;
+---------------------------+------------------+-----------+------------+----------------+


------------
; Flow Log ;
------------
quartus_map --read_settings_files=on --write_settings_files=off vga_lcy -c vga_lcy
quartus_fit --read_settings_files=off --write_settings_files=off vga_lcy -c vga_lcy
quartus_asm --read_settings_files=off --write_settings_files=off vga_lcy -c vga_lcy
quartus_sta vga_lcy -c vga_lcy
quartus_eda --read_settings_files=off --write_settings_files=off vga_lcy -c vga_lcy



