Analysis & Synthesis report for rca_16
Sun Apr 24 10:06:12 2016
Quartus II 64-Bit Version 13.0.0 Build 156 04/24/2013 SJ Web Edition


---------------------
; Table of Contents ;
---------------------
  1. Legal Notice
  2. Analysis & Synthesis Summary
  3. Analysis & Synthesis Settings
  4. Parallel Compilation
  5. Port Connectivity Checks: "rca_4:m3"
  6. Port Connectivity Checks: "rca_4:m2"
  7. Port Connectivity Checks: "rca_4:m1"
  8. Port Connectivity Checks: "rca_4:m0|adder_full:b3"
  9. Port Connectivity Checks: "rca_4:m0|adder_full:b2"
 10. Port Connectivity Checks: "rca_4:m0|adder_full:b1"
 11. Port Connectivity Checks: "rca_4:m0|adder_full:b0|adder_half:h1"
 12. Port Connectivity Checks: "rca_4:m0|adder_full:b0|adder_half:h0"
 13. Port Connectivity Checks: "rca_4:m0|adder_full:b0"
 14. Port Connectivity Checks: "rca_4:m0"
 15. Analysis & Synthesis Messages



----------------
; Legal Notice ;
----------------
Copyright (C) 1991-2013 Altera Corporation
Your use of Altera Corporation's design tools, logic functions 
and other software and tools, and its AMPP partner logic 
functions, and any output files from any of the foregoing 
(including device programming or simulation files), and any 
associated documentation or information are expressly subject 
to the terms and conditions of the Altera Program License 
Subscription Agreement, Altera MegaCore Function License 
Agreement, or other applicable license agreement, including, 
without limitation, that your use is for the sole purpose of 
programming logic devices manufactured by Altera and sold by 
Altera or its authorized distributors.  Please refer to the 
applicable agreement for further details.



+---------------------------------------------------------------------------------+
; Analysis & Synthesis Summary                                                    ;
+------------------------------------+--------------------------------------------+
; Analysis & Synthesis Status        ; Failed - Sun Apr 24 10:06:12 2016          ;
; Quartus II 64-Bit Version          ; 13.0.0 Build 156 04/24/2013 SJ Web Edition ;
; Revision Name                      ; rca_16                                     ;
; Top-level Entity Name              ; rca_16                                     ;
; Family                             ; Cyclone II                                 ;
; Total logic elements               ; N/A until Partition Merge                  ;
;     Total combinational functions  ; N/A until Partition Merge                  ;
;     Dedicated logic registers      ; N/A until Partition Merge                  ;
; Total registers                    ; N/A until Partition Merge                  ;
; Total pins                         ; N/A until Partition Merge                  ;
; Total virtual pins                 ; N/A until Partition Merge                  ;
; Total memory bits                  ; N/A until Partition Merge                  ;
; Embedded Multiplier 9-bit elements ; N/A until Partition Merge                  ;
; Total PLLs                         ; N/A until Partition Merge                  ;
+------------------------------------+--------------------------------------------+


+----------------------------------------------------------------------------------------------------------------------+
; Analysis & Synthesis Settings                                                                                        ;
+----------------------------------------------------------------------------+--------------------+--------------------+
; Option                                                                     ; Setting            ; Default Value      ;
+----------------------------------------------------------------------------+--------------------+--------------------+
; Device                                                                     ; EP2C8Q208C8        ;                    ;
; Top-level entity name                                                      ; rca_16             ; rca_16             ;
; Family name                                                                ; Cyclone II         ; Cyclone IV GX      ;
; Use smart compilation                                                      ; Off                ; Off                ;
; Enable parallel Assembler and TimeQuest Timing Analyzer during compilation ; On                 ; On                 ;
; Enable compact report table                                                ; Off                ; Off                ;
; Restructure Multiplexers                                                   ; Auto               ; Auto               ;
; Create Debugging Nodes for IP Cores                                        ; Off                ; Off                ;
; Preserve fewer node names                                                  ; On                 ; On                 ;
; Disable OpenCore Plus hardware evaluation                                  ; Off                ; Off                ;
; Verilog Version                                                            ; Verilog_2001       ; Verilog_2001       ;
; VHDL Version                                                               ; VHDL_1993          ; VHDL_1993          ;
; State Machine Processing                                                   ; Auto               ; Auto               ;
; Safe State Machine                                                         ; Off                ; Off                ;
; Extract Verilog State Machines                                             ; On                 ; On                 ;
; Extract VHDL State Machines                                                ; On                 ; On                 ;
; Ignore Verilog initial constructs                                          ; Off                ; Off                ;
; Iteration limit for constant Verilog loops                                 ; 5000               ; 5000               ;
; Iteration limit for non-constant Verilog loops                             ; 250                ; 250                ;
; Add Pass-Through Logic to Inferred RAMs                                    ; On                 ; On                 ;
; Infer RAMs from Raw Logic                                                  ; On                 ; On                 ;
; Parallel Synthesis                                                         ; On                 ; On                 ;
; DSP Block Balancing                                                        ; Auto               ; Auto               ;
; NOT Gate Push-Back                                                         ; On                 ; On                 ;
; Power-Up Don't Care                                                        ; On                 ; On                 ;
; Remove Redundant Logic Cells                                               ; Off                ; Off                ;
; Remove Duplicate Registers                                                 ; On                 ; On                 ;
; Ignore CARRY Buffers                                                       ; Off                ; Off                ;
; Ignore CASCADE Buffers                                                     ; Off                ; Off                ;
; Ignore GLOBAL Buffers                                                      ; Off                ; Off                ;
; Ignore ROW GLOBAL Buffers                                                  ; Off                ; Off                ;
; Ignore LCELL Buffers                                                       ; Off                ; Off                ;
; Ignore SOFT Buffers                                                        ; On                 ; On                 ;
; Limit AHDL Integers to 32 Bits                                             ; Off                ; Off                ;
; Optimization Technique                                                     ; Balanced           ; Balanced           ;
; Carry Chain Length                                                         ; 70                 ; 70                 ;
; Auto Carry Chains                                                          ; On                 ; On                 ;
; Auto Open-Drain Pins                                                       ; On                 ; On                 ;
; Perform WYSIWYG Primitive Resynthesis                                      ; Off                ; Off                ;
; Auto ROM Replacement                                                       ; On                 ; On                 ;
; Auto RAM Replacement                                                       ; On                 ; On                 ;
; Auto Shift Register Replacement                                            ; Auto               ; Auto               ;
; Allow Shift Register Merging across Hierarchies                            ; Auto               ; Auto               ;
; Auto Clock Enable Replacement                                              ; On                 ; On                 ;
; Strict RAM Replacement                                                     ; Off                ; Off                ;
; Allow Synchronous Control Signals                                          ; On                 ; On                 ;
; Force Use of Synchronous Clear Signals                                     ; Off                ; Off                ;
; Auto RAM to Logic Cell Conversion                                          ; Off                ; Off                ;
; Auto Resource Sharing                                                      ; Off                ; Off                ;
; Allow Any RAM Size For Recognition                                         ; Off                ; Off                ;
; Allow Any ROM Size For Recognition                                         ; Off                ; Off                ;
; Allow Any Shift Register Size For Recognition                              ; Off                ; Off                ;
; Use LogicLock Constraints during Resource Balancing                        ; On                 ; On                 ;
; Ignore translate_off and synthesis_off directives                          ; Off                ; Off                ;
; Timing-Driven Synthesis                                                    ; Off                ; Off                ;
; Report Parameter Settings                                                  ; On                 ; On                 ;
; Report Source Assignments                                                  ; On                 ; On                 ;
; Report Connectivity Checks                                                 ; On                 ; On                 ;
; Ignore Maximum Fan-Out Assignments                                         ; Off                ; Off                ;
; Synchronization Register Chain Length                                      ; 2                  ; 2                  ;
; PowerPlay Power Optimization                                               ; Normal compilation ; Normal compilation ;
; HDL message level                                                          ; Level2             ; Level2             ;
; Suppress Register Optimization Related Messages                            ; Off                ; Off                ;
; Number of Removed Registers Reported in Synthesis Report                   ; 5000               ; 5000               ;
; Number of Swept Nodes Reported in Synthesis Report                         ; 5000               ; 5000               ;
; Number of Inverted Registers Reported in Synthesis Report                  ; 100                ; 100                ;
; Clock MUX Protection                                                       ; On                 ; On                 ;
; Auto Gated Clock Conversion                                                ; Off                ; Off                ;
; Block Design Naming                                                        ; Auto               ; Auto               ;
; SDC constraint protection                                                  ; Off                ; Off                ;
; Synthesis Effort                                                           ; Auto               ; Auto               ;
; Shift Register Replacement - Allow Asynchronous Clear Signal               ; On                 ; On                 ;
; Pre-Mapping Resynthesis Optimization                                       ; Off                ; Off                ;
; Analysis & Synthesis Message Level                                         ; Medium             ; Medium             ;
; Disable Register Merging Across Hierarchies                                ; Auto               ; Auto               ;
; Resource Aware Inference For Block RAM                                     ; On                 ; On                 ;
; Synthesis Seed                                                             ; 1                  ; 1                  ;
+----------------------------------------------------------------------------+--------------------+--------------------+


+------------------------------------------+
; Parallel Compilation                     ;
+----------------------------+-------------+
; Processors                 ; Number      ;
+----------------------------+-------------+
; Number detected on machine ; 4           ;
; Maximum allowed            ; 2           ;
;                            ;             ;
; Average used               ; 1.00        ;
; Maximum used               ; 1           ;
;                            ;             ;
; Usage by Processor         ; % Time Used ;
;     Processor 1            ; 100.0%      ;
;     Processors 2-4         ;   0.0%      ;
+----------------------------+-------------+


+----------------------------------------------------------------------------------------------------------------------------------------------------------------------------------------------------+
; Port Connectivity Checks: "rca_4:m3"                                                                                                                                                               ;
+------+--------+----------+-------------------------------------------------------------------------------------------------------------------------------------------------------------------------+
; Port ; Type   ; Severity ; Details                                                                                                                                                                 ;
+------+--------+----------+-------------------------------------------------------------------------------------------------------------------------------------------------------------------------+
; sum  ; Output ; Warning  ; Output or bidir port (4 bits) is smaller than the port expression (16 bits) it drives.  The 12 most-significant bit(s) in the port expression will be connected to GND. ;
+------+--------+----------+-------------------------------------------------------------------------------------------------------------------------------------------------------------------------+


+----------------------------------------------------------------------------------------------------------------------------------------------------------------------------------------------------+
; Port Connectivity Checks: "rca_4:m2"                                                                                                                                                               ;
+------+--------+----------+-------------------------------------------------------------------------------------------------------------------------------------------------------------------------+
; Port ; Type   ; Severity ; Details                                                                                                                                                                 ;
+------+--------+----------+-------------------------------------------------------------------------------------------------------------------------------------------------------------------------+
; sum  ; Output ; Warning  ; Output or bidir port (4 bits) is smaller than the port expression (16 bits) it drives.  The 12 most-significant bit(s) in the port expression will be connected to GND. ;
+------+--------+----------+-------------------------------------------------------------------------------------------------------------------------------------------------------------------------+


+----------------------------------------------------------------------------------------------------------------------------------------------------------------------------------------------------+
; Port Connectivity Checks: "rca_4:m1"                                                                                                                                                               ;
+------+--------+----------+-------------------------------------------------------------------------------------------------------------------------------------------------------------------------+
; Port ; Type   ; Severity ; Details                                                                                                                                                                 ;
+------+--------+----------+-------------------------------------------------------------------------------------------------------------------------------------------------------------------------+
; sum  ; Output ; Warning  ; Output or bidir port (4 bits) is smaller than the port expression (16 bits) it drives.  The 12 most-significant bit(s) in the port expression will be connected to GND. ;
+------+--------+----------+-------------------------------------------------------------------------------------------------------------------------------------------------------------------------+


+--------------------------------------------------------------------------------------------------------------------------------------------------------------------------------------------------+
; Port Connectivity Checks: "rca_4:m0|adder_full:b3"                                                                                                                                               ;
+------+--------+----------+-----------------------------------------------------------------------------------------------------------------------------------------------------------------------+
; Port ; Type   ; Severity ; Details                                                                                                                                                               ;
+------+--------+----------+-----------------------------------------------------------------------------------------------------------------------------------------------------------------------+
; sum  ; Output ; Warning  ; Output or bidir port (1 bits) is smaller than the port expression (4 bits) it drives.  The 3 most-significant bit(s) in the port expression will be connected to GND. ;
+------+--------+----------+-----------------------------------------------------------------------------------------------------------------------------------------------------------------------+


+--------------------------------------------------------------------------------------------------------------------------------------------------------------------------------------------------+
; Port Connectivity Checks: "rca_4:m0|adder_full:b2"                                                                                                                                               ;
+------+--------+----------+-----------------------------------------------------------------------------------------------------------------------------------------------------------------------+
; Port ; Type   ; Severity ; Details                                                                                                                                                               ;
+------+--------+----------+-----------------------------------------------------------------------------------------------------------------------------------------------------------------------+
; sum  ; Output ; Warning  ; Output or bidir port (1 bits) is smaller than the port expression (4 bits) it drives.  The 3 most-significant bit(s) in the port expression will be connected to GND. ;
+------+--------+----------+-----------------------------------------------------------------------------------------------------------------------------------------------------------------------+


+--------------------------------------------------------------------------------------------------------------------------------------------------------------------------------------------------+
; Port Connectivity Checks: "rca_4:m0|adder_full:b1"                                                                                                                                               ;
+------+--------+----------+-----------------------------------------------------------------------------------------------------------------------------------------------------------------------+
; Port ; Type   ; Severity ; Details                                                                                                                                                               ;
+------+--------+----------+-----------------------------------------------------------------------------------------------------------------------------------------------------------------------+
; sum  ; Output ; Warning  ; Output or bidir port (1 bits) is smaller than the port expression (4 bits) it drives.  The 3 most-significant bit(s) in the port expression will be connected to GND. ;
+------+--------+----------+-----------------------------------------------------------------------------------------------------------------------------------------------------------------------+


+-----------------------------------------------------------------------------------------------------------------+
; Port Connectivity Checks: "rca_4:m0|adder_full:b0|adder_half:h1"                                                ;
+-------+--------+----------+-------------------------------------------------------------------------------------+
; Port  ; Type   ; Severity ; Details                                                                             ;
+-------+--------+----------+-------------------------------------------------------------------------------------+
; c_out ; Output ; Info     ; Connected to dangling logic. Logic that only feeds a dangling port will be removed. ;
+-------+--------+----------+-------------------------------------------------------------------------------------+


+-----------------------------------------------------------------------------------------------------------------+
; Port Connectivity Checks: "rca_4:m0|adder_full:b0|adder_half:h0"                                                ;
+-------+--------+----------+-------------------------------------------------------------------------------------+
; Port  ; Type   ; Severity ; Details                                                                             ;
+-------+--------+----------+-------------------------------------------------------------------------------------+
; c_out ; Output ; Info     ; Connected to dangling logic. Logic that only feeds a dangling port will be removed. ;
+-------+--------+----------+-------------------------------------------------------------------------------------+


+--------------------------------------------------------------------------------------------------------------------------------------------------------------------------------------------------+
; Port Connectivity Checks: "rca_4:m0|adder_full:b0"                                                                                                                                               ;
+------+--------+----------+-----------------------------------------------------------------------------------------------------------------------------------------------------------------------+
; Port ; Type   ; Severity ; Details                                                                                                                                                               ;
+------+--------+----------+-----------------------------------------------------------------------------------------------------------------------------------------------------------------------+
; sum  ; Output ; Warning  ; Output or bidir port (1 bits) is smaller than the port expression (4 bits) it drives.  The 3 most-significant bit(s) in the port expression will be connected to GND. ;
+------+--------+----------+-----------------------------------------------------------------------------------------------------------------------------------------------------------------------+


+----------------------------------------------------------------------------------------------------------------------------------------------------------------------------------------------------+
; Port Connectivity Checks: "rca_4:m0"                                                                                                                                                               ;
+------+--------+----------+-------------------------------------------------------------------------------------------------------------------------------------------------------------------------+
; Port ; Type   ; Severity ; Details                                                                                                                                                                 ;
+------+--------+----------+-------------------------------------------------------------------------------------------------------------------------------------------------------------------------+
; sum  ; Output ; Warning  ; Output or bidir port (4 bits) is smaller than the port expression (16 bits) it drives.  The 12 most-significant bit(s) in the port expression will be connected to GND. ;
+------+--------+----------+-------------------------------------------------------------------------------------------------------------------------------------------------------------------------+


+-------------------------------+
; Analysis & Synthesis Messages ;
+-------------------------------+
Info: *******************************************************************
Info: Running Quartus II 64-Bit Analysis & Synthesis
    Info: Version 13.0.0 Build 156 04/24/2013 SJ Web Edition
    Info: Processing started: Sun Apr 24 10:06:11 2016
Info: Command: quartus_map --read_settings_files=on --write_settings_files=off rca_16 -c rca_16
Info (11104): Parallel Compilation has detected 4 hyper-threaded processors. However, the extra hyper-threaded processors will not be used by default. Parallel Compilation will use 2 of the 2 physical processors detected instead.
Info (12021): Found 1 design units, including 1 entities, in source file rca_16.v
    Info (12023): Found entity 1: rca_16
Info (12021): Found 1 design units, including 1 entities, in source file rca_4.v
    Info (12023): Found entity 1: rca_4
Info (12021): Found 1 design units, including 1 entities, in source file adder_full.v
    Info (12023): Found entity 1: adder_full
Info (12021): Found 1 design units, including 1 entities, in source file adder_half.v
    Info (12023): Found entity 1: adder_half
Info (12127): Elaborating entity "rca_16" for the top level hierarchy
Info (12128): Elaborating entity "rca_4" for hierarchy "rca_4:m0"
Info (12128): Elaborating entity "adder_full" for hierarchy "rca_4:m0|adder_full:b0"
Warning (10034): Output port "c_out" at adder_full.v(6) has no driver
Info (12128): Elaborating entity "adder_half" for hierarchy "rca_4:m0|adder_full:b0|adder_half:h0"
Warning (10034): Output port "sum" at adder_half.v(4) has no driver
Warning (10034): Output port "c_out" at adder_half.v(5) has no driver
Warning (12158): Entity "adder_half" contains only dangling pins
Warning (12030): Port "sum" on the entity instantiation of "b3" is connected to a signal of width 4. The formal width of the signal in the module is 1.  The extra bits will be left dangling without any fan-out logic.
Warning (12030): Port "sum" on the entity instantiation of "b2" is connected to a signal of width 4. The formal width of the signal in the module is 1.  The extra bits will be left dangling without any fan-out logic.
Warning (12030): Port "sum" on the entity instantiation of "b1" is connected to a signal of width 4. The formal width of the signal in the module is 1.  The extra bits will be left dangling without any fan-out logic.
Warning (12030): Port "sum" on the entity instantiation of "b0" is connected to a signal of width 4. The formal width of the signal in the module is 1.  The extra bits will be left dangling without any fan-out logic.
Warning (12011): Net is missing source, defaulting to GND
    Warning (12110): Net "rca_4:m3|sum[3]" is missing source, defaulting to GND
    Warning (12110): Net "rca_4:m3|sum[2]" is missing source, defaulting to GND
    Warning (12110): Net "rca_4:m3|sum[1]" is missing source, defaulting to GND
Warning (12030): Port "sum" on the entity instantiation of "b3" is connected to a signal of width 4. The formal width of the signal in the module is 1.  The extra bits will be left dangling without any fan-out logic.
Warning (12030): Port "sum" on the entity instantiation of "b2" is connected to a signal of width 4. The formal width of the signal in the module is 1.  The extra bits will be left dangling without any fan-out logic.
Warning (12030): Port "sum" on the entity instantiation of "b1" is connected to a signal of width 4. The formal width of the signal in the module is 1.  The extra bits will be left dangling without any fan-out logic.
Warning (12030): Port "sum" on the entity instantiation of "b0" is connected to a signal of width 4. The formal width of the signal in the module is 1.  The extra bits will be left dangling without any fan-out logic.
Warning (12011): Net is missing source, defaulting to GND
    Warning (12110): Net "rca_4:m2|sum[3]" is missing source, defaulting to GND
    Warning (12110): Net "rca_4:m2|sum[2]" is missing source, defaulting to GND
    Warning (12110): Net "rca_4:m2|sum[1]" is missing source, defaulting to GND
Warning (12011): Net is missing source, defaulting to GND
    Warning (12110): Net "rca_4:m3|sum[3]" is missing source, defaulting to GND
    Warning (12110): Net "rca_4:m3|sum[2]" is missing source, defaulting to GND
    Warning (12110): Net "rca_4:m3|sum[1]" is missing source, defaulting to GND
Warning (12030): Port "sum" on the entity instantiation of "b3" is connected to a signal of width 4. The formal width of the signal in the module is 1.  The extra bits will be left dangling without any fan-out logic.
Warning (12030): Port "sum" on the entity instantiation of "b2" is connected to a signal of width 4. The formal width of the signal in the module is 1.  The extra bits will be left dangling without any fan-out logic.
Warning (12030): Port "sum" on the entity instantiation of "b1" is connected to a signal of width 4. The formal width of the signal in the module is 1.  The extra bits will be left dangling without any fan-out logic.
Warning (12030): Port "sum" on the entity instantiation of "b0" is connected to a signal of width 4. The formal width of the signal in the module is 1.  The extra bits will be left dangling without any fan-out logic.
Warning (12011): Net is missing source, defaulting to GND
    Warning (12110): Net "rca_4:m1|sum[3]" is missing source, defaulting to GND
    Warning (12110): Net "rca_4:m1|sum[2]" is missing source, defaulting to GND
    Warning (12110): Net "rca_4:m1|sum[1]" is missing source, defaulting to GND
Warning (12011): Net is missing source, defaulting to GND
    Warning (12110): Net "rca_4:m3|sum[3]" is missing source, defaulting to GND
    Warning (12110): Net "rca_4:m3|sum[2]" is missing source, defaulting to GND
    Warning (12110): Net "rca_4:m3|sum[1]" is missing source, defaulting to GND
    Warning (12110): Net "rca_4:m2|sum[3]" is missing source, defaulting to GND
    Warning (12110): Net "rca_4:m2|sum[2]" is missing source, defaulting to GND
    Warning (12110): Net "rca_4:m2|sum[1]" is missing source, defaulting to GND
Warning (12011): Net is missing source, defaulting to GND
    Warning (12110): Net "rca_4:m0|sum[3]" is missing source, defaulting to GND
    Warning (12110): Net "rca_4:m0|sum[2]" is missing source, defaulting to GND
    Warning (12110): Net "rca_4:m0|sum[1]" is missing source, defaulting to GND
Warning (12011): Net is missing source, defaulting to GND
    Warning (12110): Net "sum[15]" is missing source, defaulting to GND
    Warning (12110): Net "sum[14]" is missing source, defaulting to GND
    Warning (12110): Net "sum[13]" is missing source, defaulting to GND
    Warning (12110): Net "sum[12]" is missing source, defaulting to GND
    Warning (12110): Net "sum[11]" is missing source, defaulting to GND
    Warning (12110): Net "sum[10]" is missing source, defaulting to GND
    Warning (12110): Net "sum[9]" is missing source, defaulting to GND
    Warning (12110): Net "sum[8]" is missing source, defaulting to GND
    Warning (12110): Net "sum[7]" is missing source, defaulting to GND
    Warning (12110): Net "sum[6]" is missing source, defaulting to GND
    Warning (12110): Net "sum[5]" is missing source, defaulting to GND
    Warning (12110): Net "sum[4]" is missing source, defaulting to GND
    Warning (12110): Net "rca_4:m3|sum[3]" is missing source, defaulting to GND
    Warning (12110): Net "rca_4:m3|sum[2]" is missing source, defaulting to GND
    Warning (12110): Net "rca_4:m3|sum[1]" is missing source, defaulting to GND
    Warning (12110): Net "rca_4:m2|sum[3]" is missing source, defaulting to GND
    Warning (12110): Net "rca_4:m2|sum[2]" is missing source, defaulting to GND
    Warning (12110): Net "rca_4:m2|sum[1]" is missing source, defaulting to GND
    Warning (12110): Net "rca_4:m1|sum[3]" is missing source, defaulting to GND
    Warning (12110): Net "rca_4:m1|sum[2]" is missing source, defaulting to GND
    Warning (12110): Net "rca_4:m1|sum[1]" is missing source, defaulting to GND
Error (12014): Net "sum[3]", which fans out to "sum[3]", cannot be assigned more than one value File: D:/lcyProject/20160424/rca_16/rca_16.v Line: 5
    Error (12015): Net is fed by "rca_4:m0|sum[3]" File: D:/lcyProject/20160424/rca_16/rca_4.v Line: 5
    Error (12015): Net is fed by "rca_4:m1|sum[3]" File: D:/lcyProject/20160424/rca_16/rca_4.v Line: 5
    Error (12015): Net is fed by "rca_4:m2|sum[3]" File: D:/lcyProject/20160424/rca_16/rca_4.v Line: 5
    Error (12015): Net is fed by "rca_4:m3|sum[3]" File: D:/lcyProject/20160424/rca_16/rca_4.v Line: 5
Error (12014): Net "sum[2]", which fans out to "sum[2]", cannot be assigned more than one value File: D:/lcyProject/20160424/rca_16/rca_16.v Line: 5
    Error (12015): Net is fed by "rca_4:m0|sum[2]" File: D:/lcyProject/20160424/rca_16/rca_4.v Line: 5
    Error (12015): Net is fed by "rca_4:m1|sum[2]" File: D:/lcyProject/20160424/rca_16/rca_4.v Line: 5
    Error (12015): Net is fed by "rca_4:m2|sum[2]" File: D:/lcyProject/20160424/rca_16/rca_4.v Line: 5
    Error (12015): Net is fed by "rca_4:m3|sum[2]" File: D:/lcyProject/20160424/rca_16/rca_4.v Line: 5
Error (12014): Net "sum[1]", which fans out to "sum[1]", cannot be assigned more than one value File: D:/lcyProject/20160424/rca_16/rca_16.v Line: 5
    Error (12015): Net is fed by "rca_4:m0|sum[1]" File: D:/lcyProject/20160424/rca_16/rca_4.v Line: 5
    Error (12015): Net is fed by "rca_4:m1|sum[1]" File: D:/lcyProject/20160424/rca_16/rca_4.v Line: 5
    Error (12015): Net is fed by "rca_4:m2|sum[1]" File: D:/lcyProject/20160424/rca_16/rca_4.v Line: 5
    Error (12015): Net is fed by "rca_4:m3|sum[1]" File: D:/lcyProject/20160424/rca_16/rca_4.v Line: 5
Error (12014): Net "sum[0]", which fans out to "sum[0]", cannot be assigned more than one value File: D:/lcyProject/20160424/rca_16/rca_16.v Line: 5
    Error (12015): Net is fed by "rca_4:m0|sum[0]" File: D:/lcyProject/20160424/rca_16/rca_4.v Line: 5
    Error (12015): Net is fed by "rca_4:m1|sum[0]" File: D:/lcyProject/20160424/rca_16/rca_4.v Line: 5
    Error (12015): Net is fed by "rca_4:m2|sum[0]" File: D:/lcyProject/20160424/rca_16/rca_4.v Line: 5
    Error (12015): Net is fed by "rca_4:m3|sum[0]" File: D:/lcyProject/20160424/rca_16/rca_4.v Line: 5
Error (12014): Net "rca_4:m3|sum[0]", which fans out to "rca_4:m3|sum[0]", cannot be assigned more than one value File: D:/lcyProject/20160424/rca_16/rca_4.v Line: 5
    Error (12015): Net is fed by "rca_4:m3|adder_full:b0|sum" File: D:/lcyProject/20160424/rca_16/adder_full.v Line: 5
    Error (12015): Net is fed by "rca_4:m3|adder_full:b1|sum" File: D:/lcyProject/20160424/rca_16/adder_full.v Line: 5
    Error (12015): Net is fed by "rca_4:m3|adder_full:b2|sum" File: D:/lcyProject/20160424/rca_16/adder_full.v Line: 5
    Error (12015): Net is fed by "rca_4:m3|adder_full:b3|sum" File: D:/lcyProject/20160424/rca_16/adder_full.v Line: 5
Error (12014): Net "rca_4:m3|adder_full:b3|sum", which fans out to "rca_4:m3|adder_full:b3|sum", cannot be assigned more than one value File: D:/lcyProject/20160424/rca_16/adder_full.v Line: 5
    Error (12015): Net is fed by "rca_4:m3|adder_full:b3|adder_half:h0|sum" File: D:/lcyProject/20160424/rca_16/adder_half.v Line: 4
    Error (12015): Net is fed by "rca_4:m3|adder_full:b3|adder_half:h1|sum" File: D:/lcyProject/20160424/rca_16/adder_half.v Line: 4
Error (12014): Net "rca_4:m3|adder_full:b2|sum", which fans out to "rca_4:m3|adder_full:b2|sum", cannot be assigned more than one value File: D:/lcyProject/20160424/rca_16/adder_full.v Line: 5
    Error (12015): Net is fed by "rca_4:m3|adder_full:b2|adder_half:h0|sum" File: D:/lcyProject/20160424/rca_16/adder_half.v Line: 4
    Error (12015): Net is fed by "rca_4:m3|adder_full:b2|adder_half:h1|sum" File: D:/lcyProject/20160424/rca_16/adder_half.v Line: 4
Error (12014): Net "rca_4:m3|adder_full:b1|sum", which fans out to "rca_4:m3|adder_full:b1|sum", cannot be assigned more than one value File: D:/lcyProject/20160424/rca_16/adder_full.v Line: 5
    Error (12015): Net is fed by "rca_4:m3|adder_full:b1|adder_half:h0|sum" File: D:/lcyProject/20160424/rca_16/adder_half.v Line: 4
    Error (12015): Net is fed by "rca_4:m3|adder_full:b1|adder_half:h1|sum" File: D:/lcyProject/20160424/rca_16/adder_half.v Line: 4
Error (12014): Net "rca_4:m3|adder_full:b0|sum", which fans out to "rca_4:m3|adder_full:b0|sum", cannot be assigned more than one value File: D:/lcyProject/20160424/rca_16/adder_full.v Line: 5
    Error (12015): Net is fed by "rca_4:m3|adder_full:b0|adder_half:h0|sum" File: D:/lcyProject/20160424/rca_16/adder_half.v Line: 4
    Error (12015): Net is fed by "rca_4:m3|adder_full:b0|adder_half:h1|sum" File: D:/lcyProject/20160424/rca_16/adder_half.v Line: 4
Error (12014): Net "rca_4:m2|sum[0]", which fans out to "rca_4:m2|sum[0]", cannot be assigned more than one value File: D:/lcyProject/20160424/rca_16/rca_4.v Line: 5
    Error (12015): Net is fed by "rca_4:m2|adder_full:b0|sum" File: D:/lcyProject/20160424/rca_16/adder_full.v Line: 5
    Error (12015): Net is fed by "rca_4:m2|adder_full:b1|sum" File: D:/lcyProject/20160424/rca_16/adder_full.v Line: 5
    Error (12015): Net is fed by "rca_4:m2|adder_full:b2|sum" File: D:/lcyProject/20160424/rca_16/adder_full.v Line: 5
    Error (12015): Net is fed by "rca_4:m2|adder_full:b3|sum" File: D:/lcyProject/20160424/rca_16/adder_full.v Line: 5
Error (12014): Net "rca_4:m2|adder_full:b3|sum", which fans out to "rca_4:m2|adder_full:b3|sum", cannot be assigned more than one value File: D:/lcyProject/20160424/rca_16/adder_full.v Line: 5
    Error (12015): Net is fed by "rca_4:m2|adder_full:b3|adder_half:h0|sum" File: D:/lcyProject/20160424/rca_16/adder_half.v Line: 4
    Error (12015): Net is fed by "rca_4:m2|adder_full:b3|adder_half:h1|sum" File: D:/lcyProject/20160424/rca_16/adder_half.v Line: 4
Error (12014): Net "rca_4:m2|adder_full:b2|sum", which fans out to "rca_4:m2|adder_full:b2|sum", cannot be assigned more than one value File: D:/lcyProject/20160424/rca_16/adder_full.v Line: 5
    Error (12015): Net is fed by "rca_4:m2|adder_full:b2|adder_half:h0|sum" File: D:/lcyProject/20160424/rca_16/adder_half.v Line: 4
    Error (12015): Net is fed by "rca_4:m2|adder_full:b2|adder_half:h1|sum" File: D:/lcyProject/20160424/rca_16/adder_half.v Line: 4
Error (12014): Net "rca_4:m2|adder_full:b1|sum", which fans out to "rca_4:m2|adder_full:b1|sum", cannot be assigned more than one value File: D:/lcyProject/20160424/rca_16/adder_full.v Line: 5
    Error (12015): Net is fed by "rca_4:m2|adder_full:b1|adder_half:h0|sum" File: D:/lcyProject/20160424/rca_16/adder_half.v Line: 4
    Error (12015): Net is fed by "rca_4:m2|adder_full:b1|adder_half:h1|sum" File: D:/lcyProject/20160424/rca_16/adder_half.v Line: 4
Error (12014): Net "rca_4:m2|adder_full:b0|sum", which fans out to "rca_4:m2|adder_full:b0|sum", cannot be assigned more than one value File: D:/lcyProject/20160424/rca_16/adder_full.v Line: 5
    Error (12015): Net is fed by "rca_4:m2|adder_full:b0|adder_half:h0|sum" File: D:/lcyProject/20160424/rca_16/adder_half.v Line: 4
    Error (12015): Net is fed by "rca_4:m2|adder_full:b0|adder_half:h1|sum" File: D:/lcyProject/20160424/rca_16/adder_half.v Line: 4
Error (12014): Net "rca_4:m1|sum[0]", which fans out to "rca_4:m1|sum[0]", cannot be assigned more than one value File: D:/lcyProject/20160424/rca_16/rca_4.v Line: 5
    Error (12015): Net is fed by "rca_4:m1|adder_full:b0|sum" File: D:/lcyProject/20160424/rca_16/adder_full.v Line: 5
    Error (12015): Net is fed by "rca_4:m1|adder_full:b1|sum" File: D:/lcyProject/20160424/rca_16/adder_full.v Line: 5
    Error (12015): Net is fed by "rca_4:m1|adder_full:b2|sum" File: D:/lcyProject/20160424/rca_16/adder_full.v Line: 5
    Error (12015): Net is fed by "rca_4:m1|adder_full:b3|sum" File: D:/lcyProject/20160424/rca_16/adder_full.v Line: 5
Error (12014): Net "rca_4:m1|adder_full:b3|sum", which fans out to "rca_4:m1|adder_full:b3|sum", cannot be assigned more than one value File: D:/lcyProject/20160424/rca_16/adder_full.v Line: 5
    Error (12015): Net is fed by "rca_4:m1|adder_full:b3|adder_half:h0|sum" File: D:/lcyProject/20160424/rca_16/adder_half.v Line: 4
    Error (12015): Net is fed by "rca_4:m1|adder_full:b3|adder_half:h1|sum" File: D:/lcyProject/20160424/rca_16/adder_half.v Line: 4
Error (12014): Net "rca_4:m1|adder_full:b2|sum", which fans out to "rca_4:m1|adder_full:b2|sum", cannot be assigned more than one value File: D:/lcyProject/20160424/rca_16/adder_full.v Line: 5
    Error (12015): Net is fed by "rca_4:m1|adder_full:b2|adder_half:h0|sum" File: D:/lcyProject/20160424/rca_16/adder_half.v Line: 4
    Error (12015): Net is fed by "rca_4:m1|adder_full:b2|adder_half:h1|sum" File: D:/lcyProject/20160424/rca_16/adder_half.v Line: 4
Error (12014): Net "rca_4:m1|adder_full:b1|sum", which fans out to "rca_4:m1|adder_full:b1|sum", cannot be assigned more than one value File: D:/lcyProject/20160424/rca_16/adder_full.v Line: 5
    Error (12015): Net is fed by "rca_4:m1|adder_full:b1|adder_half:h0|sum" File: D:/lcyProject/20160424/rca_16/adder_half.v Line: 4
    Error (12015): Net is fed by "rca_4:m1|adder_full:b1|adder_half:h1|sum" File: D:/lcyProject/20160424/rca_16/adder_half.v Line: 4
Error (12014): Net "rca_4:m1|adder_full:b0|sum", which fans out to "rca_4:m1|adder_full:b0|sum", cannot be assigned more than one value File: D:/lcyProject/20160424/rca_16/adder_full.v Line: 5
    Error (12015): Net is fed by "rca_4:m1|adder_full:b0|adder_half:h0|sum" File: D:/lcyProject/20160424/rca_16/adder_half.v Line: 4
    Error (12015): Net is fed by "rca_4:m1|adder_full:b0|adder_half:h1|sum" File: D:/lcyProject/20160424/rca_16/adder_half.v Line: 4
Error (12014): Net "rca_4:m0|sum[0]", which fans out to "rca_4:m0|sum[0]", cannot be assigned more than one value File: D:/lcyProject/20160424/rca_16/rca_4.v Line: 5
    Error (12015): Net is fed by "rca_4:m0|adder_full:b0|sum" File: D:/lcyProject/20160424/rca_16/adder_full.v Line: 5
    Error (12015): Net is fed by "rca_4:m0|adder_full:b1|sum" File: D:/lcyProject/20160424/rca_16/adder_full.v Line: 5
    Error (12015): Net is fed by "rca_4:m0|adder_full:b2|sum" File: D:/lcyProject/20160424/rca_16/adder_full.v Line: 5
    Error (12015): Net is fed by "rca_4:m0|adder_full:b3|sum" File: D:/lcyProject/20160424/rca_16/adder_full.v Line: 5
Error (12014): Net "rca_4:m0|adder_full:b3|sum", which fans out to "rca_4:m0|adder_full:b3|sum", cannot be assigned more than one value File: D:/lcyProject/20160424/rca_16/adder_full.v Line: 5
    Error (12015): Net is fed by "rca_4:m0|adder_full:b3|adder_half:h0|sum" File: D:/lcyProject/20160424/rca_16/adder_half.v Line: 4
    Error (12015): Net is fed by "rca_4:m0|adder_full:b3|adder_half:h1|sum" File: D:/lcyProject/20160424/rca_16/adder_half.v Line: 4
Error (12014): Net "rca_4:m0|adder_full:b2|sum", which fans out to "rca_4:m0|adder_full:b2|sum", cannot be assigned more than one value File: D:/lcyProject/20160424/rca_16/adder_full.v Line: 5
    Error (12015): Net is fed by "rca_4:m0|adder_full:b2|adder_half:h0|sum" File: D:/lcyProject/20160424/rca_16/adder_half.v Line: 4
    Error (12015): Net is fed by "rca_4:m0|adder_full:b2|adder_half:h1|sum" File: D:/lcyProject/20160424/rca_16/adder_half.v Line: 4
Error (12014): Net "rca_4:m0|adder_full:b1|sum", which fans out to "rca_4:m0|adder_full:b1|sum", cannot be assigned more than one value File: D:/lcyProject/20160424/rca_16/adder_full.v Line: 5
    Error (12015): Net is fed by "rca_4:m0|adder_full:b1|adder_half:h0|sum" File: D:/lcyProject/20160424/rca_16/adder_half.v Line: 4
    Error (12015): Net is fed by "rca_4:m0|adder_full:b1|adder_half:h1|sum" File: D:/lcyProject/20160424/rca_16/adder_half.v Line: 4
Error (12014): Net "rca_4:m0|adder_full:b0|sum", which fans out to "rca_4:m0|adder_full:b0|sum", cannot be assigned more than one value File: D:/lcyProject/20160424/rca_16/adder_full.v Line: 5
    Error (12015): Net is fed by "rca_4:m0|adder_full:b0|adder_half:h0|sum" File: D:/lcyProject/20160424/rca_16/adder_half.v Line: 4
    Error (12015): Net is fed by "rca_4:m0|adder_full:b0|adder_half:h1|sum" File: D:/lcyProject/20160424/rca_16/adder_half.v Line: 4
Warning (12241): 8 hierarchies have connectivity warnings - see the Connectivity Checks report folder
Error: Quartus II 64-Bit Analysis & Synthesis was unsuccessful. 88 errors, 66 warnings
    Error: Peak virtual memory: 464 megabytes
    Error: Processing ended: Sun Apr 24 10:06:12 2016
    Error: Elapsed time: 00:00:01
    Error: Total CPU time (on all processors): 00:00:01


