Flow report for div_freq
Wed Mar 15 10:22:42 2017
Quartus II Version 9.0 Build 132 02/25/2009 SJ Full Version


---------------------
; Table of Contents ;
---------------------
  1. Legal Notice
  2. Flow Summary
  3. Flow Settings
  4. Flow Non-Default Global Settings
  5. Flow Elapsed Time
  6. Flow OS Summary
  7. Flow Log



----------------
; Legal Notice ;
----------------
Copyright (C) 1991-2009 Altera Corporation
Your use of Altera Corporation's design tools, logic functions 
and other software and tools, and its AMPP partner logic 
functions, and any output files from any of the foregoing 
(including device programming or simulation files), and any 
associated documentation or information are expressly subject 
to the terms and conditions of the Altera Program License 
Subscription Agreement, Altera MegaCore Function License 
Agreement, or other applicable license agreement, including, 
without limitation, that your use is for the sole purpose of 
programming logic devices manufactured by Altera and sold by 
Altera or its authorized distributors.  Please refer to the 
applicable agreement for further details.



+-------------------------------------------------------------------------------+
; Flow Summary                                                                  ;
+------------------------------------+------------------------------------------+
; Flow Status                        ; Successful - Wed Mar 15 10:22:42 2017    ;
; Quartus II Version                 ; 9.0 Build 132 02/25/2009 SJ Full Version ;
; Revision Name                      ; div_freq                                 ;
; Top-level Entity Name              ; divider2                                 ;
; Family                             ; Cyclone II                               ;
; Device                             ; EP2C35F672C6                             ;
; Timing Models                      ; Final                                    ;
; Met timing requirements            ; N/A                                      ;
; Total logic elements               ; 41                                       ;
;     Total combinational functions  ; 40                                       ;
;     Dedicated logic registers      ; 29                                       ;
; Total registers                    ; 29                                       ;
; Total pins                         ; 3                                        ;
; Total virtual pins                 ; 0                                        ;
; Total memory bits                  ; 0                                        ;
; Embedded Multiplier 9-bit elements ; 0                                        ;
; Total PLLs                         ; 0                                        ;
+------------------------------------+------------------------------------------+


+-----------------------------------------+
; Flow Settings                           ;
+-------------------+---------------------+
; Option            ; Setting             ;
+-------------------+---------------------+
; Start date & time ; 03/15/2017 10:22:40 ;
; Main task         ; Compilation         ;
; Revision Name     ; div_freq            ;
+-------------------+---------------------+


+------------------------------------------------------------------------------------------------------------------------+
; Flow Non-Default Global Settings                                                                                       ;
+---------------------------------------+---------------------------------+---------------+-------------+----------------+
; Assignment Name                       ; Value                           ; Default Value ; Entity Name ; Section Id     ;
+---------------------------------------+---------------------------------+---------------+-------------+----------------+
; COMPILER_SIGNATURE_ID                 ; 143647489152513.148954455910884 ; --            ; --          ; --             ;
; EDA_DESIGN_INSTANCE_NAME              ; NA                              ; --            ; --          ; div_freq2n_tb  ;
; EDA_DESIGN_INSTANCE_NAME              ; NA                              ; --            ; --          ; div_freq_tb    ;
; EDA_DESIGN_INSTANCE_NAME              ; NA                              ; --            ; --          ; divider_tb     ;
; EDA_DESIGN_INSTANCE_NAME              ; NA                              ; --            ; --          ; divider2_tb    ;
; EDA_NATIVELINK_SIMULATION_TEST_BENCH  ; divider2_tb                     ; --            ; --          ; eda_simulation ;
; EDA_OUTPUT_DATA_FORMAT                ; Verilog Hdl                     ; --            ; --          ; eda_simulation ;
; EDA_SIMULATION_TOOL                   ; ModelSim-Altera (Verilog)       ; <None>        ; --          ; --             ;
; EDA_TEST_BENCH_ENABLE_STATUS          ; TEST_BENCH_MODE                 ; --            ; --          ; eda_simulation ;
; EDA_TEST_BENCH_FILE                   ; div_freq2n_tb.v                 ; --            ; --          ; div_freq2n_tb  ;
; EDA_TEST_BENCH_FILE                   ; div_freq_tb.v                   ; --            ; --          ; div_freq_tb    ;
; EDA_TEST_BENCH_FILE                   ; divider_tb.v                    ; --            ; --          ; divider_tb     ;
; EDA_TEST_BENCH_FILE                   ; divider2_tb.v                   ; --            ; --          ; divider2_tb    ;
; EDA_TEST_BENCH_MODULE_NAME            ; div_freq2n_tb                   ; --            ; --          ; div_freq2n_tb  ;
; EDA_TEST_BENCH_MODULE_NAME            ; div_freq_tb                     ; --            ; --          ; div_freq_tb    ;
; EDA_TEST_BENCH_MODULE_NAME            ; divider_tb                      ; --            ; --          ; divider_tb     ;
; EDA_TEST_BENCH_MODULE_NAME            ; divider2_tb                     ; --            ; --          ; divider2_tb    ;
; EDA_TEST_BENCH_NAME                   ; div_freq2n_tb                   ; --            ; --          ; eda_simulation ;
; EDA_TEST_BENCH_NAME                   ; div_freq_tb                     ; --            ; --          ; eda_simulation ;
; EDA_TEST_BENCH_NAME                   ; divider_tb                      ; --            ; --          ; eda_simulation ;
; EDA_TEST_BENCH_NAME                   ; divider2_tb                     ; --            ; --          ; eda_simulation ;
; EDA_TIME_SCALE                        ; 1 ps                            ; --            ; --          ; eda_simulation ;
; MAX_CORE_JUNCTION_TEMP                ; 85                              ; --            ; --          ; --             ;
; MIN_CORE_JUNCTION_TEMP                ; 0                               ; --            ; --          ; --             ;
; NOMINAL_CORE_SUPPLY_VOLTAGE           ; 1.2V                            ; --            ; --          ; --             ;
; PARTITION_COLOR                       ; 16764057                        ; --            ; divider2    ; Top            ;
; PARTITION_FITTER_PRESERVATION_LEVEL   ; PLACEMENT_AND_ROUTING           ; --            ; divider2    ; Top            ;
; PARTITION_NETLIST_TYPE                ; SOURCE                          ; --            ; divider2    ; Top            ;
; SYNCHRONIZATION_REGISTER_CHAIN_LENGTH ; 2                               ; 3             ; --          ; --             ;
; SYNTH_TIMING_DRIVEN_SYNTHESIS         ; Off                             ; On            ; --          ; --             ;
; TOP_LEVEL_ENTITY                      ; divider2                        ; div_freq      ; --          ; --             ;
+---------------------------------------+---------------------------------+---------------+-------------+----------------+


+--------------------------------------------------------------------------------------------------------------------------+
; Flow Elapsed Time                                                                                                        ;
+----------------------+--------------+-------------------------+---------------------+------------------------------------+
; Module Name          ; Elapsed Time ; Average Processors Used ; Peak Virtual Memory ; Total CPU Time (on all processors) ;
+----------------------+--------------+-------------------------+---------------------+------------------------------------+
; Analysis & Synthesis ; 00:00:03     ; 1.0                     ; 241 MB              ; 00:00:01                           ;
; Total                ; 00:00:03     ; --                      ; --                  ; 00:00:01                           ;
+----------------------+--------------+-------------------------+---------------------+------------------------------------+


+---------------------------------------------------------------------------------------+
; Flow OS Summary                                                                       ;
+----------------------+------------------+---------------+------------+----------------+
; Module Name          ; Machine Hostname ; OS Name       ; OS Version ; Processor type ;
+----------------------+------------------+---------------+------------+----------------+
; Analysis & Synthesis ; PC201604         ; Windows Vista ; 6.2        ; x86_64         ;
+----------------------+------------------+---------------+------------+----------------+


------------
; Flow Log ;
------------
quartus_map --read_settings_files=on --write_settings_files=off div_freq -c div_freq



