Flow report for spi_three_wire
Mon Feb 06 18:42:51 2017
Quartus II 64-Bit Version 13.0.0 Build 156 04/24/2013 SJ Web Edition


---------------------
; Table of Contents ;
---------------------
  1. Legal Notice
  2. Flow Summary
  3. Flow Settings
  4. Flow Non-Default Global Settings
  5. Flow Elapsed Time
  6. Flow OS Summary
  7. Flow Log
  8. Flow Messages
  9. Flow Suppressed Messages



----------------
; Legal Notice ;
----------------
Copyright (C) 1991-2013 Altera Corporation
Your use of Altera Corporation's design tools, logic functions 
and other software and tools, and its AMPP partner logic 
functions, and any output files from any of the foregoing 
(including device programming or simulation files), and any 
associated documentation or information are expressly subject 
to the terms and conditions of the Altera Program License 
Subscription Agreement, Altera MegaCore Function License 
Agreement, or other applicable license agreement, including, 
without limitation, that your use is for the sole purpose of 
programming logic devices manufactured by Altera and sold by 
Altera or its authorized distributors.  Please refer to the 
applicable agreement for further details.



+---------------------------------------------------------------------------------+
; Flow Summary                                                                    ;
+------------------------------------+--------------------------------------------+
; Flow Status                        ; Successful - Mon Feb 06 18:42:51 2017      ;
; Quartus II 64-Bit Version          ; 13.0.0 Build 156 04/24/2013 SJ Web Edition ;
; Revision Name                      ; spi_three_wire                             ;
; Top-level Entity Name              ; spi_write                                  ;
; Family                             ; Cyclone IV GX                              ;
; Total logic elements               ; 30                                         ;
;     Total combinational functions  ; 30                                         ;
;     Dedicated logic registers      ; 24                                         ;
; Total registers                    ; 24                                         ;
; Total pins                         ; 23                                         ;
; Total virtual pins                 ; 0                                          ;
; Total memory bits                  ; 0                                          ;
; Embedded Multiplier 9-bit elements ; 0                                          ;
; Total GXB Receiver Channel PCS     ; 0                                          ;
; Total GXB Receiver Channel PMA     ; 0                                          ;
; Total GXB Transmitter Channel PCS  ; 0                                          ;
; Total GXB Transmitter Channel PMA  ; 0                                          ;
; Total PLLs                         ; 0                                          ;
+------------------------------------+--------------------------------------------+


+-----------------------------------------+
; Flow Settings                           ;
+-------------------+---------------------+
; Option            ; Setting             ;
+-------------------+---------------------+
; Start date & time ; 02/06/2017 18:42:49 ;
; Main task         ; Compilation         ;
; Revision Name     ; spi_three_wire      ;
+-------------------+---------------------+


+-----------------------------------------------------------------------------------------------------------------------------+
; Flow Non-Default Global Settings                                                                                            ;
+--------------------------------------+---------------------------------+----------------+-------------+---------------------+
; Assignment Name                      ; Value                           ; Default Value  ; Entity Name ; Section Id          ;
+--------------------------------------+---------------------------------+----------------+-------------+---------------------+
; COMPILER_SIGNATURE_ID                ; 143647489152513.148637776908608 ; --             ; --          ; --                  ;
; EDA_DESIGN_INSTANCE_NAME             ; NA                              ; --             ; --          ; spi_three_wire_test ;
; EDA_DESIGN_INSTANCE_NAME             ; NA                              ; --             ; --          ; spi_write_test      ;
; EDA_NATIVELINK_SIMULATION_TEST_BENCH ; spi_write_test                  ; --             ; --          ; eda_simulation      ;
; EDA_OUTPUT_DATA_FORMAT               ; Verilog Hdl                     ; --             ; --          ; eda_simulation      ;
; EDA_SIMULATION_TOOL                  ; ModelSim-Altera (Verilog)       ; <None>         ; --          ; --                  ;
; EDA_TEST_BENCH_ENABLE_STATUS         ; TEST_BENCH_MODE                 ; --             ; --          ; eda_simulation      ;
; EDA_TEST_BENCH_FILE                  ; spi_three_wire_test.v           ; --             ; --          ; spi_three_wire_test ;
; EDA_TEST_BENCH_FILE                  ; spi_write_test.v                ; --             ; --          ; spi_write_test      ;
; EDA_TEST_BENCH_MODULE_NAME           ; spi_three_wire_test             ; --             ; --          ; spi_three_wire_test ;
; EDA_TEST_BENCH_MODULE_NAME           ; spi_write_test                  ; --             ; --          ; spi_write_test      ;
; EDA_TEST_BENCH_NAME                  ; spi_three_wire_test             ; --             ; --          ; eda_simulation      ;
; EDA_TEST_BENCH_NAME                  ; spi_write_test                  ; --             ; --          ; eda_simulation      ;
; EDA_TIME_SCALE                       ; 1 ps                            ; --             ; --          ; eda_simulation      ;
; PARTITION_COLOR                      ; 16764057                        ; --             ; spi_write   ; Top                 ;
; PARTITION_FITTER_PRESERVATION_LEVEL  ; PLACEMENT_AND_ROUTING           ; --             ; spi_write   ; Top                 ;
; PARTITION_NETLIST_TYPE               ; SOURCE                          ; --             ; spi_write   ; Top                 ;
; PROJECT_OUTPUT_DIRECTORY             ; output_files                    ; --             ; --          ; --                  ;
; TOP_LEVEL_ENTITY                     ; spi_write                       ; spi_three_wire ; --          ; --                  ;
+--------------------------------------+---------------------------------+----------------+-------------+---------------------+


+--------------------------------------------------------------------------------------------------------------------------+
; Flow Elapsed Time                                                                                                        ;
+----------------------+--------------+-------------------------+---------------------+------------------------------------+
; Module Name          ; Elapsed Time ; Average Processors Used ; Peak Virtual Memory ; Total CPU Time (on all processors) ;
+----------------------+--------------+-------------------------+---------------------+------------------------------------+
; Analysis & Synthesis ; 00:00:03     ; 1.0                     ; 518 MB              ; 00:00:02                           ;
; Total                ; 00:00:03     ; --                      ; --                  ; 00:00:02                           ;
+----------------------+--------------+-------------------------+---------------------+------------------------------------+


+-----------------------------------------------------------------------------------+
; Flow OS Summary                                                                   ;
+----------------------+------------------+-----------+------------+----------------+
; Module Name          ; Machine Hostname ; OS Name   ; OS Version ; Processor type ;
+----------------------+------------------+-----------+------------+----------------+
; Analysis & Synthesis ; PC201604         ; Windows 7 ; 6.2        ; x86_64         ;
+----------------------+------------------+-----------+------------+----------------+


------------
; Flow Log ;
------------
quartus_map --read_settings_files=on --write_settings_files=off spi_three_wire -c spi_three_wire



