Flow report for vga_lcy
Tue Mar 28 20:57:07 2017
Quartus II Version 9.0 Build 132 02/25/2009 SJ Full Version


---------------------
; Table of Contents ;
---------------------
  1. Legal Notice
  2. Flow Summary
  3. Flow Settings
  4. Flow Non-Default Global Settings
  5. Flow Elapsed Time
  6. Flow OS Summary
  7. Flow Log



----------------
; Legal Notice ;
----------------
Copyright (C) 1991-2009 Altera Corporation
Your use of Altera Corporation's design tools, logic functions 
and other software and tools, and its AMPP partner logic 
functions, and any output files from any of the foregoing 
(including device programming or simulation files), and any 
associated documentation or information are expressly subject 
to the terms and conditions of the Altera Program License 
Subscription Agreement, Altera MegaCore Function License 
Agreement, or other applicable license agreement, including, 
without limitation, that your use is for the sole purpose of 
programming logic devices manufactured by Altera and sold by 
Altera or its authorized distributors.  Please refer to the 
applicable agreement for further details.



+-------------------------------------------------------------------------------+
; Flow Summary                                                                  ;
+------------------------------------+------------------------------------------+
; Flow Status                        ; Successful - Tue Mar 28 20:57:07 2017    ;
; Quartus II Version                 ; 9.0 Build 132 02/25/2009 SJ Full Version ;
; Revision Name                      ; vga_lcy                                  ;
; Top-level Entity Name              ; vga                                      ;
; Family                             ; Cyclone II                               ;
; Device                             ; EP2C35F672C6                             ;
; Timing Models                      ; Final                                    ;
; Met timing requirements            ; Yes                                      ;
; Total logic elements               ; 133 / 33,216 ( < 1 % )                   ;
;     Total combinational functions  ; 133 / 33,216 ( < 1 % )                   ;
;     Dedicated logic registers      ; 68 / 33,216 ( < 1 % )                    ;
; Total registers                    ; 68                                       ;
; Total pins                         ; 12 / 475 ( 3 % )                         ;
; Total virtual pins                 ; 0                                        ;
; Total memory bits                  ; 512 / 483,840 ( < 1 % )                  ;
; Embedded Multiplier 9-bit elements ; 0 / 70 ( 0 % )                           ;
; Total PLLs                         ; 1 / 4 ( 25 % )                           ;
+------------------------------------+------------------------------------------+


+-----------------------------------------+
; Flow Settings                           ;
+-------------------+---------------------+
; Option            ; Setting             ;
+-------------------+---------------------+
; Start date & time ; 03/28/2017 20:56:38 ;
; Main task         ; Compilation         ;
; Revision Name     ; vga_lcy             ;
+-------------------+---------------------+


+-----------------------------------------------------------------------------------------------------------------------+
; Flow Non-Default Global Settings                                                                                      ;
+--------------------------------------+---------------------------------+---------------+-------------+----------------+
; Assignment Name                      ; Value                           ; Default Value ; Entity Name ; Section Id     ;
+--------------------------------------+---------------------------------+---------------+-------------+----------------+
; COMPILER_SIGNATURE_ID                ; 143647489152513.149070579710184 ; --            ; --          ; --             ;
; EDA_DESIGN_INSTANCE_NAME             ; NA                              ; --            ; --          ; vga_tb         ;
; EDA_NATIVELINK_SIMULATION_TEST_BENCH ; vga_tb                          ; --            ; --          ; eda_simulation ;
; EDA_OUTPUT_DATA_FORMAT               ; Verilog Hdl                     ; --            ; --          ; eda_simulation ;
; EDA_SIMULATION_TOOL                  ; ModelSim-Altera (Verilog)       ; <None>        ; --          ; --             ;
; EDA_TEST_BENCH_ENABLE_STATUS         ; TEST_BENCH_MODE                 ; --            ; --          ; eda_simulation ;
; EDA_TEST_BENCH_FILE                  ; vga_tb.v                        ; --            ; --          ; vga_tb         ;
; EDA_TEST_BENCH_MODULE_NAME           ; vga_tb                          ; --            ; --          ; vga_tb         ;
; EDA_TEST_BENCH_NAME                  ; vga_tb                          ; --            ; --          ; eda_simulation ;
; EDA_TIME_SCALE                       ; 1 ps                            ; --            ; --          ; eda_simulation ;
; IP_TOOL_NAME                         ; ROM: 1-PORT                     ; --            ; --          ; --             ;
; IP_TOOL_NAME                         ; ALTPLL                          ; --            ; --          ; --             ;
; IP_TOOL_NAME                         ; ROM: 1-PORT                     ; --            ; --          ; --             ;
; IP_TOOL_VERSION                      ; 13.0                            ; --            ; --          ; --             ;
; IP_TOOL_VERSION                      ; 13.0                            ; --            ; --          ; --             ;
; IP_TOOL_VERSION                      ; 13.0                            ; --            ; --          ; --             ;
; MAX_CORE_JUNCTION_TEMP               ; 85                              ; --            ; --          ; --             ;
; MIN_CORE_JUNCTION_TEMP               ; 0                               ; --            ; --          ; --             ;
; MISC_FILE                            ; rom_inst.v                      ; --            ; --          ; --             ;
; MISC_FILE                            ; rom_bb.v                        ; --            ; --          ; --             ;
; MISC_FILE                            ; pll_inst.v                      ; --            ; --          ; --             ;
; MISC_FILE                            ; pll.ppf                         ; --            ; --          ; --             ;
; MISC_FILE                            ; tt_rom_bb.v                     ; --            ; --          ; --             ;
; NOMINAL_CORE_SUPPLY_VOLTAGE          ; 1.2V                            ; --            ; --          ; --             ;
; PARTITION_COLOR                      ; 16764057                        ; --            ; vga         ; Top            ;
; PARTITION_FITTER_PRESERVATION_LEVEL  ; PLACEMENT_AND_ROUTING           ; --            ; vga         ; Top            ;
; PARTITION_NETLIST_TYPE               ; SOURCE                          ; --            ; vga         ; Top            ;
; PROJECT_OUTPUT_DIRECTORY             ; output_files                    ; --            ; --          ; --             ;
; TOP_LEVEL_ENTITY                     ; vga                             ; vga_lcy       ; --          ; --             ;
+--------------------------------------+---------------------------------+---------------+-------------+----------------+


+-----------------------------------------------------------------------------------------------------------------------------+
; Flow Elapsed Time                                                                                                           ;
+-------------------------+--------------+-------------------------+---------------------+------------------------------------+
; Module Name             ; Elapsed Time ; Average Processors Used ; Peak Virtual Memory ; Total CPU Time (on all processors) ;
+-------------------------+--------------+-------------------------+---------------------+------------------------------------+
; Analysis & Synthesis    ; 00:00:03     ; 1.0                     ; 253 MB              ; 00:00:02                           ;
; Fitter                  ; 00:00:10     ; 1.0                     ; 333 MB              ; 00:00:09                           ;
; Assembler               ; 00:00:07     ; 1.0                     ; 288 MB              ; 00:00:06                           ;
; Classic Timing Analyzer ; 00:00:01     ; 1.0                     ; 196 MB              ; 00:00:01                           ;
; EDA Netlist Writer      ; 00:00:01     ; 1.0                     ; 185 MB              ; 00:00:01                           ;
; Total                   ; 00:00:22     ; --                      ; --                  ; 00:00:19                           ;
+-------------------------+--------------+-------------------------+---------------------+------------------------------------+


+------------------------------------------------------------------------------------------+
; Flow OS Summary                                                                          ;
+-------------------------+------------------+---------------+------------+----------------+
; Module Name             ; Machine Hostname ; OS Name       ; OS Version ; Processor type ;
+-------------------------+------------------+---------------+------------+----------------+
; Analysis & Synthesis    ; PC201604         ; Windows Vista ; 6.2        ; x86_64         ;
; Fitter                  ; PC201604         ; Windows Vista ; 6.2        ; x86_64         ;
; Assembler               ; PC201604         ; Windows Vista ; 6.2        ; x86_64         ;
; Classic Timing Analyzer ; PC201604         ; Windows Vista ; 6.2        ; x86_64         ;
; EDA Netlist Writer      ; PC201604         ; Windows Vista ; 6.2        ; x86_64         ;
+-------------------------+------------------+---------------+------------+----------------+


------------
; Flow Log ;
------------
quartus_map --read_settings_files=on --write_settings_files=off vga_lcy -c vga_lcy
quartus_fit --read_settings_files=off --write_settings_files=off vga_lcy -c vga_lcy
quartus_asm --read_settings_files=off --write_settings_files=off vga_lcy -c vga_lcy
quartus_tan --read_settings_files=off --write_settings_files=off vga_lcy -c vga_lcy --timing_analysis_only
quartus_eda --read_settings_files=off --write_settings_files=off vga_lcy -c vga_lcy



