Analysis & Synthesis report for seg7
Sat Mar 25 22:11:18 2017
Quartus II Version 9.0 Build 132 02/25/2009 SJ Full Version


---------------------
; Table of Contents ;
---------------------
  1. Legal Notice
  2. Analysis & Synthesis Summary
  3. Analysis & Synthesis Settings
  4. Analysis & Synthesis Source Files Read
  5. Analysis & Synthesis Resource Usage Summary
  6. Analysis & Synthesis Resource Utilization by Entity
  7. State Machine - |top|LCD_TEST:u5|mLCD_ST
  8. State Machine - |top|LCD_TEST:u5|LCD_Controller:u0|ST
  9. Registers Removed During Synthesis
 10. General Register Statistics
 11. Inverted Register Statistics
 12. Multiplexer Restructuring Statistics (Restructuring Performed)
 13. Parameter Settings for User Entity Instance: clock_controller:clock_controller_inst
 14. Parameter Settings for User Entity Instance: LCD_TEST:u5
 15. Parameter Settings for User Entity Instance: LCD_TEST:u5|LCD_Controller:u0
 16. Parameter Settings for Inferred Entity Instance: b2bcd_99:b2bcd_99_inst4|lpm_divide:Div0
 17. Parameter Settings for Inferred Entity Instance: b2bcd_99:b2bcd_99_inst3|lpm_divide:Div0
 18. Parameter Settings for Inferred Entity Instance: b2bcd_99:b2bcd_99_inst2|lpm_divide:Div0
 19. Parameter Settings for Inferred Entity Instance: b2bcd_99:b2bcd_99_inst1|lpm_divide:Div0
 20. Analysis & Synthesis Messages



----------------
; Legal Notice ;
----------------
Copyright (C) 1991-2009 Altera Corporation
Your use of Altera Corporation's design tools, logic functions 
and other software and tools, and its AMPP partner logic 
functions, and any output files from any of the foregoing 
(including device programming or simulation files), and any 
associated documentation or information are expressly subject 
to the terms and conditions of the Altera Program License 
Subscription Agreement, Altera MegaCore Function License 
Agreement, or other applicable license agreement, including, 
without limitation, that your use is for the sole purpose of 
programming logic devices manufactured by Altera and sold by 
Altera or its authorized distributors.  Please refer to the 
applicable agreement for further details.



+-------------------------------------------------------------------------------+
; Analysis & Synthesis Summary                                                  ;
+------------------------------------+------------------------------------------+
; Analysis & Synthesis Status        ; Successful - Sat Mar 25 22:11:18 2017    ;
; Quartus II Version                 ; 9.0 Build 132 02/25/2009 SJ Full Version ;
; Revision Name                      ; seg7                                     ;
; Top-level Entity Name              ; top                                      ;
; Family                             ; Cyclone II                               ;
; Total logic elements               ; 735                                      ;
;     Total combinational functions  ; 734                                      ;
;     Dedicated logic registers      ; 141                                      ;
; Total registers                    ; 141                                      ;
; Total pins                         ; 71                                       ;
; Total virtual pins                 ; 0                                        ;
; Total memory bits                  ; 0                                        ;
; Embedded Multiplier 9-bit elements ; 0                                        ;
; Total PLLs                         ; 0                                        ;
+------------------------------------+------------------------------------------+


+----------------------------------------------------------------------------------------------------------+
; Analysis & Synthesis Settings                                                                            ;
+----------------------------------------------------------------+--------------------+--------------------+
; Option                                                         ; Setting            ; Default Value      ;
+----------------------------------------------------------------+--------------------+--------------------+
; Device                                                         ; EP2C35F672C6       ;                    ;
; Top-level entity name                                          ; top                ; seg7               ;
; Family name                                                    ; Cyclone II         ; Stratix II         ;
; Type of Retiming Performed During Resynthesis                  ; Full               ;                    ;
; Resynthesis Optimization Effort                                ; Normal             ;                    ;
; Physical Synthesis Level for Resynthesis                       ; Normal             ;                    ;
; Use Generated Physical Constraints File                        ; On                 ;                    ;
; Use smart compilation                                          ; Off                ; Off                ;
; Restructure Multiplexers                                       ; Auto               ; Auto               ;
; Create Debugging Nodes for IP Cores                            ; Off                ; Off                ;
; Preserve fewer node names                                      ; On                 ; On                 ;
; Disable OpenCore Plus hardware evaluation                      ; Off                ; Off                ;
; Verilog Version                                                ; Verilog_2001       ; Verilog_2001       ;
; VHDL Version                                                   ; VHDL93             ; VHDL93             ;
; State Machine Processing                                       ; Auto               ; Auto               ;
; Safe State Machine                                             ; Off                ; Off                ;
; Extract Verilog State Machines                                 ; On                 ; On                 ;
; Extract VHDL State Machines                                    ; On                 ; On                 ;
; Ignore Verilog initial constructs                              ; Off                ; Off                ;
; Iteration limit for constant Verilog loops                     ; 5000               ; 5000               ;
; Iteration limit for non-constant Verilog loops                 ; 250                ; 250                ;
; Add Pass-Through Logic to Inferred RAMs                        ; On                 ; On                 ;
; Parallel Synthesis                                             ; Off                ; Off                ;
; DSP Block Balancing                                            ; Auto               ; Auto               ;
; NOT Gate Push-Back                                             ; On                 ; On                 ;
; Power-Up Don't Care                                            ; On                 ; On                 ;
; Remove Redundant Logic Cells                                   ; Off                ; Off                ;
; Remove Duplicate Registers                                     ; On                 ; On                 ;
; Ignore CARRY Buffers                                           ; Off                ; Off                ;
; Ignore CASCADE Buffers                                         ; Off                ; Off                ;
; Ignore GLOBAL Buffers                                          ; Off                ; Off                ;
; Ignore ROW GLOBAL Buffers                                      ; Off                ; Off                ;
; Ignore LCELL Buffers                                           ; Off                ; Off                ;
; Ignore SOFT Buffers                                            ; On                 ; On                 ;
; Limit AHDL Integers to 32 Bits                                 ; Off                ; Off                ;
; Optimization Technique                                         ; Balanced           ; Balanced           ;
; Carry Chain Length                                             ; 70                 ; 70                 ;
; Auto Carry Chains                                              ; On                 ; On                 ;
; Auto Open-Drain Pins                                           ; On                 ; On                 ;
; Perform WYSIWYG Primitive Resynthesis                          ; Off                ; Off                ;
; Auto ROM Replacement                                           ; On                 ; On                 ;
; Auto RAM Replacement                                           ; On                 ; On                 ;
; Auto Shift Register Replacement                                ; Auto               ; Auto               ;
; Auto Clock Enable Replacement                                  ; On                 ; On                 ;
; Strict RAM Replacement                                         ; Off                ; Off                ;
; Allow Synchronous Control Signals                              ; On                 ; On                 ;
; Force Use of Synchronous Clear Signals                         ; Off                ; Off                ;
; Auto RAM to Logic Cell Conversion                              ; Off                ; Off                ;
; Auto Resource Sharing                                          ; Off                ; Off                ;
; Allow Any RAM Size For Recognition                             ; Off                ; Off                ;
; Allow Any ROM Size For Recognition                             ; Off                ; Off                ;
; Allow Any Shift Register Size For Recognition                  ; Off                ; Off                ;
; Use LogicLock Constraints during Resource Balancing            ; On                 ; On                 ;
; Ignore translate_off and synthesis_off directives              ; Off                ; Off                ;
; Timing-Driven Synthesis                                        ; Off                ; Off                ;
; Show Parameter Settings Tables in Synthesis Report             ; On                 ; On                 ;
; Ignore Maximum Fan-Out Assignments                             ; Off                ; Off                ;
; Synchronization Register Chain Length                          ; 2                  ; 2                  ;
; PowerPlay Power Optimization                                   ; Normal compilation ; Normal compilation ;
; HDL message level                                              ; Level2             ; Level2             ;
; Suppress Register Optimization Related Messages                ; Off                ; Off                ;
; Number of Removed Registers Reported in Synthesis Report       ; 100                ; 100                ;
; Number of Inverted Registers Reported in Synthesis Report      ; 100                ; 100                ;
; Clock MUX Protection                                           ; On                 ; On                 ;
; Auto Gated Clock Conversion                                    ; Off                ; Off                ;
; Block Design Naming                                            ; Auto               ; Auto               ;
; SDC constraint protection                                      ; Off                ; Off                ;
; Synthesis Effort                                               ; Auto               ; Auto               ;
; Allows Asynchronous Clear Usage For Shift Register Replacement ; On                 ; On                 ;
; Analysis & Synthesis Message Level                             ; Medium             ; Medium             ;
+----------------------------------------------------------------+--------------------+--------------------+


+------------------------------------------------------------------------------------------------------------------------------------------------------+
; Analysis & Synthesis Source Files Read                                                                                                               ;
+----------------------------------+-----------------+------------------------------+------------------------------------------------------------------+
; File Name with User-Entered Path ; Used in Netlist ; File Type                    ; File Name with Absolute Path                                     ;
+----------------------------------+-----------------+------------------------------+------------------------------------------------------------------+
; b2bcd_99.v                       ; yes             ; User Verilog HDL File        ; D:/ZXOPEN2017/DE2/class/seg7_clock/b2bcd_99.v                    ;
; clock_controller.v               ; yes             ; User Verilog HDL File        ; D:/ZXOPEN2017/DE2/class/seg7_clock/clock_controller.v            ;
; seg7.v                           ; yes             ; User Verilog HDL File        ; D:/ZXOPEN2017/DE2/class/seg7_clock/seg7.v                        ;
; top.v                            ; yes             ; User Verilog HDL File        ; D:/ZXOPEN2017/DE2/class/seg7_clock/top.v                         ;
; LCD_Controller.v                 ; yes             ; User Verilog HDL File        ; D:/ZXOPEN2017/DE2/class/seg7_clock/LCD_Controller.v              ;
; LCD_TEST.v                       ; yes             ; User Verilog HDL File        ; D:/ZXOPEN2017/DE2/class/seg7_clock/LCD_TEST.v                    ;
; Reset_Delay.v                    ; yes             ; User Verilog HDL File        ; D:/ZXOPEN2017/DE2/class/seg7_clock/Reset_Delay.v                 ;
; lpm_divide.tdf                   ; yes             ; Megafunction                 ; d:/altera/90/quartus/libraries/megafunctions/lpm_divide.tdf      ;
; abs_divider.inc                  ; yes             ; Megafunction                 ; d:/altera/90/quartus/libraries/megafunctions/abs_divider.inc     ;
; sign_div_unsign.inc              ; yes             ; Megafunction                 ; d:/altera/90/quartus/libraries/megafunctions/sign_div_unsign.inc ;
; aglobal90.inc                    ; yes             ; Megafunction                 ; d:/altera/90/quartus/libraries/megafunctions/aglobal90.inc       ;
; db/lpm_divide_1dm.tdf            ; yes             ; Auto-Generated Megafunction  ; D:/ZXOPEN2017/DE2/class/seg7_clock/db/lpm_divide_1dm.tdf         ;
; db/sign_div_unsign_bkh.tdf       ; yes             ; Auto-Generated Megafunction  ; D:/ZXOPEN2017/DE2/class/seg7_clock/db/sign_div_unsign_bkh.tdf    ;
; db/alt_u_div_ove.tdf             ; yes             ; Auto-Generated Megafunction  ; D:/ZXOPEN2017/DE2/class/seg7_clock/db/alt_u_div_ove.tdf          ;
; db/add_sub_lkc.tdf               ; yes             ; Auto-Generated Megafunction  ; D:/ZXOPEN2017/DE2/class/seg7_clock/db/add_sub_lkc.tdf            ;
; db/add_sub_mkc.tdf               ; yes             ; Auto-Generated Megafunction  ; D:/ZXOPEN2017/DE2/class/seg7_clock/db/add_sub_mkc.tdf            ;
+----------------------------------+-----------------+------------------------------+------------------------------------------------------------------+


+-----------------------------------------------------+
; Analysis & Synthesis Resource Usage Summary         ;
+---------------------------------------------+-------+
; Resource                                    ; Usage ;
+---------------------------------------------+-------+
; Estimated Total logic elements              ; 735   ;
;                                             ;       ;
; Total combinational functions               ; 734   ;
; Logic element usage by number of LUT inputs ;       ;
;     -- 4 input functions                    ; 207   ;
;     -- 3 input functions                    ; 138   ;
;     -- <=2 input functions                  ; 389   ;
;                                             ;       ;
; Logic elements by mode                      ;       ;
;     -- normal mode                          ; 461   ;
;     -- arithmetic mode                      ; 273   ;
;                                             ;       ;
; Total registers                             ; 141   ;
;     -- Dedicated logic registers            ; 141   ;
;     -- I/O registers                        ; 0     ;
;                                             ;       ;
; I/O pins                                    ; 71    ;
; Maximum fan-out node                        ; rst_n ;
; Maximum fan-out                             ; 109   ;
; Total fan-out                               ; 2566  ;
; Average fan-out                             ; 2.71  ;
+---------------------------------------------+-------+


+-------------------------------------------------------------------------------------------------------------------------------------------------------------------------------------------------------------------------------------------------------------------------------------------------------+
; Analysis & Synthesis Resource Utilization by Entity                                                                                                                                                                                                                                                   ;
+---------------------------------------------+-------------------+--------------+-------------+--------------+---------+-----------+------+--------------+------------------------------------------------------------------------------------------------------------------------------+--------------+
; Compilation Hierarchy Node                  ; LC Combinationals ; LC Registers ; Memory Bits ; DSP Elements ; DSP 9x9 ; DSP 18x18 ; Pins ; Virtual Pins ; Full Hierarchy Name                                                                                                          ; Library Name ;
+---------------------------------------------+-------------------+--------------+-------------+--------------+---------+-----------+------+--------------+------------------------------------------------------------------------------------------------------------------------------+--------------+
; |top                                        ; 734 (0)           ; 141 (0)      ; 0           ; 0            ; 0       ; 0         ; 71   ; 0            ; |top                                                                                                                         ; work         ;
;    |LCD_TEST:u5|                            ; 155 (136)         ; 67 (54)      ; 0           ; 0            ; 0       ; 0         ; 0    ; 0            ; |top|LCD_TEST:u5                                                                                                             ; work         ;
;       |LCD_Controller:u0|                   ; 19 (19)           ; 13 (13)      ; 0           ; 0            ; 0       ; 0         ; 0    ; 0            ; |top|LCD_TEST:u5|LCD_Controller:u0                                                                                           ; work         ;
;    |Reset_Delay:r0|                         ; 28 (28)           ; 21 (21)      ; 0           ; 0            ; 0       ; 0         ; 0    ; 0            ; |top|Reset_Delay:r0                                                                                                          ; work         ;
;    |b2bcd_99:b2bcd_99_inst1|                ; 69 (13)           ; 0 (0)        ; 0           ; 0            ; 0       ; 0         ; 0    ; 0            ; |top|b2bcd_99:b2bcd_99_inst1                                                                                                 ; work         ;
;       |lpm_divide:Div0|                     ; 56 (0)            ; 0 (0)        ; 0           ; 0            ; 0       ; 0         ; 0    ; 0            ; |top|b2bcd_99:b2bcd_99_inst1|lpm_divide:Div0                                                                                 ; work         ;
;          |lpm_divide_1dm:auto_generated|    ; 56 (0)            ; 0 (0)        ; 0           ; 0            ; 0       ; 0         ; 0    ; 0            ; |top|b2bcd_99:b2bcd_99_inst1|lpm_divide:Div0|lpm_divide_1dm:auto_generated                                                   ; work         ;
;             |sign_div_unsign_bkh:divider|   ; 56 (0)            ; 0 (0)        ; 0           ; 0            ; 0       ; 0         ; 0    ; 0            ; |top|b2bcd_99:b2bcd_99_inst1|lpm_divide:Div0|lpm_divide_1dm:auto_generated|sign_div_unsign_bkh:divider                       ; work         ;
;                |alt_u_div_ove:divider|      ; 56 (56)           ; 0 (0)        ; 0           ; 0            ; 0       ; 0         ; 0    ; 0            ; |top|b2bcd_99:b2bcd_99_inst1|lpm_divide:Div0|lpm_divide_1dm:auto_generated|sign_div_unsign_bkh:divider|alt_u_div_ove:divider ; work         ;
;    |b2bcd_99:b2bcd_99_inst2|                ; 69 (13)           ; 0 (0)        ; 0           ; 0            ; 0       ; 0         ; 0    ; 0            ; |top|b2bcd_99:b2bcd_99_inst2                                                                                                 ; work         ;
;       |lpm_divide:Div0|                     ; 56 (0)            ; 0 (0)        ; 0           ; 0            ; 0       ; 0         ; 0    ; 0            ; |top|b2bcd_99:b2bcd_99_inst2|lpm_divide:Div0                                                                                 ; work         ;
;          |lpm_divide_1dm:auto_generated|    ; 56 (0)            ; 0 (0)        ; 0           ; 0            ; 0       ; 0         ; 0    ; 0            ; |top|b2bcd_99:b2bcd_99_inst2|lpm_divide:Div0|lpm_divide_1dm:auto_generated                                                   ; work         ;
;             |sign_div_unsign_bkh:divider|   ; 56 (0)            ; 0 (0)        ; 0           ; 0            ; 0       ; 0         ; 0    ; 0            ; |top|b2bcd_99:b2bcd_99_inst2|lpm_divide:Div0|lpm_divide_1dm:auto_generated|sign_div_unsign_bkh:divider                       ; work         ;
;                |alt_u_div_ove:divider|      ; 56 (56)           ; 0 (0)        ; 0           ; 0            ; 0       ; 0         ; 0    ; 0            ; |top|b2bcd_99:b2bcd_99_inst2|lpm_divide:Div0|lpm_divide_1dm:auto_generated|sign_div_unsign_bkh:divider|alt_u_div_ove:divider ; work         ;
;    |b2bcd_99:b2bcd_99_inst3|                ; 69 (13)           ; 0 (0)        ; 0           ; 0            ; 0       ; 0         ; 0    ; 0            ; |top|b2bcd_99:b2bcd_99_inst3                                                                                                 ; work         ;
;       |lpm_divide:Div0|                     ; 56 (0)            ; 0 (0)        ; 0           ; 0            ; 0       ; 0         ; 0    ; 0            ; |top|b2bcd_99:b2bcd_99_inst3|lpm_divide:Div0                                                                                 ; work         ;
;          |lpm_divide_1dm:auto_generated|    ; 56 (0)            ; 0 (0)        ; 0           ; 0            ; 0       ; 0         ; 0    ; 0            ; |top|b2bcd_99:b2bcd_99_inst3|lpm_divide:Div0|lpm_divide_1dm:auto_generated                                                   ; work         ;
;             |sign_div_unsign_bkh:divider|   ; 56 (0)            ; 0 (0)        ; 0           ; 0            ; 0       ; 0         ; 0    ; 0            ; |top|b2bcd_99:b2bcd_99_inst3|lpm_divide:Div0|lpm_divide_1dm:auto_generated|sign_div_unsign_bkh:divider                       ; work         ;
;                |alt_u_div_ove:divider|      ; 56 (56)           ; 0 (0)        ; 0           ; 0            ; 0       ; 0         ; 0    ; 0            ; |top|b2bcd_99:b2bcd_99_inst3|lpm_divide:Div0|lpm_divide_1dm:auto_generated|sign_div_unsign_bkh:divider|alt_u_div_ove:divider ; work         ;
;    |b2bcd_99:b2bcd_99_inst4|                ; 69 (13)           ; 0 (0)        ; 0           ; 0            ; 0       ; 0         ; 0    ; 0            ; |top|b2bcd_99:b2bcd_99_inst4                                                                                                 ; work         ;
;       |lpm_divide:Div0|                     ; 56 (0)            ; 0 (0)        ; 0           ; 0            ; 0       ; 0         ; 0    ; 0            ; |top|b2bcd_99:b2bcd_99_inst4|lpm_divide:Div0                                                                                 ; work         ;
;          |lpm_divide_1dm:auto_generated|    ; 56 (0)            ; 0 (0)        ; 0           ; 0            ; 0       ; 0         ; 0    ; 0            ; |top|b2bcd_99:b2bcd_99_inst4|lpm_divide:Div0|lpm_divide_1dm:auto_generated                                                   ; work         ;
;             |sign_div_unsign_bkh:divider|   ; 56 (0)            ; 0 (0)        ; 0           ; 0            ; 0       ; 0         ; 0    ; 0            ; |top|b2bcd_99:b2bcd_99_inst4|lpm_divide:Div0|lpm_divide_1dm:auto_generated|sign_div_unsign_bkh:divider                       ; work         ;
;                |alt_u_div_ove:divider|      ; 56 (56)           ; 0 (0)        ; 0           ; 0            ; 0       ; 0         ; 0    ; 0            ; |top|b2bcd_99:b2bcd_99_inst4|lpm_divide:Div0|lpm_divide_1dm:auto_generated|sign_div_unsign_bkh:divider|alt_u_div_ove:divider ; work         ;
;    |clock_controller:clock_controller_inst| ; 163 (163)         ; 53 (53)      ; 0           ; 0            ; 0       ; 0         ; 0    ; 0            ; |top|clock_controller:clock_controller_inst                                                                                  ; work         ;
;    |seg7:seg7_inst0|                        ; 14 (14)           ; 0 (0)        ; 0           ; 0            ; 0       ; 0         ; 0    ; 0            ; |top|seg7:seg7_inst0                                                                                                         ; work         ;
;    |seg7:seg7_inst1|                        ; 14 (14)           ; 0 (0)        ; 0           ; 0            ; 0       ; 0         ; 0    ; 0            ; |top|seg7:seg7_inst1                                                                                                         ; work         ;
;    |seg7:seg7_inst2|                        ; 14 (14)           ; 0 (0)        ; 0           ; 0            ; 0       ; 0         ; 0    ; 0            ; |top|seg7:seg7_inst2                                                                                                         ; work         ;
;    |seg7:seg7_inst3|                        ; 14 (14)           ; 0 (0)        ; 0           ; 0            ; 0       ; 0         ; 0    ; 0            ; |top|seg7:seg7_inst3                                                                                                         ; work         ;
;    |seg7:seg7_inst4|                        ; 14 (14)           ; 0 (0)        ; 0           ; 0            ; 0       ; 0         ; 0    ; 0            ; |top|seg7:seg7_inst4                                                                                                         ; work         ;
;    |seg7:seg7_inst5|                        ; 14 (14)           ; 0 (0)        ; 0           ; 0            ; 0       ; 0         ; 0    ; 0            ; |top|seg7:seg7_inst5                                                                                                         ; work         ;
;    |seg7:seg7_inst6|                        ; 14 (14)           ; 0 (0)        ; 0           ; 0            ; 0       ; 0         ; 0    ; 0            ; |top|seg7:seg7_inst6                                                                                                         ; work         ;
;    |seg7:seg7_inst7|                        ; 14 (14)           ; 0 (0)        ; 0           ; 0            ; 0       ; 0         ; 0    ; 0            ; |top|seg7:seg7_inst7                                                                                                         ; work         ;
+---------------------------------------------+-------------------+--------------+-------------+--------------+---------+-----------+------+--------------+------------------------------------------------------------------------------------------------------------------------------+--------------+
Note: For table entries with two numbers listed, the numbers in parentheses indicate the number of resources of the given type used by the specific entity alone. The numbers listed outside of parentheses indicate the total resources of the given type used by the specific entity and all of its sub-entities in the hierarchy.


Encoding Type:  One-Hot
+------------------------------------------------------------------------------------+
; State Machine - |top|LCD_TEST:u5|mLCD_ST                                           ;
+----------------+----------------+----------------+----------------+----------------+
; Name           ; mLCD_ST.000011 ; mLCD_ST.000010 ; mLCD_ST.000001 ; mLCD_ST.000000 ;
+----------------+----------------+----------------+----------------+----------------+
; mLCD_ST.000000 ; 0              ; 0              ; 0              ; 0              ;
; mLCD_ST.000001 ; 0              ; 0              ; 1              ; 1              ;
; mLCD_ST.000010 ; 0              ; 1              ; 0              ; 1              ;
; mLCD_ST.000011 ; 1              ; 0              ; 0              ; 1              ;
+----------------+----------------+----------------+----------------+----------------+


Encoding Type:  One-Hot
+-------------------------------------------------------+
; State Machine - |top|LCD_TEST:u5|LCD_Controller:u0|ST ;
+-------+-------+-------+-------+-----------------------+
; Name  ; ST.11 ; ST.10 ; ST.01 ; ST.00                 ;
+-------+-------+-------+-------+-----------------------+
; ST.00 ; 0     ; 0     ; 0     ; 0                     ;
; ST.01 ; 0     ; 0     ; 1     ; 1                     ;
; ST.10 ; 0     ; 1     ; 0     ; 1                     ;
; ST.11 ; 1     ; 0     ; 0     ; 1                     ;
+-------+-------+-------+-------+-----------------------+


+------------------------------------------------------------+
; Registers Removed During Synthesis                         ;
+---------------------------------------+--------------------+
; Register name                         ; Reason for Removal ;
+---------------------------------------+--------------------+
; LCD_TEST:u5|mLCD_ST~31                ; Lost fanout        ;
; LCD_TEST:u5|mLCD_ST~32                ; Lost fanout        ;
; LCD_TEST:u5|mLCD_ST~33                ; Lost fanout        ;
; LCD_TEST:u5|mLCD_ST~34                ; Lost fanout        ;
; LCD_TEST:u5|mLCD_ST~35                ; Lost fanout        ;
; LCD_TEST:u5|mLCD_ST~36                ; Lost fanout        ;
; LCD_TEST:u5|LCD_Controller:u0|ST~29   ; Lost fanout        ;
; LCD_TEST:u5|LCD_Controller:u0|ST~30   ; Lost fanout        ;
; Total Number of Removed Registers = 8 ;                    ;
+---------------------------------------+--------------------+


+------------------------------------------------------+
; General Register Statistics                          ;
+----------------------------------------------+-------+
; Statistic                                    ; Value ;
+----------------------------------------------+-------+
; Total registers                              ; 141   ;
; Number of registers using Synchronous Clear  ; 48    ;
; Number of registers using Synchronous Load   ; 10    ;
; Number of registers using Asynchronous Clear ; 120   ;
; Number of registers using Asynchronous Load  ; 0     ;
; Number of registers using Clock Enable       ; 71    ;
; Number of registers using Preset             ; 0     ;
+----------------------------------------------+-------+


+-----------------------------------------------------------+
; Inverted Register Statistics                              ;
+-------------------------------------------------+---------+
; Inverted Register                               ; Fan out ;
+-------------------------------------------------+---------+
; clock_controller:clock_controller_inst|clk_10ms ; 33      ;
; Total number of inverted registers = 1          ;         ;
+-------------------------------------------------+---------+


+--------------------------------------------------------------------------------------------------------------------------------------------------------------------+
; Multiplexer Restructuring Statistics (Restructuring Performed)                                                                                                     ;
+--------------------+-----------+---------------+----------------------+------------------------+------------+------------------------------------------------------+
; Multiplexer Inputs ; Bus Width ; Baseline Area ; Area if Restructured ; Saving if Restructured ; Registered ; Example Multiplexer Output                           ;
+--------------------+-----------+---------------+----------------------+------------------------+------------+------------------------------------------------------+
; 3:1                ; 2 bits    ; 4 LEs         ; 2 LEs                ; 2 LEs                  ; Yes        ; |top|LCD_TEST:u5|LCD_Controller:u0|mStart            ;
; 5:1                ; 8 bits    ; 24 LEs        ; 8 LEs                ; 16 LEs                 ; Yes        ; |top|clock_controller:clock_controller_inst|data[7]  ;
; 5:1                ; 8 bits    ; 24 LEs        ; 16 LEs               ; 8 LEs                  ; Yes        ; |top|clock_controller:clock_controller_inst|data[8]  ;
; 5:1                ; 8 bits    ; 24 LEs        ; 16 LEs               ; 8 LEs                  ; Yes        ; |top|clock_controller:clock_controller_inst|data[18] ;
; 5:1                ; 8 bits    ; 24 LEs        ; 24 LEs               ; 0 LEs                  ; Yes        ; |top|clock_controller:clock_controller_inst|data[29] ;
; 64:1               ; 3 bits    ; 126 LEs       ; 72 LEs               ; 54 LEs                 ; Yes        ; |top|LCD_TEST:u5|mLCD_DATA[3]                        ;
; 7:1                ; 2 bits    ; 8 LEs         ; 6 LEs                ; 2 LEs                  ; No         ; |top|LCD_TEST:u5|mLCD_ST~10                          ;
+--------------------+-----------+---------------+----------------------+------------------------+------------+------------------------------------------------------+


+-------------------------------------------------------------------------------------+
; Parameter Settings for User Entity Instance: clock_controller:clock_controller_inst ;
+----------------+--------+-----------------------------------------------------------+
; Parameter Name ; Value  ; Type                                                      ;
+----------------+--------+-----------------------------------------------------------+
; T10ms          ; 250000 ; Signed Integer                                            ;
+----------------+--------+-----------------------------------------------------------+
Note: In order to hide this table in the UI and the text report file, please set the "Show Parameter Settings Tables in Synthesis Report" option in "Analysis and Synthesis Settings -> More Settings" to "Off".


+----------------------------------------------------------+
; Parameter Settings for User Entity Instance: LCD_TEST:u5 ;
+----------------+-------+---------------------------------+
; Parameter Name ; Value ; Type                            ;
+----------------+-------+---------------------------------+
; LCD_INTIAL     ; 0     ; Signed Integer                  ;
; LCD_LINE1      ; 5     ; Signed Integer                  ;
; LCD_CH_LINE    ; 21    ; Signed Integer                  ;
; LCD_LINE2      ; 22    ; Signed Integer                  ;
; LUT_SIZE       ; 38    ; Signed Integer                  ;
+----------------+-------+---------------------------------+
Note: In order to hide this table in the UI and the text report file, please set the "Show Parameter Settings Tables in Synthesis Report" option in "Analysis and Synthesis Settings -> More Settings" to "Off".


+----------------------------------------------------------------------------+
; Parameter Settings for User Entity Instance: LCD_TEST:u5|LCD_Controller:u0 ;
+----------------+-------+---------------------------------------------------+
; Parameter Name ; Value ; Type                                              ;
+----------------+-------+---------------------------------------------------+
; CLK_Divide     ; 16    ; Signed Integer                                    ;
+----------------+-------+---------------------------------------------------+
Note: In order to hide this table in the UI and the text report file, please set the "Show Parameter Settings Tables in Synthesis Report" option in "Analysis and Synthesis Settings -> More Settings" to "Off".


+------------------------------------------------------------------------------------------+
; Parameter Settings for Inferred Entity Instance: b2bcd_99:b2bcd_99_inst4|lpm_divide:Div0 ;
+------------------------+----------------+------------------------------------------------+
; Parameter Name         ; Value          ; Type                                           ;
+------------------------+----------------+------------------------------------------------+
; LPM_WIDTHN             ; 8              ; Untyped                                        ;
; LPM_WIDTHD             ; 4              ; Untyped                                        ;
; LPM_NREPRESENTATION    ; UNSIGNED       ; Untyped                                        ;
; LPM_DREPRESENTATION    ; UNSIGNED       ; Untyped                                        ;
; LPM_PIPELINE           ; 0              ; Untyped                                        ;
; LPM_REMAINDERPOSITIVE  ; TRUE           ; Untyped                                        ;
; MAXIMIZE_SPEED         ; 5              ; Untyped                                        ;
; CBXI_PARAMETER         ; lpm_divide_1dm ; Untyped                                        ;
; CARRY_CHAIN            ; MANUAL         ; Untyped                                        ;
; OPTIMIZE_FOR_SPEED     ; 5              ; Untyped                                        ;
; AUTO_CARRY_CHAINS      ; ON             ; AUTO_CARRY                                     ;
; IGNORE_CARRY_BUFFERS   ; OFF            ; IGNORE_CARRY                                   ;
; AUTO_CASCADE_CHAINS    ; ON             ; AUTO_CASCADE                                   ;
; IGNORE_CASCADE_BUFFERS ; OFF            ; IGNORE_CASCADE                                 ;
+------------------------+----------------+------------------------------------------------+
Note: In order to hide this table in the UI and the text report file, please set the "Show Parameter Settings Tables in Synthesis Report" option in "Analysis and Synthesis Settings -> More Settings" to "Off".


+------------------------------------------------------------------------------------------+
; Parameter Settings for Inferred Entity Instance: b2bcd_99:b2bcd_99_inst3|lpm_divide:Div0 ;
+------------------------+----------------+------------------------------------------------+
; Parameter Name         ; Value          ; Type                                           ;
+------------------------+----------------+------------------------------------------------+
; LPM_WIDTHN             ; 8              ; Untyped                                        ;
; LPM_WIDTHD             ; 4              ; Untyped                                        ;
; LPM_NREPRESENTATION    ; UNSIGNED       ; Untyped                                        ;
; LPM_DREPRESENTATION    ; UNSIGNED       ; Untyped                                        ;
; LPM_PIPELINE           ; 0              ; Untyped                                        ;
; LPM_REMAINDERPOSITIVE  ; TRUE           ; Untyped                                        ;
; MAXIMIZE_SPEED         ; 5              ; Untyped                                        ;
; CBXI_PARAMETER         ; lpm_divide_1dm ; Untyped                                        ;
; CARRY_CHAIN            ; MANUAL         ; Untyped                                        ;
; OPTIMIZE_FOR_SPEED     ; 5              ; Untyped                                        ;
; AUTO_CARRY_CHAINS      ; ON             ; AUTO_CARRY                                     ;
; IGNORE_CARRY_BUFFERS   ; OFF            ; IGNORE_CARRY                                   ;
; AUTO_CASCADE_CHAINS    ; ON             ; AUTO_CASCADE                                   ;
; IGNORE_CASCADE_BUFFERS ; OFF            ; IGNORE_CASCADE                                 ;
+------------------------+----------------+------------------------------------------------+
Note: In order to hide this table in the UI and the text report file, please set the "Show Parameter Settings Tables in Synthesis Report" option in "Analysis and Synthesis Settings -> More Settings" to "Off".


+------------------------------------------------------------------------------------------+
; Parameter Settings for Inferred Entity Instance: b2bcd_99:b2bcd_99_inst2|lpm_divide:Div0 ;
+------------------------+----------------+------------------------------------------------+
; Parameter Name         ; Value          ; Type                                           ;
+------------------------+----------------+------------------------------------------------+
; LPM_WIDTHN             ; 8              ; Untyped                                        ;
; LPM_WIDTHD             ; 4              ; Untyped                                        ;
; LPM_NREPRESENTATION    ; UNSIGNED       ; Untyped                                        ;
; LPM_DREPRESENTATION    ; UNSIGNED       ; Untyped                                        ;
; LPM_PIPELINE           ; 0              ; Untyped                                        ;
; LPM_REMAINDERPOSITIVE  ; TRUE           ; Untyped                                        ;
; MAXIMIZE_SPEED         ; 5              ; Untyped                                        ;
; CBXI_PARAMETER         ; lpm_divide_1dm ; Untyped                                        ;
; CARRY_CHAIN            ; MANUAL         ; Untyped                                        ;
; OPTIMIZE_FOR_SPEED     ; 5              ; Untyped                                        ;
; AUTO_CARRY_CHAINS      ; ON             ; AUTO_CARRY                                     ;
; IGNORE_CARRY_BUFFERS   ; OFF            ; IGNORE_CARRY                                   ;
; AUTO_CASCADE_CHAINS    ; ON             ; AUTO_CASCADE                                   ;
; IGNORE_CASCADE_BUFFERS ; OFF            ; IGNORE_CASCADE                                 ;
+------------------------+----------------+------------------------------------------------+
Note: In order to hide this table in the UI and the text report file, please set the "Show Parameter Settings Tables in Synthesis Report" option in "Analysis and Synthesis Settings -> More Settings" to "Off".


+------------------------------------------------------------------------------------------+
; Parameter Settings for Inferred Entity Instance: b2bcd_99:b2bcd_99_inst1|lpm_divide:Div0 ;
+------------------------+----------------+------------------------------------------------+
; Parameter Name         ; Value          ; Type                                           ;
+------------------------+----------------+------------------------------------------------+
; LPM_WIDTHN             ; 8              ; Untyped                                        ;
; LPM_WIDTHD             ; 4              ; Untyped                                        ;
; LPM_NREPRESENTATION    ; UNSIGNED       ; Untyped                                        ;
; LPM_DREPRESENTATION    ; UNSIGNED       ; Untyped                                        ;
; LPM_PIPELINE           ; 0              ; Untyped                                        ;
; LPM_REMAINDERPOSITIVE  ; TRUE           ; Untyped                                        ;
; MAXIMIZE_SPEED         ; 5              ; Untyped                                        ;
; CBXI_PARAMETER         ; lpm_divide_1dm ; Untyped                                        ;
; CARRY_CHAIN            ; MANUAL         ; Untyped                                        ;
; OPTIMIZE_FOR_SPEED     ; 5              ; Untyped                                        ;
; AUTO_CARRY_CHAINS      ; ON             ; AUTO_CARRY                                     ;
; IGNORE_CARRY_BUFFERS   ; OFF            ; IGNORE_CARRY                                   ;
; AUTO_CASCADE_CHAINS    ; ON             ; AUTO_CASCADE                                   ;
; IGNORE_CASCADE_BUFFERS ; OFF            ; IGNORE_CASCADE                                 ;
+------------------------+----------------+------------------------------------------------+
Note: In order to hide this table in the UI and the text report file, please set the "Show Parameter Settings Tables in Synthesis Report" option in "Analysis and Synthesis Settings -> More Settings" to "Off".


+-------------------------------+
; Analysis & Synthesis Messages ;
+-------------------------------+
Info: *******************************************************************
Info: Running Quartus II Analysis & Synthesis
    Info: Version 9.0 Build 132 02/25/2009 SJ Full Version
    Info: Processing started: Sat Mar 25 22:11:13 2017
Info: Command: quartus_map --read_settings_files=on --write_settings_files=off seg7 -c seg7
Info: Found 1 design units, including 1 entities, in source file b2bcd_99.v
    Info: Found entity 1: b2bcd_99
Info: Found 1 design units, including 1 entities, in source file clock_controller.v
    Info: Found entity 1: clock_controller
Info: Found 1 design units, including 1 entities, in source file seg7.v
    Info: Found entity 1: seg7
Info: Found 1 design units, including 1 entities, in source file seg7_tb.v
    Info: Found entity 1: seg7_tb
Info: Found 1 design units, including 1 entities, in source file top.v
    Info: Found entity 1: top
Info: Found 1 design units, including 1 entities, in source file LCD_Controller.v
    Info: Found entity 1: LCD_Controller
Info: Found 1 design units, including 1 entities, in source file LCD_TEST.v
    Info: Found entity 1: LCD_TEST
Info: Found 1 design units, including 1 entities, in source file Reset_Delay.v
    Info: Found entity 1: Reset_Delay
Warning (10236): Verilog HDL Implicit Net warning at top.v(37): created implicit net for "DLY_RST"
Info: Elaborating entity "top" for the top level hierarchy
Info: Elaborating entity "clock_controller" for hierarchy "clock_controller:clock_controller_inst"
Info: Elaborating entity "b2bcd_99" for hierarchy "b2bcd_99:b2bcd_99_inst1"
Info: Elaborating entity "seg7" for hierarchy "seg7:seg7_inst7"
Info: Elaborating entity "Reset_Delay" for hierarchy "Reset_Delay:r0"
Info: Elaborating entity "LCD_TEST" for hierarchy "LCD_TEST:u5"
Warning (10230): Verilog HDL assignment warning at LCD_TEST.v(58): truncated value with size 32 to match size of target (18)
Warning (10230): Verilog HDL assignment warning at LCD_TEST.v(66): truncated value with size 32 to match size of target (6)
Warning (10230): Verilog HDL assignment warning at LCD_TEST.v(73): truncated value with size 32 to match size of target (16)
Info: Elaborating entity "LCD_Controller" for hierarchy "LCD_TEST:u5|LCD_Controller:u0"
Warning (10230): Verilog HDL assignment warning at LCD_Controller.v(58): truncated value with size 32 to match size of target (5)
Info: Inferred 4 megafunctions from design logic
    Info: Inferred divider/modulo megafunction ("lpm_divide") from the following logic: "b2bcd_99:b2bcd_99_inst4|Div0"
    Info: Inferred divider/modulo megafunction ("lpm_divide") from the following logic: "b2bcd_99:b2bcd_99_inst3|Div0"
    Info: Inferred divider/modulo megafunction ("lpm_divide") from the following logic: "b2bcd_99:b2bcd_99_inst2|Div0"
    Info: Inferred divider/modulo megafunction ("lpm_divide") from the following logic: "b2bcd_99:b2bcd_99_inst1|Div0"
Info: Elaborated megafunction instantiation "b2bcd_99:b2bcd_99_inst4|lpm_divide:Div0"
Info: Instantiated megafunction "b2bcd_99:b2bcd_99_inst4|lpm_divide:Div0" with the following parameter:
    Info: Parameter "LPM_WIDTHN" = "8"
    Info: Parameter "LPM_WIDTHD" = "4"
    Info: Parameter "LPM_NREPRESENTATION" = "UNSIGNED"
    Info: Parameter "LPM_DREPRESENTATION" = "UNSIGNED"
Info: Found 1 design units, including 1 entities, in source file db/lpm_divide_1dm.tdf
    Info: Found entity 1: lpm_divide_1dm
Info: Found 1 design units, including 1 entities, in source file db/sign_div_unsign_bkh.tdf
    Info: Found entity 1: sign_div_unsign_bkh
Info: Found 1 design units, including 1 entities, in source file db/alt_u_div_ove.tdf
    Info: Found entity 1: alt_u_div_ove
Info: Found 1 design units, including 1 entities, in source file db/add_sub_lkc.tdf
    Info: Found entity 1: add_sub_lkc
Info: Found 1 design units, including 1 entities, in source file db/add_sub_mkc.tdf
    Info: Found entity 1: add_sub_mkc
Warning: The following nodes have both tri-state and non-tri-state drivers
    Warning: Inserted always-enabled tri-state buffer between "LCD_DATA[0]" and its non-tri-state driver.
    Warning: Inserted always-enabled tri-state buffer between "LCD_DATA[1]" and its non-tri-state driver.
    Warning: Inserted always-enabled tri-state buffer between "LCD_DATA[2]" and its non-tri-state driver.
    Warning: Inserted always-enabled tri-state buffer between "LCD_DATA[3]" and its non-tri-state driver.
    Warning: Inserted always-enabled tri-state buffer between "LCD_DATA[4]" and its non-tri-state driver.
    Warning: Inserted always-enabled tri-state buffer between "LCD_DATA[5]" and its non-tri-state driver.
    Warning: Inserted always-enabled tri-state buffer between "LCD_DATA[6]" and its non-tri-state driver.
    Warning: Inserted always-enabled tri-state buffer between "LCD_DATA[7]" and its non-tri-state driver.
Info: Registers with preset signals will power-up high
Info: DEV_CLRn pin will set, and not reset, register with preset signal due to NOT Gate Push-Back
Warning: TRI or OPNDRN buffers permanently enabled
    Warning: Node "LCD_DATA[0]~synth"
    Warning: Node "LCD_DATA[1]~synth"
    Warning: Node "LCD_DATA[2]~synth"
    Warning: Node "LCD_DATA[3]~synth"
    Warning: Node "LCD_DATA[4]~synth"
    Warning: Node "LCD_DATA[5]~synth"
    Warning: Node "LCD_DATA[6]~synth"
    Warning: Node "LCD_DATA[7]~synth"
Warning: Output pins are stuck at VCC or GND
    Warning (13410): Pin "LCD_ON" is stuck at VCC
    Warning (13410): Pin "LCD_BLON" is stuck at VCC
    Warning (13410): Pin "LCD_RW" is stuck at GND
Info: 8 registers lost all their fanouts during netlist optimizations. The first 8 are displayed below.
    Info: Register "LCD_TEST:u5|mLCD_ST~31" lost all its fanouts during netlist optimizations.
    Info: Register "LCD_TEST:u5|mLCD_ST~32" lost all its fanouts during netlist optimizations.
    Info: Register "LCD_TEST:u5|mLCD_ST~33" lost all its fanouts during netlist optimizations.
    Info: Register "LCD_TEST:u5|mLCD_ST~34" lost all its fanouts during netlist optimizations.
    Info: Register "LCD_TEST:u5|mLCD_ST~35" lost all its fanouts during netlist optimizations.
    Info: Register "LCD_TEST:u5|mLCD_ST~36" lost all its fanouts during netlist optimizations.
    Info: Register "LCD_TEST:u5|LCD_Controller:u0|ST~29" lost all its fanouts during netlist optimizations.
    Info: Register "LCD_TEST:u5|LCD_Controller:u0|ST~30" lost all its fanouts during netlist optimizations.
Info: Implemented 806 device resources after synthesis - the final resource count might be different
    Info: Implemented 2 input pins
    Info: Implemented 61 output pins
    Info: Implemented 8 bidirectional pins
    Info: Implemented 735 logic cells
Info: Quartus II Analysis & Synthesis was successful. 0 errors, 27 warnings
    Info: Peak virtual memory: 248 megabytes
    Info: Processing ended: Sat Mar 25 22:11:18 2017
    Info: Elapsed time: 00:00:05
    Info: Total CPU time (on all processors): 00:00:05


