Flow report for DE2_Clock
Fri May 24 16:33:29 2013
Quartus II Version 9.0 Build 132 02/25/2009 SJ Full Version


---------------------
; Table of Contents ;
---------------------
  1. Legal Notice
  2. Flow Summary
  3. Flow Settings
  4. Flow Non-Default Global Settings
  5. Flow Elapsed Time
  6. Flow OS Summary
  7. Flow Log



----------------
; Legal Notice ;
----------------
Copyright (C) 1991-2009 Altera Corporation
Your use of Altera Corporation's design tools, logic functions 
and other software and tools, and its AMPP partner logic 
functions, and any output files from any of the foregoing 
(including device programming or simulation files), and any 
associated documentation or information are expressly subject 
to the terms and conditions of the Altera Program License 
Subscription Agreement, Altera MegaCore Function License 
Agreement, or other applicable license agreement, including, 
without limitation, that your use is for the sole purpose of 
programming logic devices manufactured by Altera and sold by 
Altera or its authorized distributors.  Please refer to the 
applicable agreement for further details.



+-------------------------------------------------------------------------------+
; Flow Summary                                                                  ;
+------------------------------------+------------------------------------------+
; Flow Status                        ; Successful - Fri May 24 16:33:29 2013    ;
; Quartus II Version                 ; 9.0 Build 132 02/25/2009 SJ Full Version ;
; Revision Name                      ; DE2_Clock                                ;
; Top-level Entity Name              ; DE2_CLOCK                                ;
; Family                             ; Cyclone II                               ;
; Device                             ; EP2C35F672C6                             ;
; Timing Models                      ; Final                                    ;
; Met timing requirements            ; Yes                                      ;
; Total logic elements               ; 128 / 33,216 ( < 1 % )                   ;
;     Total combinational functions  ; 128 / 33,216 ( < 1 % )                   ;
;     Dedicated logic registers      ; 101 / 33,216 ( < 1 % )                   ;
; Total registers                    ; 101                                      ;
; Total pins                         ; 16 / 475 ( 3 % )                         ;
; Total virtual pins                 ; 0                                        ;
; Total memory bits                  ; 0 / 483,840 ( 0 % )                      ;
; Embedded Multiplier 9-bit elements ; 0 / 70 ( 0 % )                           ;
; Total PLLs                         ; 0 / 4 ( 0 % )                            ;
+------------------------------------+------------------------------------------+


+-----------------------------------------+
; Flow Settings                           ;
+-------------------+---------------------+
; Option            ; Setting             ;
+-------------------+---------------------+
; Start date & time ; 05/24/2013 16:33:02 ;
; Main task         ; Compilation         ;
; Revision Name     ; DE2_Clock           ;
+-------------------+---------------------+


+---------------------------------------------------------------------------------------------------------------------------------------------------------+
; Flow Non-Default Global Settings                                                                                                                        ;
+-------------------------------------+------------------------------------------------------------------------+---------------+-------------+------------+
; Assignment Name                     ; Value                                                                  ; Default Value ; Entity Name ; Section Id ;
+-------------------------------------+------------------------------------------------------------------------+---------------+-------------+------------+
; COMPILER_SIGNATURE_ID               ; 110162962041192.136938438202284                                        ; --            ; --          ; --         ;
; MISC_FILE                           ; D:/eda/DE2_lcd_clk/DE2_Clock.dpf                                       ; --            ; --          ; --         ;
; MISC_FILE                           ; D:/project/DE2_lcd_clk/DE2_Clock.dpf                                   ; --            ; --          ; --         ;
; MISC_FILE                           ; C:/Documents and Settings/Administrator/×ÀÃæ/DE2_lcd_clk/DE2_Clock.dpf ; --            ; --          ; --         ;
; PARTITION_COLOR                     ; 16764057                                                               ; --            ; DE2_CLOCK   ; Top        ;
; PARTITION_FITTER_PRESERVATION_LEVEL ; PLACEMENT_AND_ROUTING                                                  ; --            ; DE2_CLOCK   ; Top        ;
; PARTITION_NETLIST_TYPE              ; SOURCE                                                                 ; --            ; DE2_CLOCK   ; Top        ;
+-------------------------------------+------------------------------------------------------------------------+---------------+-------------+------------+


+-----------------------------------------------------------------------------------------------------------------------------+
; Flow Elapsed Time                                                                                                           ;
+-------------------------+--------------+-------------------------+---------------------+------------------------------------+
; Module Name             ; Elapsed Time ; Average Processors Used ; Peak Virtual Memory ; Total CPU Time (on all processors) ;
+-------------------------+--------------+-------------------------+---------------------+------------------------------------+
; Analysis & Synthesis    ; 00:00:07     ; 1.0                     ; 195 MB              ; 00:00:02                           ;
; Fitter                  ; 00:00:10     ; 1.0                     ; 237 MB              ; 00:00:06                           ;
; Assembler               ; 00:00:05     ; 1.0                     ; 138 MB              ; 00:00:01                           ;
; Classic Timing Analyzer ; 00:00:06     ; 1.0                     ; 126 MB              ; 00:00:01                           ;
; Total                   ; 00:00:28     ; --                      ; --                  ; 00:00:10                           ;
+-------------------------+--------------+-------------------------+---------------------+------------------------------------+


+---------------------------------------------------------------------------------------+
; Flow OS Summary                                                                       ;
+-------------------------+------------------+------------+------------+----------------+
; Module Name             ; Machine Hostname ; OS Name    ; OS Version ; Processor type ;
+-------------------------+------------------+------------+------------+----------------+
; Analysis & Synthesis    ; d21              ; Windows XP ; 5.1        ; i686           ;
; Fitter                  ; d21              ; Windows XP ; 5.1        ; i686           ;
; Assembler               ; d21              ; Windows XP ; 5.1        ; i686           ;
; Classic Timing Analyzer ; d21              ; Windows XP ; 5.1        ; i686           ;
+-------------------------+------------------+------------+------------+----------------+


------------
; Flow Log ;
------------
quartus_map --read_settings_files=on --write_settings_files=off DE2_Clock -c DE2_Clock
quartus_fit --read_settings_files=off --write_settings_files=off DE2_Clock -c DE2_Clock
quartus_asm --read_settings_files=off --write_settings_files=off DE2_Clock -c DE2_Clock
quartus_tan --read_settings_files=off --write_settings_files=off DE2_Clock -c DE2_Clock --timing_analysis_only



